<?xml version="1.0" encoding="UTF-8" ?>
<testsuite tests="11" failures="2" name="tpnote.AdministrateurTest" time="0.148" errors="5" skipped="0">
  <properties>
    <property name="java.runtime.name" value="Java(TM) SE Runtime Environment"/>
    <property name="sun.boot.library.path" value="C:\Program Files\Java\jdk1.8.0_51\jre\bin"/>
    <property name="java.vm.version" value="25.51-b03"/>
    <property name="java.vm.vendor" value="Oracle Corporation"/>
    <property name="maven.multiModuleProjectDirectory" value="D:\prog\JAVA\tpnote"/>
    <property name="java.vendor.url" value="http://java.oracle.com/"/>
    <property name="path.separator" value=";"/>
    <property name="guice.disable.misplaced.annotation.check" value="true"/>
    <property name="java.vm.name" value="Java HotSpot(TM) 64-Bit Server VM"/>
    <property name="file.encoding.pkg" value="sun.io"/>
    <property name="user.script" value=""/>
    <property name="user.country" value="FR"/>
    <property name="sun.java.launcher" value="SUN_STANDARD"/>
    <property name="sun.os.patch.level" value=""/>
    <property name="java.vm.specification.name" value="Java Virtual Machine Specification"/>
    <property name="user.dir" value="D:\prog\JAVA\tpnote"/>
    <property name="java.runtime.version" value="1.8.0_51-b16"/>
    <property name="java.awt.graphicsenv" value="sun.awt.Win32GraphicsEnvironment"/>
    <property name="java.endorsed.dirs" value="C:\Program Files\Java\jdk1.8.0_51\jre\lib\endorsed"/>
    <property name="os.arch" value="amd64"/>
    <property name="java.io.tmpdir" value="C:\Users\Victor\AppData\Local\Temp\"/>
    <property name="line.separator" value="
"/>
    <property name="java.vm.specification.vendor" value="Oracle Corporation"/>
    <property name="user.variant" value=""/>
    <property name="os.name" value="Windows 8.1"/>
    <property name="classworlds.conf" value="D:\prog\JAVA\.metadata\.plugins\org.eclipse.m2e.launching\launches\m2conf9137790792022378334.tmp"/>
    <property name="sun.jnu.encoding" value="Cp1252"/>
    <property name="java.library.path" value="C:\Program Files\Java\jdk1.8.0_51\bin;C:\WINDOWS\Sun\Java\bin;C:\WINDOWS\system32;C:\WINDOWS;C:/Program Files/Java/jre1.8.0_191/bin/server;C:/Program Files/Java/jre1.8.0_191/bin;C:/Program Files/Java/jre1.8.0_191/lib/amd64;C:\Program Files (x86)\Common Files\Oracle\Java\javapath;C:\Program Files (x86)\NVIDIA Corporation\PhysX\Common;C:\ProgramData\Oracle\Java\javapath;C:\WINDOWS\system32;C:\WINDOWS;C:\WINDOWS\System32\Wbem;C:\WINDOWS\System32\WindowsPowerShell\v1.0\;C:\Program Files (x86)\AMD\ATI.ACE\Core-Static;C:\Program Files (x86)\Bitvise SSH Client;C:\Program Files (x86)\Druide\Programmes64\;C:\Program Files (x86)\Druide\Programmes32\;C:\Program Files (x86)\ATI Technologies\ATI.ACE\Core-Static;C:\Program Files\Calibre2\;C:\Program Files (x86)\Skype\Phone\;C:\Program Files (x86)\Windows Kits\8.1\Windows Performance Toolkit\;C:\WINDOWS\System32\OpenSSH\;C:\Program Files\dotnet\;C:\Program Files\Microsoft SQL Server\130\Tools\Binn\;C:\Program Files\nodejs\;C:\Program Files\wkhtmltopdf\bin;C:\Users\Victor\AppData\Local\Microsoft\WindowsApps;;C:\Users\Victor\AppData\Local\Programs\Microsoft VS Code\bin;C:\Users\Victor\AppData\Roaming\npm;C:\WINDOWS\System32;;."/>
    <property name="java.specification.name" value="Java Platform API Specification"/>
    <property name="java.class.version" value="52.0"/>
    <property name="sun.management.compiler" value="HotSpot 64-Bit Tiered Compilers"/>
    <property name="os.version" value="6.3"/>
    <property name="user.home" value="C:\Users\Victor"/>
    <property name="user.timezone" value="Europe/Paris"/>
    <property name="java.awt.printerjob" value="sun.awt.windows.WPrinterJob"/>
    <property name="java.specification.version" value="1.8"/>
    <property name="file.encoding" value="Cp1252"/>
    <property name="user.name" value="Victor"/>
    <property name="java.class.path" value="C:\Users\Victor\.p2\pool\plugins\org.eclipse.m2e.maven.runtime_1.9.1.20180912-1600\jars\plexus-classworlds-2.5.2.jar"/>
    <property name="java.vm.specification.version" value="1.8"/>
    <property name="sun.arch.data.model" value="64"/>
    <property name="java.home" value="C:\Program Files\Java\jdk1.8.0_51\jre"/>
    <property name="sun.java.command" value="org.codehaus.plexus.classworlds.launcher.Launcher -B test"/>
    <property name="java.specification.vendor" value="Oracle Corporation"/>
    <property name="user.language" value="fr"/>
    <property name="awt.toolkit" value="sun.awt.windows.WToolkit"/>
    <property name="java.vm.info" value="mixed mode"/>
    <property name="java.version" value="1.8.0_51"/>
    <property name="java.ext.dirs" value="C:\Program Files\Java\jdk1.8.0_51\jre\lib\ext;C:\WINDOWS\Sun\Java\lib\ext"/>
    <property name="sun.boot.class.path" value="C:\Program Files\Java\jdk1.8.0_51\jre\lib\resources.jar;C:\Program Files\Java\jdk1.8.0_51\jre\lib\rt.jar;C:\Program Files\Java\jdk1.8.0_51\jre\lib\sunrsasign.jar;C:\Program Files\Java\jdk1.8.0_51\jre\lib\jsse.jar;C:\Program Files\Java\jdk1.8.0_51\jre\lib\jce.jar;C:\Program Files\Java\jdk1.8.0_51\jre\lib\charsets.jar;C:\Program Files\Java\jdk1.8.0_51\jre\lib\jfr.jar;C:\Program Files\Java\jdk1.8.0_51\jre\classes"/>
    <property name="java.vendor" value="Oracle Corporation"/>
    <property name="maven.home" value="D:\prog\JAVA\tpnote\EMBEDDED"/>
    <property name="file.separator" value="\"/>
    <property name="java.vendor.url.bug" value="http://bugreport.sun.com/bugreport/"/>
    <property name="sun.cpu.endian" value="little"/>
    <property name="sun.io.unicode.encoding" value="UnicodeLittle"/>
    <property name="sun.desktop" value="windows"/>
    <property name="sun.cpu.isalist" value="amd64"/>
  </properties>
  <testcase classname="tpnote.AdministrateurTest" name="stockAgence" time="0.062">
    <error type="java.lang.StackOverflowError">java.lang.StackOverflowError
	at tpnote.Administrateur.stockAgence(Administrateur.java:31)
	at tpnote.Administrateur.stockAgence(Administrateur.java:31)
	at tpnote.Administrateur.stockAgence(Administrateur.java:31)
	at tpnote.Administrateur.stockAgence(Administrateur.java:31)
	at tpnote.Administrateur.stockAgence(Administrateur.java:31)
	at tpnote.Administrateur.stockAgence(Administrateur.java:31)
	at tpnote.Administrateur.stockAgence(Administrateur.java:31)
	at tpnote.Administrateur.stockAgence(Administrateur.java:31)
	at tpnote.Administrateur.stockAgence(Administrateur.java:31)
	at tpnote.Administrateur.stockAgence(Administrateur.java:31)
	at tpnote.Administrateur.stockAgence(Administrateur.java:31)
	at tpnote.Administrateur.stockAgence(Administrateur.java:31)
	at tpnote.Administrateur.stockAgence(Administrateur.java:31)
	at tpnote.Administrateur.stockAgence(Administrateur.java:31)
	at tpnote.Administrateur.stockAgence(Administrateur.java:31)
	at tpnote.Administrateur.stockAgence(Administrateur.java:31)
	at tpnote.Administrateur.stockAgence(Administrateur.java:31)
	at tpnote.Administrateur.stockAgence(Administrateur.java:31)
	at tpnote.Administrateur.stockAgence(Administrateur.java:31)
	at tpnote.Administrateur.stockAgence(Administrateur.java:31)
	at tpnote.Administrateur.stockAgence(Administrateur.java:31)
	at tpnote.Administrateur.stockAgence(Administrateur.java:31)
	at tpnote.Administrateur.stockAgence(Administrateur.java:31)
	at tpnote.Administrateur.stockAgence(Administrateur.java:31)
	at tpnote.Administrateur.stockAgence(Administrateur.java:31)
	at tpnote.Administrateur.stockAgence(Administrateur.java:31)
	at tpnote.Administrateur.stockAgence(Administrateur.java:31)
	at tpnote.Administrateur.stockAgence(Administrateur.java:31)
	at tpnote.Administrateur.stockAgence(Administrateur.java:31)
	at tpnote.Administrateur.stockAgence(Administrateur.java:31)
	at tpnote.Administrateur.stockAgence(Administrateur.java:31)
	at tpnote.Administrateur.stockAgence(Administrateur.java:31)
	at tpnote.Administrateur.stockAgence(Administrateur.java:31)
	at tpnote.Administrateur.stockAgence(Administrateur.java:31)
	at tpnote.Administrateur.stockAgence(Administrateur.java:31)
	at tpnote.Administrateur.stockAgence(Administrateur.java:31)
	at tpnote.Administrateur.stockAgence(Administrateur.java:31)
	at tpnote.Administrateur.stockAgence(Administrateur.java:31)
	at tpnote.Administrateur.stockAgence(Administrateur.java:31)
	at tpnote.Administrateur.stockAgence(Administrateur.java:31)
	at tpnote.Administrateur.stockAgence(Administrateur.java:31)
	at tpnote.Administrateur.stockAgence(Administrateur.java:31)
	at tpnote.Administrateur.stockAgence(Administrateur.java:31)
	at tpnote.Administrateur.stockAgence(Administrateur.java:31)
	at tpnote.Administrateur.stockAgence(Administrateur.java:31)
	at tpnote.Administrateur.stockAgence(Administrateur.java:31)
	at tpnote.Administrateur.stockAgence(Administrateur.java:31)
	at tpnote.Administrateur.stockAgence(Administrateur.java:31)
	at tpnote.Administrateur.stockAgence(Administrateur.java:31)
	at tpnote.Administrateur.stockAgence(Administrateur.java:31)
	at tpnote.Administrateur.stockAgence(Administrateur.java:31)
	at tpnote.Administrateur.stockAgence(Administrateur.java:31)
	at tpnote.Administrateur.stockAgence(Administrateur.java:31)
	at tpnote.Administrateur.stockAgence(Administrateur.java:31)
	at tpnote.Administrateur.stockAgence(Administrateur.java:31)
	at tpnote.Administrateur.stockAgence(Administrateur.java:31)
	at tpnote.Administrateur.stockAgence(Administrateur.java:31)
	at tpnote.Administrateur.stockAgence(Administrateur.java:31)
	at tpnote.Administrateur.stockAgence(Administrateur.java:31)
	at tpnote.Administrateur.stockAgence(Administrateur.java:31)
	at tpnote.Administrateur.stockAgence(Administrateur.java:31)
	at tpnote.Administrateur.stockAgence(Administrateur.java:31)
	at tpnote.Administrateur.stockAgence(Administrateur.java:31)
	at tpnote.Administrateur.stockAgence(Administrateur.java:31)
	at tpnote.Administrateur.stockAgence(Administrateur.java:31)
	at tpnote.Administrateur.stockAgence(Administrateur.java:31)
	at tpnote.Administrateur.stockAgence(Administrateur.java:31)
	at tpnote.Administrateur.stockAgence(Administrateur.java:31)
	at tpnote.Administrateur.stockAgence(Administrateur.java:31)
	at tpnote.Administrateur.stockAgence(Administrateur.java:31)
	at tpnote.Administrateur.stockAgence(Administrateur.java:31)
	at tpnote.Administrateur.stockAgence(Administrateur.java:31)
	at tpnote.Administrateur.stockAgence(Administrateur.java:31)
	at tpnote.Administrateur.stockAgence(Administrateur.java:31)
	at tpnote.Administrateur.stockAgence(Administrateur.java:31)
	at tpnote.Administrateur.stockAgence(Administrateur.java:31)
	at tpnote.Administrateur.stockAgence(Administrateur.java:31)
	at tpnote.Administrateur.stockAgence(Administrateur.java:31)
	at tpnote.Administrateur.stockAgence(Administrateur.java:31)
	at tpnote.Administrateur.stockAgence(Administrateur.java:31)
	at tpnote.Administrateur.stockAgence(Administrateur.java:31)
	at tpnote.Administrateur.stockAgence(Administrateur.java:31)
	at tpnote.Administrateur.stockAgence(Administrateur.java:31)
	at tpnote.Administrateur.stockAgence(Administrateur.java:31)
	at tpnote.Administrateur.stockAgence(Administrateur.java:31)
	at tpnote.Administrateur.stockAgence(Administrateur.java:31)
	at tpnote.Administrateur.stockAgence(Administrateur.java:31)
	at tpnote.Administrateur.stockAgence(Administrateur.java:31)
	at tpnote.Administrateur.stockAgence(Administrateur.java:31)
	at tpnote.Administrateur.stockAgence(Administrateur.java:31)
	at tpnote.Administrateur.stockAgence(Administrateur.java:31)
	at tpnote.Administrateur.stockAgence(Administrateur.java:31)
	at tpnote.Administrateur.stockAgence(Administrateur.java:31)
	at tpnote.Administrateur.stockAgence(Administrateur.java:31)
	at tpnote.Administrateur.stockAgence(Administrateur.java:31)
	at tpnote.Administrateur.stockAgence(Administrateur.java:31)
	at tpnote.Administrateur.stockAgence(Administrateur.java:31)
	at tpnote.Administrateur.stockAgence(Administrateur.java:31)
	at tpnote.Administrateur.stockAgence(Administrateur.java:31)
	at tpnote.Administrateur.stockAgence(Administrateur.java:31)
	at tpnote.Administrateur.stockAgence(Administrateur.java:31)
	at tpnote.Administrateur.stockAgence(Administrateur.java:31)
	at tpnote.Administrateur.stockAgence(Administrateur.java:31)
	at tpnote.Administrateur.stockAgence(Administrateur.java:31)
	at tpnote.Administrateur.stockAgence(Administrateur.java:31)
	at tpnote.Administrateur.stockAgence(Administrateur.java:31)
	at tpnote.Administrateur.stockAgence(Administrateur.java:31)
	at tpnote.Administrateur.stockAgence(Administrateur.java:31)
	at tpnote.Administrateur.stockAgence(Administrateur.java:31)
	at tpnote.Administrateur.stockAgence(Administrateur.java:31)
	at tpnote.Administrateur.stockAgence(Administrateur.java:31)
	at tpnote.Administrateur.stockAgence(Administrateur.java:31)
	at tpnote.Administrateur.stockAgence(Administrateur.java:31)
	at tpnote.Administrateur.stockAgence(Administrateur.java:31)
	at tpnote.Administrateur.stockAgence(Administrateur.java:31)
	at tpnote.Administrateur.stockAgence(Administrateur.java:31)
	at tpnote.Administrateur.stockAgence(Administrateur.java:31)
	at tpnote.Administrateur.stockAgence(Administrateur.java:31)
	at tpnote.Administrateur.stockAgence(Administrateur.java:31)
	at tpnote.Administrateur.stockAgence(Administrateur.java:31)
	at tpnote.Administrateur.stockAgence(Administrateur.java:31)
	at tpnote.Administrateur.stockAgence(Administrateur.java:31)
	at tpnote.Administrateur.stockAgence(Administrateur.java:31)
	at tpnote.Administrateur.stockAgence(Administrateur.java:31)
	at tpnote.Administrateur.stockAgence(Administrateur.java:31)
	at tpnote.Administrateur.stockAgence(Administrateur.java:31)
	at tpnote.Administrateur.stockAgence(Administrateur.java:31)
	at tpnote.Administrateur.stockAgence(Administrateur.java:31)
	at tpnote.Administrateur.stockAgence(Administrateur.java:31)
	at tpnote.Administrateur.stockAgence(Administrateur.java:31)
	at tpnote.Administrateur.stockAgence(Administrateur.java:31)
	at tpnote.Administrateur.stockAgence(Administrateur.java:31)
	at tpnote.Administrateur.stockAgence(Administrateur.java:31)
	at tpnote.Administrateur.stockAgence(Administrateur.java:31)
	at tpnote.Administrateur.stockAgence(Administrateur.java:31)
	at tpnote.Administrateur.stockAgence(Administrateur.java:31)
	at tpnote.Administrateur.stockAgence(Administrateur.java:31)
	at tpnote.Administrateur.stockAgence(Administrateur.java:31)
	at tpnote.Administrateur.stockAgence(Administrateur.java:31)
	at tpnote.Administrateur.stockAgence(Administrateur.java:31)
	at tpnote.Administrateur.stockAgence(Administrateur.java:31)
	at tpnote.Administrateur.stockAgence(Administrateur.java:31)
	at tpnote.Administrateur.stockAgence(Administrateur.java:31)
	at tpnote.Administrateur.stockAgence(Administrateur.java:31)
	at tpnote.Administrateur.stockAgence(Administrateur.java:31)
	at tpnote.Administrateur.stockAgence(Administrateur.java:31)
	at tpnote.Administrateur.stockAgence(Administrateur.java:31)
	at tpnote.Administrateur.stockAgence(Administrateur.java:31)
	at tpnote.Administrateur.stockAgence(Administrateur.java:31)
	at tpnote.Administrateur.stockAgence(Administrateur.java:31)
	at tpnote.Administrateur.stockAgence(Administrateur.java:31)
	at tpnote.Administrateur.stockAgence(Administrateur.java:31)
	at tpnote.Administrateur.stockAgence(Administrateur.java:31)
	at tpnote.Administrateur.stockAgence(Administrateur.java:31)
	at tpnote.Administrateur.stockAgence(Administrateur.java:31)
	at tpnote.Administrateur.stockAgence(Administrateur.java:31)
	at tpnote.Administrateur.stockAgence(Administrateur.java:31)
	at tpnote.Administrateur.stockAgence(Administrateur.java:31)
	at tpnote.Administrateur.stockAgence(Administrateur.java:31)
	at tpnote.Administrateur.stockAgence(Administrateur.java:31)
	at tpnote.Administrateur.stockAgence(Administrateur.java:31)
	at tpnote.Administrateur.stockAgence(Administrateur.java:31)
	at tpnote.Administrateur.stockAgence(Administrateur.java:31)
	at tpnote.Administrateur.stockAgence(Administrateur.java:31)
	at tpnote.Administrateur.stockAgence(Administrateur.java:31)
	at tpnote.Administrateur.stockAgence(Administrateur.java:31)
	at tpnote.Administrateur.stockAgence(Administrateur.java:31)
	at tpnote.Administrateur.stockAgence(Administrateur.java:31)
	at tpnote.Administrateur.stockAgence(Administrateur.java:31)
	at tpnote.Administrateur.stockAgence(Administrateur.java:31)
	at tpnote.Administrateur.stockAgence(Administrateur.java:31)
	at tpnote.Administrateur.stockAgence(Administrateur.java:31)
	at tpnote.Administrateur.stockAgence(Administrateur.java:31)
	at tpnote.Administrateur.stockAgence(Administrateur.java:31)
	at tpnote.Administrateur.stockAgence(Administrateur.java:31)
	at tpnote.Administrateur.stockAgence(Administrateur.java:31)
	at tpnote.Administrateur.stockAgence(Administrateur.java:31)
	at tpnote.Administrateur.stockAgence(Administrateur.java:31)
	at tpnote.Administrateur.stockAgence(Administrateur.java:31)
	at tpnote.Administrateur.stockAgence(Administrateur.java:31)
	at tpnote.Administrateur.stockAgence(Administrateur.java:31)
	at tpnote.Administrateur.stockAgence(Administrateur.java:31)
	at tpnote.Administrateur.stockAgence(Administrateur.java:31)
	at tpnote.Administrateur.stockAgence(Administrateur.java:31)
	at tpnote.Administrateur.stockAgence(Administrateur.java:31)
	at tpnote.Administrateur.stockAgence(Administrateur.java:31)
	at tpnote.Administrateur.stockAgence(Administrateur.java:31)
	at tpnote.Administrateur.stockAgence(Administrateur.java:31)
	at tpnote.Administrateur.stockAgence(Administrateur.java:31)
	at tpnote.Administrateur.stockAgence(Administrateur.java:31)
	at tpnote.Administrateur.stockAgence(Administrateur.java:31)
	at tpnote.Administrateur.stockAgence(Administrateur.java:31)
	at tpnote.Administrateur.stockAgence(Administrateur.java:31)
	at tpnote.Administrateur.stockAgence(Administrateur.java:31)
	at tpnote.Administrateur.stockAgence(Administrateur.java:31)
	at tpnote.Administrateur.stockAgence(Administrateur.java:31)
	at tpnote.Administrateur.stockAgence(Administrateur.java:31)
	at tpnote.Administrateur.stockAgence(Administrateur.java:31)
	at tpnote.Administrateur.stockAgence(Administrateur.java:31)
	at tpnote.Administrateur.stockAgence(Administrateur.java:31)
	at tpnote.Administrateur.stockAgence(Administrateur.java:31)
	at tpnote.Administrateur.stockAgence(Administrateur.java:31)
	at tpnote.Administrateur.stockAgence(Administrateur.java:31)
	at tpnote.Administrateur.stockAgence(Administrateur.java:31)
	at tpnote.Administrateur.stockAgence(Administrateur.java:31)
	at tpnote.Administrateur.stockAgence(Administrateur.java:31)
	at tpnote.Administrateur.stockAgence(Administrateur.java:31)
	at tpnote.Administrateur.stockAgence(Administrateur.java:31)
	at tpnote.Administrateur.stockAgence(Administrateur.java:31)
	at tpnote.Administrateur.stockAgence(Administrateur.java:31)
	at tpnote.Administrateur.stockAgence(Administrateur.java:31)
	at tpnote.Administrateur.stockAgence(Administrateur.java:31)
	at tpnote.Administrateur.stockAgence(Administrateur.java:31)
	at tpnote.Administrateur.stockAgence(Administrateur.java:31)
	at tpnote.Administrateur.stockAgence(Administrateur.java:31)
	at tpnote.Administrateur.stockAgence(Administrateur.java:31)
	at tpnote.Administrateur.stockAgence(Administrateur.java:31)
	at tpnote.Administrateur.stockAgence(Administrateur.java:31)
	at tpnote.Administrateur.stockAgence(Administrateur.java:31)
	at tpnote.Administrateur.stockAgence(Administrateur.java:31)
	at tpnote.Administrateur.stockAgence(Administrateur.java:31)
	at tpnote.Administrateur.stockAgence(Administrateur.java:31)
	at tpnote.Administrateur.stockAgence(Administrateur.java:31)
	at tpnote.Administrateur.stockAgence(Administrateur.java:31)
	at tpnote.Administrateur.stockAgence(Administrateur.java:31)
	at tpnote.Administrateur.stockAgence(Administrateur.java:31)
	at tpnote.Administrateur.stockAgence(Administrateur.java:31)
	at tpnote.Administrateur.stockAgence(Administrateur.java:31)
	at tpnote.Administrateur.stockAgence(Administrateur.java:31)
	at tpnote.Administrateur.stockAgence(Administrateur.java:31)
	at tpnote.Administrateur.stockAgence(Administrateur.java:31)
	at tpnote.Administrateur.stockAgence(Administrateur.java:31)
	at tpnote.Administrateur.stockAgence(Administrateur.java:31)
	at tpnote.Administrateur.stockAgence(Administrateur.java:31)
	at tpnote.Administrateur.stockAgence(Administrateur.java:31)
	at tpnote.Administrateur.stockAgence(Administrateur.java:31)
	at tpnote.Administrateur.stockAgence(Administrateur.java:31)
	at tpnote.Administrateur.stockAgence(Administrateur.java:31)
	at tpnote.Administrateur.stockAgence(Administrateur.java:31)
	at tpnote.Administrateur.stockAgence(Administrateur.java:31)
	at tpnote.Administrateur.stockAgence(Administrateur.java:31)
	at tpnote.Administrateur.stockAgence(Administrateur.java:31)
	at tpnote.Administrateur.stockAgence(Administrateur.java:31)
	at tpnote.Administrateur.stockAgence(Administrateur.java:31)
	at tpnote.Administrateur.stockAgence(Administrateur.java:31)
	at tpnote.Administrateur.stockAgence(Administrateur.java:31)
	at tpnote.Administrateur.stockAgence(Administrateur.java:31)
	at tpnote.Administrateur.stockAgence(Administrateur.java:31)
	at tpnote.Administrateur.stockAgence(Administrateur.java:31)
	at tpnote.Administrateur.stockAgence(Administrateur.java:31)
	at tpnote.Administrateur.stockAgence(Administrateur.java:31)
	at tpnote.Administrateur.stockAgence(Administrateur.java:31)
	at tpnote.Administrateur.stockAgence(Administrateur.java:31)
	at tpnote.Administrateur.stockAgence(Administrateur.java:31)
	at tpnote.Administrateur.stockAgence(Administrateur.java:31)
	at tpnote.Administrateur.stockAgence(Administrateur.java:31)
	at tpnote.Administrateur.stockAgence(Administrateur.java:31)
	at tpnote.Administrateur.stockAgence(Administrateur.java:31)
	at tpnote.Administrateur.stockAgence(Administrateur.java:31)
	at tpnote.Administrateur.stockAgence(Administrateur.java:31)
	at tpnote.Administrateur.stockAgence(Administrateur.java:31)
	at tpnote.Administrateur.stockAgence(Administrateur.java:31)
	at tpnote.Administrateur.stockAgence(Administrateur.java:31)
	at tpnote.Administrateur.stockAgence(Administrateur.java:31)
	at tpnote.Administrateur.stockAgence(Administrateur.java:31)
	at tpnote.Administrateur.stockAgence(Administrateur.java:31)
	at tpnote.Administrateur.stockAgence(Administrateur.java:31)
	at tpnote.Administrateur.stockAgence(Administrateur.java:31)
	at tpnote.Administrateur.stockAgence(Administrateur.java:31)
	at tpnote.Administrateur.stockAgence(Administrateur.java:31)
	at tpnote.Administrateur.stockAgence(Administrateur.java:31)
	at tpnote.Administrateur.stockAgence(Administrateur.java:31)
	at tpnote.Administrateur.stockAgence(Administrateur.java:31)
	at tpnote.Administrateur.stockAgence(Administrateur.java:31)
	at tpnote.Administrateur.stockAgence(Administrateur.java:31)
	at tpnote.Administrateur.stockAgence(Administrateur.java:31)
	at tpnote.Administrateur.stockAgence(Administrateur.java:31)
	at tpnote.Administrateur.stockAgence(Administrateur.java:31)
	at tpnote.Administrateur.stockAgence(Administrateur.java:31)
	at tpnote.Administrateur.stockAgence(Administrateur.java:31)
	at tpnote.Administrateur.stockAgence(Administrateur.java:31)
	at tpnote.Administrateur.stockAgence(Administrateur.java:31)
	at tpnote.Administrateur.stockAgence(Administrateur.java:31)
	at tpnote.Administrateur.stockAgence(Administrateur.java:31)
	at tpnote.Administrateur.stockAgence(Administrateur.java:31)
	at tpnote.Administrateur.stockAgence(Administrateur.java:31)
	at tpnote.Administrateur.stockAgence(Administrateur.java:31)
	at tpnote.Administrateur.stockAgence(Administrateur.java:31)
	at tpnote.Administrateur.stockAgence(Administrateur.java:31)
	at tpnote.Administrateur.stockAgence(Administrateur.java:31)
	at tpnote.Administrateur.stockAgence(Administrateur.java:31)
	at tpnote.Administrateur.stockAgence(Administrateur.java:31)
	at tpnote.Administrateur.stockAgence(Administrateur.java:31)
	at tpnote.Administrateur.stockAgence(Administrateur.java:31)
	at tpnote.Administrateur.stockAgence(Administrateur.java:31)
	at tpnote.Administrateur.stockAgence(Administrateur.java:31)
	at tpnote.Administrateur.stockAgence(Administrateur.java:31)
	at tpnote.Administrateur.stockAgence(Administrateur.java:31)
	at tpnote.Administrateur.stockAgence(Administrateur.java:31)
	at tpnote.Administrateur.stockAgence(Administrateur.java:31)
	at tpnote.Administrateur.stockAgence(Administrateur.java:31)
	at tpnote.Administrateur.stockAgence(Administrateur.java:31)
	at tpnote.Administrateur.stockAgence(Administrateur.java:31)
	at tpnote.Administrateur.stockAgence(Administrateur.java:31)
	at tpnote.Administrateur.stockAgence(Administrateur.java:31)
	at tpnote.Administrateur.stockAgence(Administrateur.java:31)
	at tpnote.Administrateur.stockAgence(Administrateur.java:31)
	at tpnote.Administrateur.stockAgence(Administrateur.java:31)
	at tpnote.Administrateur.stockAgence(Administrateur.java:31)
	at tpnote.Administrateur.stockAgence(Administrateur.java:31)
	at tpnote.Administrateur.stockAgence(Administrateur.java:31)
	at tpnote.Administrateur.stockAgence(Administrateur.java:31)
	at tpnote.Administrateur.stockAgence(Administrateur.java:31)
	at tpnote.Administrateur.stockAgence(Administrateur.java:31)
	at tpnote.Administrateur.stockAgence(Administrateur.java:31)
	at tpnote.Administrateur.stockAgence(Administrateur.java:31)
	at tpnote.Administrateur.stockAgence(Administrateur.java:31)
	at tpnote.Administrateur.stockAgence(Administrateur.java:31)
	at tpnote.Administrateur.stockAgence(Administrateur.java:31)
	at tpnote.Administrateur.stockAgence(Administrateur.java:31)
	at tpnote.Administrateur.stockAgence(Administrateur.java:31)
	at tpnote.Administrateur.stockAgence(Administrateur.java:31)
	at tpnote.Administrateur.stockAgence(Administrateur.java:31)
	at tpnote.Administrateur.stockAgence(Administrateur.java:31)
	at tpnote.Administrateur.stockAgence(Administrateur.java:31)
	at tpnote.Administrateur.stockAgence(Administrateur.java:31)
	at tpnote.Administrateur.stockAgence(Administrateur.java:31)
	at tpnote.Administrateur.stockAgence(Administrateur.java:31)
	at tpnote.Administrateur.stockAgence(Administrateur.java:31)
	at tpnote.Administrateur.stockAgence(Administrateur.java:31)
	at tpnote.Administrateur.stockAgence(Administrateur.java:31)
	at tpnote.Administrateur.stockAgence(Administrateur.java:31)
	at tpnote.Administrateur.stockAgence(Administrateur.java:31)
	at tpnote.Administrateur.stockAgence(Administrateur.java:31)
	at tpnote.Administrateur.stockAgence(Administrateur.java:31)
	at tpnote.Administrateur.stockAgence(Administrateur.java:31)
	at tpnote.Administrateur.stockAgence(Administrateur.java:31)
	at tpnote.Administrateur.stockAgence(Administrateur.java:31)
	at tpnote.Administrateur.stockAgence(Administrateur.java:31)
	at tpnote.Administrateur.stockAgence(Administrateur.java:31)
	at tpnote.Administrateur.stockAgence(Administrateur.java:31)
	at tpnote.Administrateur.stockAgence(Administrateur.java:31)
	at tpnote.Administrateur.stockAgence(Administrateur.java:31)
	at tpnote.Administrateur.stockAgence(Administrateur.java:31)
	at tpnote.Administrateur.stockAgence(Administrateur.java:31)
	at tpnote.Administrateur.stockAgence(Administrateur.java:31)
	at tpnote.Administrateur.stockAgence(Administrateur.java:31)
	at tpnote.Administrateur.stockAgence(Administrateur.java:31)
	at tpnote.Administrateur.stockAgence(Administrateur.java:31)
	at tpnote.Administrateur.stockAgence(Administrateur.java:31)
	at tpnote.Administrateur.stockAgence(Administrateur.java:31)
	at tpnote.Administrateur.stockAgence(Administrateur.java:31)
	at tpnote.Administrateur.stockAgence(Administrateur.java:31)
	at tpnote.Administrateur.stockAgence(Administrateur.java:31)
	at tpnote.Administrateur.stockAgence(Administrateur.java:31)
	at tpnote.Administrateur.stockAgence(Administrateur.java:31)
	at tpnote.Administrateur.stockAgence(Administrateur.java:31)
	at tpnote.Administrateur.stockAgence(Administrateur.java:31)
	at tpnote.Administrateur.stockAgence(Administrateur.java:31)
	at tpnote.Administrateur.stockAgence(Administrateur.java:31)
	at tpnote.Administrateur.stockAgence(Administrateur.java:31)
	at tpnote.Administrateur.stockAgence(Administrateur.java:31)
	at tpnote.Administrateur.stockAgence(Administrateur.java:31)
	at tpnote.Administrateur.stockAgence(Administrateur.java:31)
	at tpnote.Administrateur.stockAgence(Administrateur.java:31)
	at tpnote.Administrateur.stockAgence(Administrateur.java:31)
	at tpnote.Administrateur.stockAgence(Administrateur.java:31)
	at tpnote.Administrateur.stockAgence(Administrateur.java:31)
	at tpnote.Administrateur.stockAgence(Administrateur.java:31)
	at tpnote.Administrateur.stockAgence(Administrateur.java:31)
	at tpnote.Administrateur.stockAgence(Administrateur.java:31)
	at tpnote.Administrateur.stockAgence(Administrateur.java:31)
	at tpnote.Administrateur.stockAgence(Administrateur.java:31)
	at tpnote.Administrateur.stockAgence(Administrateur.java:31)
	at tpnote.Administrateur.stockAgence(Administrateur.java:31)
	at tpnote.Administrateur.stockAgence(Administrateur.java:31)
	at tpnote.Administrateur.stockAgence(Administrateur.java:31)
	at tpnote.Administrateur.stockAgence(Administrateur.java:31)
	at tpnote.Administrateur.stockAgence(Administrateur.java:31)
	at tpnote.Administrateur.stockAgence(Administrateur.java:31)
	at tpnote.Administrateur.stockAgence(Administrateur.java:31)
	at tpnote.Administrateur.stockAgence(Administrateur.java:31)
	at tpnote.Administrateur.stockAgence(Administrateur.java:31)
	at tpnote.Administrateur.stockAgence(Administrateur.java:31)
	at tpnote.Administrateur.stockAgence(Administrateur.java:31)
	at tpnote.Administrateur.stockAgence(Administrateur.java:31)
	at tpnote.Administrateur.stockAgence(Administrateur.java:31)
	at tpnote.Administrateur.stockAgence(Administrateur.java:31)
	at tpnote.Administrateur.stockAgence(Administrateur.java:31)
	at tpnote.Administrateur.stockAgence(Administrateur.java:31)
	at tpnote.Administrateur.stockAgence(Administrateur.java:31)
	at tpnote.Administrateur.stockAgence(Administrateur.java:31)
	at tpnote.Administrateur.stockAgence(Administrateur.java:31)
	at tpnote.Administrateur.stockAgence(Administrateur.java:31)
	at tpnote.Administrateur.stockAgence(Administrateur.java:31)
	at tpnote.Administrateur.stockAgence(Administrateur.java:31)
	at tpnote.Administrateur.stockAgence(Administrateur.java:31)
	at tpnote.Administrateur.stockAgence(Administrateur.java:31)
	at tpnote.Administrateur.stockAgence(Administrateur.java:31)
	at tpnote.Administrateur.stockAgence(Administrateur.java:31)
	at tpnote.Administrateur.stockAgence(Administrateur.java:31)
	at tpnote.Administrateur.stockAgence(Administrateur.java:31)
	at tpnote.Administrateur.stockAgence(Administrateur.java:31)
	at tpnote.Administrateur.stockAgence(Administrateur.java:31)
	at tpnote.Administrateur.stockAgence(Administrateur.java:31)
	at tpnote.Administrateur.stockAgence(Administrateur.java:31)
	at tpnote.Administrateur.stockAgence(Administrateur.java:31)
	at tpnote.Administrateur.stockAgence(Administrateur.java:31)
	at tpnote.Administrateur.stockAgence(Administrateur.java:31)
	at tpnote.Administrateur.stockAgence(Administrateur.java:31)
	at tpnote.Administrateur.stockAgence(Administrateur.java:31)
	at tpnote.Administrateur.stockAgence(Administrateur.java:31)
	at tpnote.Administrateur.stockAgence(Administrateur.java:31)
	at tpnote.Administrateur.stockAgence(Administrateur.java:31)
	at tpnote.Administrateur.stockAgence(Administrateur.java:31)
	at tpnote.Administrateur.stockAgence(Administrateur.java:31)
	at tpnote.Administrateur.stockAgence(Administrateur.java:31)
	at tpnote.Administrateur.stockAgence(Administrateur.java:31)
	at tpnote.Administrateur.stockAgence(Administrateur.java:31)
	at tpnote.Administrateur.stockAgence(Administrateur.java:31)
	at tpnote.Administrateur.stockAgence(Administrateur.java:31)
	at tpnote.Administrateur.stockAgence(Administrateur.java:31)
	at tpnote.Administrateur.stockAgence(Administrateur.java:31)
	at tpnote.Administrateur.stockAgence(Administrateur.java:31)
	at tpnote.Administrateur.stockAgence(Administrateur.java:31)
	at tpnote.Administrateur.stockAgence(Administrateur.java:31)
	at tpnote.Administrateur.stockAgence(Administrateur.java:31)
	at tpnote.Administrateur.stockAgence(Administrateur.java:31)
	at tpnote.Administrateur.stockAgence(Administrateur.java:31)
	at tpnote.Administrateur.stockAgence(Administrateur.java:31)
	at tpnote.Administrateur.stockAgence(Administrateur.java:31)
	at tpnote.Administrateur.stockAgence(Administrateur.java:31)
	at tpnote.Administrateur.stockAgence(Administrateur.java:31)
	at tpnote.Administrateur.stockAgence(Administrateur.java:31)
	at tpnote.Administrateur.stockAgence(Administrateur.java:31)
	at tpnote.Administrateur.stockAgence(Administrateur.java:31)
	at tpnote.Administrateur.stockAgence(Administrateur.java:31)
	at tpnote.Administrateur.stockAgence(Administrateur.java:31)
	at tpnote.Administrateur.stockAgence(Administrateur.java:31)
	at tpnote.Administrateur.stockAgence(Administrateur.java:31)
	at tpnote.Administrateur.stockAgence(Administrateur.java:31)
	at tpnote.Administrateur.stockAgence(Administrateur.java:31)
	at tpnote.Administrateur.stockAgence(Administrateur.java:31)
	at tpnote.Administrateur.stockAgence(Administrateur.java:31)
	at tpnote.Administrateur.stockAgence(Administrateur.java:31)
	at tpnote.Administrateur.stockAgence(Administrateur.java:31)
	at tpnote.Administrateur.stockAgence(Administrateur.java:31)
	at tpnote.Administrateur.stockAgence(Administrateur.java:31)
	at tpnote.Administrateur.stockAgence(Administrateur.java:31)
	at tpnote.Administrateur.stockAgence(Administrateur.java:31)
	at tpnote.Administrateur.stockAgence(Administrateur.java:31)
	at tpnote.Administrateur.stockAgence(Administrateur.java:31)
	at tpnote.Administrateur.stockAgence(Administrateur.java:31)
	at tpnote.Administrateur.stockAgence(Administrateur.java:31)
	at tpnote.Administrateur.stockAgence(Administrateur.java:31)
	at tpnote.Administrateur.stockAgence(Administrateur.java:31)
	at tpnote.Administrateur.stockAgence(Administrateur.java:31)
	at tpnote.Administrateur.stockAgence(Administrateur.java:31)
	at tpnote.Administrateur.stockAgence(Administrateur.java:31)
	at tpnote.Administrateur.stockAgence(Administrateur.java:31)
	at tpnote.Administrateur.stockAgence(Administrateur.java:31)
	at tpnote.Administrateur.stockAgence(Administrateur.java:31)
	at tpnote.Administrateur.stockAgence(Administrateur.java:31)
	at tpnote.Administrateur.stockAgence(Administrateur.java:31)
	at tpnote.Administrateur.stockAgence(Administrateur.java:31)
	at tpnote.Administrateur.stockAgence(Administrateur.java:31)
	at tpnote.Administrateur.stockAgence(Administrateur.java:31)
	at tpnote.Administrateur.stockAgence(Administrateur.java:31)
	at tpnote.Administrateur.stockAgence(Administrateur.java:31)
	at tpnote.Administrateur.stockAgence(Administrateur.java:31)
	at tpnote.Administrateur.stockAgence(Administrateur.java:31)
	at tpnote.Administrateur.stockAgence(Administrateur.java:31)
	at tpnote.Administrateur.stockAgence(Administrateur.java:31)
	at tpnote.Administrateur.stockAgence(Administrateur.java:31)
	at tpnote.Administrateur.stockAgence(Administrateur.java:31)
	at tpnote.Administrateur.stockAgence(Administrateur.java:31)
	at tpnote.Administrateur.stockAgence(Administrateur.java:31)
	at tpnote.Administrateur.stockAgence(Administrateur.java:31)
	at tpnote.Administrateur.stockAgence(Administrateur.java:31)
	at tpnote.Administrateur.stockAgence(Administrateur.java:31)
	at tpnote.Administrateur.stockAgence(Administrateur.java:31)
	at tpnote.Administrateur.stockAgence(Administrateur.java:31)
	at tpnote.Administrateur.stockAgence(Administrateur.java:31)
	at tpnote.Administrateur.stockAgence(Administrateur.java:31)
	at tpnote.Administrateur.stockAgence(Administrateur.java:31)
	at tpnote.Administrateur.stockAgence(Administrateur.java:31)
	at tpnote.Administrateur.stockAgence(Administrateur.java:31)
	at tpnote.Administrateur.stockAgence(Administrateur.java:31)
	at tpnote.Administrateur.stockAgence(Administrateur.java:31)
	at tpnote.Administrateur.stockAgence(Administrateur.java:31)
	at tpnote.Administrateur.stockAgence(Administrateur.java:31)
	at tpnote.Administrateur.stockAgence(Administrateur.java:31)
	at tpnote.Administrateur.stockAgence(Administrateur.java:31)
	at tpnote.Administrateur.stockAgence(Administrateur.java:31)
	at tpnote.Administrateur.stockAgence(Administrateur.java:31)
	at tpnote.Administrateur.stockAgence(Administrateur.java:31)
	at tpnote.Administrateur.stockAgence(Administrateur.java:31)
	at tpnote.Administrateur.stockAgence(Administrateur.java:31)
	at tpnote.Administrateur.stockAgence(Administrateur.java:31)
	at tpnote.Administrateur.stockAgence(Administrateur.java:31)
	at tpnote.Administrateur.stockAgence(Administrateur.java:31)
	at tpnote.Administrateur.stockAgence(Administrateur.java:31)
	at tpnote.Administrateur.stockAgence(Administrateur.java:31)
	at tpnote.Administrateur.stockAgence(Administrateur.java:31)
	at tpnote.Administrateur.stockAgence(Administrateur.java:31)
	at tpnote.Administrateur.stockAgence(Administrateur.java:31)
	at tpnote.Administrateur.stockAgence(Administrateur.java:31)
	at tpnote.Administrateur.stockAgence(Administrateur.java:31)
	at tpnote.Administrateur.stockAgence(Administrateur.java:31)
	at tpnote.Administrateur.stockAgence(Administrateur.java:31)
	at tpnote.Administrateur.stockAgence(Administrateur.java:31)
	at tpnote.Administrateur.stockAgence(Administrateur.java:31)
	at tpnote.Administrateur.stockAgence(Administrateur.java:31)
	at tpnote.Administrateur.stockAgence(Administrateur.java:31)
	at tpnote.Administrateur.stockAgence(Administrateur.java:31)
	at tpnote.Administrateur.stockAgence(Administrateur.java:31)
	at tpnote.Administrateur.stockAgence(Administrateur.java:31)
	at tpnote.Administrateur.stockAgence(Administrateur.java:31)
	at tpnote.Administrateur.stockAgence(Administrateur.java:31)
	at tpnote.Administrateur.stockAgence(Administrateur.java:31)
	at tpnote.Administrateur.stockAgence(Administrateur.java:31)
	at tpnote.Administrateur.stockAgence(Administrateur.java:31)
	at tpnote.Administrateur.stockAgence(Administrateur.java:31)
	at tpnote.Administrateur.stockAgence(Administrateur.java:31)
	at tpnote.Administrateur.stockAgence(Administrateur.java:31)
	at tpnote.Administrateur.stockAgence(Administrateur.java:31)
	at tpnote.Administrateur.stockAgence(Administrateur.java:31)
	at tpnote.Administrateur.stockAgence(Administrateur.java:31)
	at tpnote.Administrateur.stockAgence(Administrateur.java:31)
	at tpnote.Administrateur.stockAgence(Administrateur.java:31)
	at tpnote.Administrateur.stockAgence(Administrateur.java:31)
	at tpnote.Administrateur.stockAgence(Administrateur.java:31)
	at tpnote.Administrateur.stockAgence(Administrateur.java:31)
	at tpnote.Administrateur.stockAgence(Administrateur.java:31)
	at tpnote.Administrateur.stockAgence(Administrateur.java:31)
	at tpnote.Administrateur.stockAgence(Administrateur.java:31)
	at tpnote.Administrateur.stockAgence(Administrateur.java:31)
	at tpnote.Administrateur.stockAgence(Administrateur.java:31)
	at tpnote.Administrateur.stockAgence(Administrateur.java:31)
	at tpnote.Administrateur.stockAgence(Administrateur.java:31)
	at tpnote.Administrateur.stockAgence(Administrateur.java:31)
	at tpnote.Administrateur.stockAgence(Administrateur.java:31)
	at tpnote.Administrateur.stockAgence(Administrateur.java:31)
	at tpnote.Administrateur.stockAgence(Administrateur.java:31)
	at tpnote.Administrateur.stockAgence(Administrateur.java:31)
	at tpnote.Administrateur.stockAgence(Administrateur.java:31)
	at tpnote.Administrateur.stockAgence(Administrateur.java:31)
	at tpnote.Administrateur.stockAgence(Administrateur.java:31)
	at tpnote.Administrateur.stockAgence(Administrateur.java:31)
	at tpnote.Administrateur.stockAgence(Administrateur.java:31)
	at tpnote.Administrateur.stockAgence(Administrateur.java:31)
	at tpnote.Administrateur.stockAgence(Administrateur.java:31)
	at tpnote.Administrateur.stockAgence(Administrateur.java:31)
	at tpnote.Administrateur.stockAgence(Administrateur.java:31)
	at tpnote.Administrateur.stockAgence(Administrateur.java:31)
	at tpnote.Administrateur.stockAgence(Administrateur.java:31)
	at tpnote.Administrateur.stockAgence(Administrateur.java:31)
	at tpnote.Administrateur.stockAgence(Administrateur.java:31)
	at tpnote.Administrateur.stockAgence(Administrateur.java:31)
	at tpnote.Administrateur.stockAgence(Administrateur.java:31)
	at tpnote.Administrateur.stockAgence(Administrateur.java:31)
	at tpnote.Administrateur.stockAgence(Administrateur.java:31)
	at tpnote.Administrateur.stockAgence(Administrateur.java:31)
	at tpnote.Administrateur.stockAgence(Administrateur.java:31)
	at tpnote.Administrateur.stockAgence(Administrateur.java:31)
	at tpnote.Administrateur.stockAgence(Administrateur.java:31)
	at tpnote.Administrateur.stockAgence(Administrateur.java:31)
	at tpnote.Administrateur.stockAgence(Administrateur.java:31)
	at tpnote.Administrateur.stockAgence(Administrateur.java:31)
	at tpnote.Administrateur.stockAgence(Administrateur.java:31)
	at tpnote.Administrateur.stockAgence(Administrateur.java:31)
	at tpnote.Administrateur.stockAgence(Administrateur.java:31)
	at tpnote.Administrateur.stockAgence(Administrateur.java:31)
	at tpnote.Administrateur.stockAgence(Administrateur.java:31)
	at tpnote.Administrateur.stockAgence(Administrateur.java:31)
	at tpnote.Administrateur.stockAgence(Administrateur.java:31)
	at tpnote.Administrateur.stockAgence(Administrateur.java:31)
	at tpnote.Administrateur.stockAgence(Administrateur.java:31)
	at tpnote.Administrateur.stockAgence(Administrateur.java:31)
	at tpnote.Administrateur.stockAgence(Administrateur.java:31)
	at tpnote.Administrateur.stockAgence(Administrateur.java:31)
	at tpnote.Administrateur.stockAgence(Administrateur.java:31)
	at tpnote.Administrateur.stockAgence(Administrateur.java:31)
	at tpnote.Administrateur.stockAgence(Administrateur.java:31)
	at tpnote.Administrateur.stockAgence(Administrateur.java:31)
	at tpnote.Administrateur.stockAgence(Administrateur.java:31)
	at tpnote.Administrateur.stockAgence(Administrateur.java:31)
	at tpnote.Administrateur.stockAgence(Administrateur.java:31)
	at tpnote.Administrateur.stockAgence(Administrateur.java:31)
	at tpnote.Administrateur.stockAgence(Administrateur.java:31)
	at tpnote.Administrateur.stockAgence(Administrateur.java:31)
	at tpnote.Administrateur.stockAgence(Administrateur.java:31)
	at tpnote.Administrateur.stockAgence(Administrateur.java:31)
	at tpnote.Administrateur.stockAgence(Administrateur.java:31)
	at tpnote.Administrateur.stockAgence(Administrateur.java:31)
	at tpnote.Administrateur.stockAgence(Administrateur.java:31)
	at tpnote.Administrateur.stockAgence(Administrateur.java:31)
	at tpnote.Administrateur.stockAgence(Administrateur.java:31)
	at tpnote.Administrateur.stockAgence(Administrateur.java:31)
	at tpnote.Administrateur.stockAgence(Administrateur.java:31)
	at tpnote.Administrateur.stockAgence(Administrateur.java:31)
	at tpnote.Administrateur.stockAgence(Administrateur.java:31)
	at tpnote.Administrateur.stockAgence(Administrateur.java:31)
	at tpnote.Administrateur.stockAgence(Administrateur.java:31)
	at tpnote.Administrateur.stockAgence(Administrateur.java:31)
	at tpnote.Administrateur.stockAgence(Administrateur.java:31)
	at tpnote.Administrateur.stockAgence(Administrateur.java:31)
	at tpnote.Administrateur.stockAgence(Administrateur.java:31)
	at tpnote.Administrateur.stockAgence(Administrateur.java:31)
	at tpnote.Administrateur.stockAgence(Administrateur.java:31)
	at tpnote.Administrateur.stockAgence(Administrateur.java:31)
	at tpnote.Administrateur.stockAgence(Administrateur.java:31)
	at tpnote.Administrateur.stockAgence(Administrateur.java:31)
	at tpnote.Administrateur.stockAgence(Administrateur.java:31)
	at tpnote.Administrateur.stockAgence(Administrateur.java:31)
	at tpnote.Administrateur.stockAgence(Administrateur.java:31)
	at tpnote.Administrateur.stockAgence(Administrateur.java:31)
	at tpnote.Administrateur.stockAgence(Administrateur.java:31)
	at tpnote.Administrateur.stockAgence(Administrateur.java:31)
	at tpnote.Administrateur.stockAgence(Administrateur.java:31)
	at tpnote.Administrateur.stockAgence(Administrateur.java:31)
	at tpnote.Administrateur.stockAgence(Administrateur.java:31)
	at tpnote.Administrateur.stockAgence(Administrateur.java:31)
	at tpnote.Administrateur.stockAgence(Administrateur.java:31)
	at tpnote.Administrateur.stockAgence(Administrateur.java:31)
	at tpnote.Administrateur.stockAgence(Administrateur.java:31)
	at tpnote.Administrateur.stockAgence(Administrateur.java:31)
	at tpnote.Administrateur.stockAgence(Administrateur.java:31)
	at tpnote.Administrateur.stockAgence(Administrateur.java:31)
	at tpnote.Administrateur.stockAgence(Administrateur.java:31)
	at tpnote.Administrateur.stockAgence(Administrateur.java:31)
	at tpnote.Administrateur.stockAgence(Administrateur.java:31)
	at tpnote.Administrateur.stockAgence(Administrateur.java:31)
	at tpnote.Administrateur.stockAgence(Administrateur.java:31)
	at tpnote.Administrateur.stockAgence(Administrateur.java:31)
	at tpnote.Administrateur.stockAgence(Administrateur.java:31)
	at tpnote.Administrateur.stockAgence(Administrateur.java:31)
	at tpnote.Administrateur.stockAgence(Administrateur.java:31)
	at tpnote.Administrateur.stockAgence(Administrateur.java:31)
	at tpnote.Administrateur.stockAgence(Administrateur.java:31)
	at tpnote.Administrateur.stockAgence(Administrateur.java:31)
	at tpnote.Administrateur.stockAgence(Administrateur.java:31)
	at tpnote.Administrateur.stockAgence(Administrateur.java:31)
	at tpnote.Administrateur.stockAgence(Administrateur.java:31)
	at tpnote.Administrateur.stockAgence(Administrateur.java:31)
	at tpnote.Administrateur.stockAgence(Administrateur.java:31)
	at tpnote.Administrateur.stockAgence(Administrateur.java:31)
	at tpnote.Administrateur.stockAgence(Administrateur.java:31)
	at tpnote.Administrateur.stockAgence(Administrateur.java:31)
	at tpnote.Administrateur.stockAgence(Administrateur.java:31)
	at tpnote.Administrateur.stockAgence(Administrateur.java:31)
	at tpnote.Administrateur.stockAgence(Administrateur.java:31)
	at tpnote.Administrateur.stockAgence(Administrateur.java:31)
	at tpnote.Administrateur.stockAgence(Administrateur.java:31)
	at tpnote.Administrateur.stockAgence(Administrateur.java:31)
	at tpnote.Administrateur.stockAgence(Administrateur.java:31)
	at tpnote.Administrateur.stockAgence(Administrateur.java:31)
	at tpnote.Administrateur.stockAgence(Administrateur.java:31)
	at tpnote.Administrateur.stockAgence(Administrateur.java:31)
	at tpnote.Administrateur.stockAgence(Administrateur.java:31)
	at tpnote.Administrateur.stockAgence(Administrateur.java:31)
	at tpnote.Administrateur.stockAgence(Administrateur.java:31)
	at tpnote.Administrateur.stockAgence(Administrateur.java:31)
	at tpnote.Administrateur.stockAgence(Administrateur.java:31)
	at tpnote.Administrateur.stockAgence(Administrateur.java:31)
	at tpnote.Administrateur.stockAgence(Administrateur.java:31)
	at tpnote.Administrateur.stockAgence(Administrateur.java:31)
	at tpnote.Administrateur.stockAgence(Administrateur.java:31)
	at tpnote.Administrateur.stockAgence(Administrateur.java:31)
	at tpnote.Administrateur.stockAgence(Administrateur.java:31)
	at tpnote.Administrateur.stockAgence(Administrateur.java:31)
	at tpnote.Administrateur.stockAgence(Administrateur.java:31)
	at tpnote.Administrateur.stockAgence(Administrateur.java:31)
	at tpnote.Administrateur.stockAgence(Administrateur.java:31)
	at tpnote.Administrateur.stockAgence(Administrateur.java:31)
	at tpnote.Administrateur.stockAgence(Administrateur.java:31)
	at tpnote.Administrateur.stockAgence(Administrateur.java:31)
	at tpnote.Administrateur.stockAgence(Administrateur.java:31)
	at tpnote.Administrateur.stockAgence(Administrateur.java:31)
	at tpnote.Administrateur.stockAgence(Administrateur.java:31)
	at tpnote.Administrateur.stockAgence(Administrateur.java:31)
	at tpnote.Administrateur.stockAgence(Administrateur.java:31)
	at tpnote.Administrateur.stockAgence(Administrateur.java:31)
	at tpnote.Administrateur.stockAgence(Administrateur.java:31)
	at tpnote.Administrateur.stockAgence(Administrateur.java:31)
	at tpnote.Administrateur.stockAgence(Administrateur.java:31)
	at tpnote.Administrateur.stockAgence(Administrateur.java:31)
	at tpnote.Administrateur.stockAgence(Administrateur.java:31)
	at tpnote.Administrateur.stockAgence(Administrateur.java:31)
	at tpnote.Administrateur.stockAgence(Administrateur.java:31)
	at tpnote.Administrateur.stockAgence(Administrateur.java:31)
	at tpnote.Administrateur.stockAgence(Administrateur.java:31)
	at tpnote.Administrateur.stockAgence(Administrateur.java:31)
	at tpnote.Administrateur.stockAgence(Administrateur.java:31)
	at tpnote.Administrateur.stockAgence(Administrateur.java:31)
	at tpnote.Administrateur.stockAgence(Administrateur.java:31)
	at tpnote.Administrateur.stockAgence(Administrateur.java:31)
	at tpnote.Administrateur.stockAgence(Administrateur.java:31)
	at tpnote.Administrateur.stockAgence(Administrateur.java:31)
	at tpnote.Administrateur.stockAgence(Administrateur.java:31)
	at tpnote.Administrateur.stockAgence(Administrateur.java:31)
	at tpnote.Administrateur.stockAgence(Administrateur.java:31)
	at tpnote.Administrateur.stockAgence(Administrateur.java:31)
	at tpnote.Administrateur.stockAgence(Administrateur.java:31)
	at tpnote.Administrateur.stockAgence(Administrateur.java:31)
	at tpnote.Administrateur.stockAgence(Administrateur.java:31)
	at tpnote.Administrateur.stockAgence(Administrateur.java:31)
	at tpnote.Administrateur.stockAgence(Administrateur.java:31)
	at tpnote.Administrateur.stockAgence(Administrateur.java:31)
	at tpnote.Administrateur.stockAgence(Administrateur.java:31)
	at tpnote.Administrateur.stockAgence(Administrateur.java:31)
	at tpnote.Administrateur.stockAgence(Administrateur.java:31)
	at tpnote.Administrateur.stockAgence(Administrateur.java:31)
	at tpnote.Administrateur.stockAgence(Administrateur.java:31)
	at tpnote.Administrateur.stockAgence(Administrateur.java:31)
	at tpnote.Administrateur.stockAgence(Administrateur.java:31)
	at tpnote.Administrateur.stockAgence(Administrateur.java:31)
	at tpnote.Administrateur.stockAgence(Administrateur.java:31)
	at tpnote.Administrateur.stockAgence(Administrateur.java:31)
	at tpnote.Administrateur.stockAgence(Administrateur.java:31)
	at tpnote.Administrateur.stockAgence(Administrateur.java:31)
	at tpnote.Administrateur.stockAgence(Administrateur.java:31)
	at tpnote.Administrateur.stockAgence(Administrateur.java:31)
	at tpnote.Administrateur.stockAgence(Administrateur.java:31)
	at tpnote.Administrateur.stockAgence(Administrateur.java:31)
	at tpnote.Administrateur.stockAgence(Administrateur.java:31)
	at tpnote.Administrateur.stockAgence(Administrateur.java:31)
	at tpnote.Administrateur.stockAgence(Administrateur.java:31)
	at tpnote.Administrateur.stockAgence(Administrateur.java:31)
	at tpnote.Administrateur.stockAgence(Administrateur.java:31)
	at tpnote.Administrateur.stockAgence(Administrateur.java:31)
	at tpnote.Administrateur.stockAgence(Administrateur.java:31)
	at tpnote.Administrateur.stockAgence(Administrateur.java:31)
	at tpnote.Administrateur.stockAgence(Administrateur.java:31)
	at tpnote.Administrateur.stockAgence(Administrateur.java:31)
	at tpnote.Administrateur.stockAgence(Administrateur.java:31)
	at tpnote.Administrateur.stockAgence(Administrateur.java:31)
	at tpnote.Administrateur.stockAgence(Administrateur.java:31)
	at tpnote.Administrateur.stockAgence(Administrateur.java:31)
	at tpnote.Administrateur.stockAgence(Administrateur.java:31)
	at tpnote.Administrateur.stockAgence(Administrateur.java:31)
	at tpnote.Administrateur.stockAgence(Administrateur.java:31)
	at tpnote.Administrateur.stockAgence(Administrateur.java:31)
	at tpnote.Administrateur.stockAgence(Administrateur.java:31)
	at tpnote.Administrateur.stockAgence(Administrateur.java:31)
	at tpnote.Administrateur.stockAgence(Administrateur.java:31)
	at tpnote.Administrateur.stockAgence(Administrateur.java:31)
	at tpnote.Administrateur.stockAgence(Administrateur.java:31)
	at tpnote.Administrateur.stockAgence(Administrateur.java:31)
	at tpnote.Administrateur.stockAgence(Administrateur.java:31)
	at tpnote.Administrateur.stockAgence(Administrateur.java:31)
	at tpnote.Administrateur.stockAgence(Administrateur.java:31)
	at tpnote.Administrateur.stockAgence(Administrateur.java:31)
	at tpnote.Administrateur.stockAgence(Administrateur.java:31)
	at tpnote.Administrateur.stockAgence(Administrateur.java:31)
	at tpnote.Administrateur.stockAgence(Administrateur.java:31)
	at tpnote.Administrateur.stockAgence(Administrateur.java:31)
	at tpnote.Administrateur.stockAgence(Administrateur.java:31)
	at tpnote.Administrateur.stockAgence(Administrateur.java:31)
	at tpnote.Administrateur.stockAgence(Administrateur.java:31)
	at tpnote.Administrateur.stockAgence(Administrateur.java:31)
	at tpnote.Administrateur.stockAgence(Administrateur.java:31)
	at tpnote.Administrateur.stockAgence(Administrateur.java:31)
	at tpnote.Administrateur.stockAgence(Administrateur.java:31)
	at tpnote.Administrateur.stockAgence(Administrateur.java:31)
	at tpnote.Administrateur.stockAgence(Administrateur.java:31)
	at tpnote.Administrateur.stockAgence(Administrateur.java:31)
	at tpnote.Administrateur.stockAgence(Administrateur.java:31)
	at tpnote.Administrateur.stockAgence(Administrateur.java:31)
	at tpnote.Administrateur.stockAgence(Administrateur.java:31)
	at tpnote.Administrateur.stockAgence(Administrateur.java:31)
	at tpnote.Administrateur.stockAgence(Administrateur.java:31)
	at tpnote.Administrateur.stockAgence(Administrateur.java:31)
	at tpnote.Administrateur.stockAgence(Administrateur.java:31)
	at tpnote.Administrateur.stockAgence(Administrateur.java:31)
	at tpnote.Administrateur.stockAgence(Administrateur.java:31)
	at tpnote.Administrateur.stockAgence(Administrateur.java:31)
	at tpnote.Administrateur.stockAgence(Administrateur.java:31)
	at tpnote.Administrateur.stockAgence(Administrateur.java:31)
	at tpnote.Administrateur.stockAgence(Administrateur.java:31)
	at tpnote.Administrateur.stockAgence(Administrateur.java:31)
	at tpnote.Administrateur.stockAgence(Administrateur.java:31)
	at tpnote.Administrateur.stockAgence(Administrateur.java:31)
	at tpnote.Administrateur.stockAgence(Administrateur.java:31)
	at tpnote.Administrateur.stockAgence(Administrateur.java:31)
	at tpnote.Administrateur.stockAgence(Administrateur.java:31)
	at tpnote.Administrateur.stockAgence(Administrateur.java:31)
	at tpnote.Administrateur.stockAgence(Administrateur.java:31)
	at tpnote.Administrateur.stockAgence(Administrateur.java:31)
	at tpnote.Administrateur.stockAgence(Administrateur.java:31)
	at tpnote.Administrateur.stockAgence(Administrateur.java:31)
	at tpnote.Administrateur.stockAgence(Administrateur.java:31)
	at tpnote.Administrateur.stockAgence(Administrateur.java:31)
	at tpnote.Administrateur.stockAgence(Administrateur.java:31)
	at tpnote.Administrateur.stockAgence(Administrateur.java:31)
	at tpnote.Administrateur.stockAgence(Administrateur.java:31)
	at tpnote.Administrateur.stockAgence(Administrateur.java:31)
	at tpnote.Administrateur.stockAgence(Administrateur.java:31)
	at tpnote.Administrateur.stockAgence(Administrateur.java:31)
	at tpnote.Administrateur.stockAgence(Administrateur.java:31)
	at tpnote.Administrateur.stockAgence(Administrateur.java:31)
	at tpnote.Administrateur.stockAgence(Administrateur.java:31)
	at tpnote.Administrateur.stockAgence(Administrateur.java:31)
	at tpnote.Administrateur.stockAgence(Administrateur.java:31)
	at tpnote.Administrateur.stockAgence(Administrateur.java:31)
	at tpnote.Administrateur.stockAgence(Administrateur.java:31)
	at tpnote.Administrateur.stockAgence(Administrateur.java:31)
	at tpnote.Administrateur.stockAgence(Administrateur.java:31)
	at tpnote.Administrateur.stockAgence(Administrateur.java:31)
	at tpnote.Administrateur.stockAgence(Administrateur.java:31)
	at tpnote.Administrateur.stockAgence(Administrateur.java:31)
	at tpnote.Administrateur.stockAgence(Administrateur.java:31)
	at tpnote.Administrateur.stockAgence(Administrateur.java:31)
	at tpnote.Administrateur.stockAgence(Administrateur.java:31)
	at tpnote.Administrateur.stockAgence(Administrateur.java:31)
	at tpnote.Administrateur.stockAgence(Administrateur.java:31)
	at tpnote.Administrateur.stockAgence(Administrateur.java:31)
	at tpnote.Administrateur.stockAgence(Administrateur.java:31)
	at tpnote.Administrateur.stockAgence(Administrateur.java:31)
	at tpnote.Administrateur.stockAgence(Administrateur.java:31)
	at tpnote.Administrateur.stockAgence(Administrateur.java:31)
	at tpnote.Administrateur.stockAgence(Administrateur.java:31)
	at tpnote.Administrateur.stockAgence(Administrateur.java:31)
	at tpnote.Administrateur.stockAgence(Administrateur.java:31)
	at tpnote.Administrateur.stockAgence(Administrateur.java:31)
	at tpnote.Administrateur.stockAgence(Administrateur.java:31)
	at tpnote.Administrateur.stockAgence(Administrateur.java:31)
	at tpnote.Administrateur.stockAgence(Administrateur.java:31)
	at tpnote.Administrateur.stockAgence(Administrateur.java:31)
	at tpnote.Administrateur.stockAgence(Administrateur.java:31)
	at tpnote.Administrateur.stockAgence(Administrateur.java:31)
	at tpnote.Administrateur.stockAgence(Administrateur.java:31)
	at tpnote.Administrateur.stockAgence(Administrateur.java:31)
	at tpnote.Administrateur.stockAgence(Administrateur.java:31)
	at tpnote.Administrateur.stockAgence(Administrateur.java:31)
	at tpnote.Administrateur.stockAgence(Administrateur.java:31)
	at tpnote.Administrateur.stockAgence(Administrateur.java:31)
	at tpnote.Administrateur.stockAgence(Administrateur.java:31)
	at tpnote.Administrateur.stockAgence(Administrateur.java:31)
	at tpnote.Administrateur.stockAgence(Administrateur.java:31)
	at tpnote.Administrateur.stockAgence(Administrateur.java:31)
	at tpnote.Administrateur.stockAgence(Administrateur.java:31)
	at tpnote.Administrateur.stockAgence(Administrateur.java:31)
	at tpnote.Administrateur.stockAgence(Administrateur.java:31)
	at tpnote.Administrateur.stockAgence(Administrateur.java:31)
	at tpnote.Administrateur.stockAgence(Administrateur.java:31)
	at tpnote.Administrateur.stockAgence(Administrateur.java:31)
	at tpnote.Administrateur.stockAgence(Administrateur.java:31)
	at tpnote.Administrateur.stockAgence(Administrateur.java:31)
	at tpnote.Administrateur.stockAgence(Administrateur.java:31)
	at tpnote.Administrateur.stockAgence(Administrateur.java:31)
	at tpnote.Administrateur.stockAgence(Administrateur.java:31)
	at tpnote.Administrateur.stockAgence(Administrateur.java:31)
	at tpnote.Administrateur.stockAgence(Administrateur.java:31)
	at tpnote.Administrateur.stockAgence(Administrateur.java:31)
	at tpnote.Administrateur.stockAgence(Administrateur.java:31)
	at tpnote.Administrateur.stockAgence(Administrateur.java:31)
	at tpnote.Administrateur.stockAgence(Administrateur.java:31)
	at tpnote.Administrateur.stockAgence(Administrateur.java:31)
	at tpnote.Administrateur.stockAgence(Administrateur.java:31)
	at tpnote.Administrateur.stockAgence(Administrateur.java:31)
	at tpnote.Administrateur.stockAgence(Administrateur.java:31)
	at tpnote.Administrateur.stockAgence(Administrateur.java:31)
	at tpnote.Administrateur.stockAgence(Administrateur.java:31)
	at tpnote.Administrateur.stockAgence(Administrateur.java:31)
	at tpnote.Administrateur.stockAgence(Administrateur.java:31)
	at tpnote.Administrateur.stockAgence(Administrateur.java:31)
	at tpnote.Administrateur.stockAgence(Administrateur.java:31)
	at tpnote.Administrateur.stockAgence(Administrateur.java:31)
	at tpnote.Administrateur.stockAgence(Administrateur.java:31)
	at tpnote.Administrateur.stockAgence(Administrateur.java:31)
	at tpnote.Administrateur.stockAgence(Administrateur.java:31)
	at tpnote.Administrateur.stockAgence(Administrateur.java:31)
	at tpnote.Administrateur.stockAgence(Administrateur.java:31)
	at tpnote.Administrateur.stockAgence(Administrateur.java:31)
	at tpnote.Administrateur.stockAgence(Administrateur.java:31)
	at tpnote.Administrateur.stockAgence(Administrateur.java:31)
	at tpnote.Administrateur.stockAgence(Administrateur.java:31)
	at tpnote.Administrateur.stockAgence(Administrateur.java:31)
	at tpnote.Administrateur.stockAgence(Administrateur.java:31)
	at tpnote.Administrateur.stockAgence(Administrateur.java:31)
	at tpnote.Administrateur.stockAgence(Administrateur.java:31)
	at tpnote.Administrateur.stockAgence(Administrateur.java:31)
	at tpnote.Administrateur.stockAgence(Administrateur.java:31)
	at tpnote.Administrateur.stockAgence(Administrateur.java:31)
	at tpnote.Administrateur.stockAgence(Administrateur.java:31)
	at tpnote.Administrateur.stockAgence(Administrateur.java:31)
	at tpnote.Administrateur.stockAgence(Administrateur.java:31)
	at tpnote.Administrateur.stockAgence(Administrateur.java:31)
	at tpnote.Administrateur.stockAgence(Administrateur.java:31)
	at tpnote.Administrateur.stockAgence(Administrateur.java:31)
	at tpnote.Administrateur.stockAgence(Administrateur.java:31)
	at tpnote.Administrateur.stockAgence(Administrateur.java:31)
	at tpnote.Administrateur.stockAgence(Administrateur.java:31)
	at tpnote.Administrateur.stockAgence(Administrateur.java:31)
	at tpnote.Administrateur.stockAgence(Administrateur.java:31)
	at tpnote.Administrateur.stockAgence(Administrateur.java:31)
	at tpnote.Administrateur.stockAgence(Administrateur.java:31)
	at tpnote.Administrateur.stockAgence(Administrateur.java:31)
	at tpnote.Administrateur.stockAgence(Administrateur.java:31)
	at tpnote.Administrateur.stockAgence(Administrateur.java:31)
	at tpnote.Administrateur.stockAgence(Administrateur.java:31)
	at tpnote.Administrateur.stockAgence(Administrateur.java:31)
	at tpnote.Administrateur.stockAgence(Administrateur.java:31)
	at tpnote.Administrateur.stockAgence(Administrateur.java:31)
	at tpnote.Administrateur.stockAgence(Administrateur.java:31)
	at tpnote.Administrateur.stockAgence(Administrateur.java:31)
	at tpnote.Administrateur.stockAgence(Administrateur.java:31)
	at tpnote.Administrateur.stockAgence(Administrateur.java:31)
	at tpnote.Administrateur.stockAgence(Administrateur.java:31)
	at tpnote.Administrateur.stockAgence(Administrateur.java:31)
	at tpnote.Administrateur.stockAgence(Administrateur.java:31)
	at tpnote.Administrateur.stockAgence(Administrateur.java:31)
	at tpnote.Administrateur.stockAgence(Administrateur.java:31)
	at tpnote.Administrateur.stockAgence(Administrateur.java:31)
	at tpnote.Administrateur.stockAgence(Administrateur.java:31)
	at tpnote.Administrateur.stockAgence(Administrateur.java:31)
	at tpnote.Administrateur.stockAgence(Administrateur.java:31)
	at tpnote.Administrateur.stockAgence(Administrateur.java:31)
	at tpnote.Administrateur.stockAgence(Administrateur.java:31)
	at tpnote.Administrateur.stockAgence(Administrateur.java:31)
	at tpnote.Administrateur.stockAgence(Administrateur.java:31)
	at tpnote.Administrateur.stockAgence(Administrateur.java:31)
	at tpnote.Administrateur.stockAgence(Administrateur.java:31)
	at tpnote.Administrateur.stockAgence(Administrateur.java:31)
	at tpnote.Administrateur.stockAgence(Administrateur.java:31)
	at tpnote.Administrateur.stockAgence(Administrateur.java:31)
	at tpnote.Administrateur.stockAgence(Administrateur.java:31)
	at tpnote.Administrateur.stockAgence(Administrateur.java:31)
	at tpnote.Administrateur.stockAgence(Administrateur.java:31)
	at tpnote.Administrateur.stockAgence(Administrateur.java:31)
	at tpnote.Administrateur.stockAgence(Administrateur.java:31)
	at tpnote.Administrateur.stockAgence(Administrateur.java:31)
	at tpnote.Administrateur.stockAgence(Administrateur.java:31)
	at tpnote.Administrateur.stockAgence(Administrateur.java:31)
	at tpnote.Administrateur.stockAgence(Administrateur.java:31)
	at tpnote.Administrateur.stockAgence(Administrateur.java:31)
	at tpnote.Administrateur.stockAgence(Administrateur.java:31)
	at tpnote.Administrateur.stockAgence(Administrateur.java:31)
	at tpnote.Administrateur.stockAgence(Administrateur.java:31)
	at tpnote.Administrateur.stockAgence(Administrateur.java:31)
	at tpnote.Administrateur.stockAgence(Administrateur.java:31)
	at tpnote.Administrateur.stockAgence(Administrateur.java:31)
	at tpnote.Administrateur.stockAgence(Administrateur.java:31)
	at tpnote.Administrateur.stockAgence(Administrateur.java:31)
	at tpnote.Administrateur.stockAgence(Administrateur.java:31)
	at tpnote.Administrateur.stockAgence(Administrateur.java:31)
	at tpnote.Administrateur.stockAgence(Administrateur.java:31)
	at tpnote.Administrateur.stockAgence(Administrateur.java:31)
	at tpnote.Administrateur.stockAgence(Administrateur.java:31)
	at tpnote.Administrateur.stockAgence(Administrateur.java:31)
	at tpnote.Administrateur.stockAgence(Administrateur.java:31)
	at tpnote.Administrateur.stockAgence(Administrateur.java:31)
	at tpnote.Administrateur.stockAgence(Administrateur.java:31)
	at tpnote.Administrateur.stockAgence(Administrateur.java:31)
	at tpnote.Administrateur.stockAgence(Administrateur.java:31)
	at tpnote.Administrateur.stockAgence(Administrateur.java:31)
	at tpnote.Administrateur.stockAgence(Administrateur.java:31)
	at tpnote.Administrateur.stockAgence(Administrateur.java:31)
	at tpnote.Administrateur.stockAgence(Administrateur.java:31)
	at tpnote.Administrateur.stockAgence(Administrateur.java:31)
	at tpnote.Administrateur.stockAgence(Administrateur.java:31)
	at tpnote.Administrateur.stockAgence(Administrateur.java:31)
	at tpnote.Administrateur.stockAgence(Administrateur.java:31)
	at tpnote.Administrateur.stockAgence(Administrateur.java:31)
	at tpnote.Administrateur.stockAgence(Administrateur.java:31)
	at tpnote.Administrateur.stockAgence(Administrateur.java:31)
	at tpnote.Administrateur.stockAgence(Administrateur.java:31)
	at tpnote.Administrateur.stockAgence(Administrateur.java:31)
	at tpnote.Administrateur.stockAgence(Administrateur.java:31)
	at tpnote.Administrateur.stockAgence(Administrateur.java:31)
	at tpnote.Administrateur.stockAgence(Administrateur.java:31)
	at tpnote.Administrateur.stockAgence(Administrateur.java:31)
	at tpnote.Administrateur.stockAgence(Administrateur.java:31)
	at tpnote.Administrateur.stockAgence(Administrateur.java:31)
	at tpnote.Administrateur.stockAgence(Administrateur.java:31)
	at tpnote.Administrateur.stockAgence(Administrateur.java:31)
	at tpnote.Administrateur.stockAgence(Administrateur.java:31)
	at tpnote.Administrateur.stockAgence(Administrateur.java:31)
	at tpnote.Administrateur.stockAgence(Administrateur.java:31)
	at tpnote.Administrateur.stockAgence(Administrateur.java:31)
	at tpnote.Administrateur.stockAgence(Administrateur.java:31)
	at tpnote.Administrateur.stockAgence(Administrateur.java:31)
	at tpnote.Administrateur.stockAgence(Administrateur.java:31)
	at tpnote.Administrateur.stockAgence(Administrateur.java:31)
	at tpnote.Administrateur.stockAgence(Administrateur.java:31)
	at tpnote.Administrateur.stockAgence(Administrateur.java:31)
	at tpnote.Administrateur.stockAgence(Administrateur.java:31)
	at tpnote.Administrateur.stockAgence(Administrateur.java:31)
	at tpnote.Administrateur.stockAgence(Administrateur.java:31)
	at tpnote.Administrateur.stockAgence(Administrateur.java:31)
	at tpnote.Administrateur.stockAgence(Administrateur.java:31)
	at tpnote.Administrateur.stockAgence(Administrateur.java:31)
	at tpnote.Administrateur.stockAgence(Administrateur.java:31)
	at tpnote.Administrateur.stockAgence(Administrateur.java:31)
	at tpnote.Administrateur.stockAgence(Administrateur.java:31)
	at tpnote.Administrateur.stockAgence(Administrateur.java:31)
	at tpnote.Administrateur.stockAgence(Administrateur.java:31)
	at tpnote.Administrateur.stockAgence(Administrateur.java:31)
	at tpnote.Administrateur.stockAgence(Administrateur.java:31)
	at tpnote.Administrateur.stockAgence(Administrateur.java:31)
	at tpnote.Administrateur.stockAgence(Administrateur.java:31)
	at tpnote.Administrateur.stockAgence(Administrateur.java:31)
	at tpnote.Administrateur.stockAgence(Administrateur.java:31)
	at tpnote.Administrateur.stockAgence(Administrateur.java:31)
	at tpnote.Administrateur.stockAgence(Administrateur.java:31)
	at tpnote.Administrateur.stockAgence(Administrateur.java:31)
	at tpnote.Administrateur.stockAgence(Administrateur.java:31)
	at tpnote.Administrateur.stockAgence(Administrateur.java:31)
	at tpnote.Administrateur.stockAgence(Administrateur.java:31)
	at tpnote.Administrateur.stockAgence(Administrateur.java:31)
	at tpnote.Administrateur.stockAgence(Administrateur.java:31)
	at tpnote.Administrateur.stockAgence(Administrateur.java:31)
	at tpnote.Administrateur.stockAgence(Administrateur.java:31)
	at tpnote.Administrateur.stockAgence(Administrateur.java:31)
	at tpnote.Administrateur.stockAgence(Administrateur.java:31)
	at tpnote.Administrateur.stockAgence(Administrateur.java:31)
	at tpnote.Administrateur.stockAgence(Administrateur.java:31)
	at tpnote.Administrateur.stockAgence(Administrateur.java:31)
	at tpnote.Administrateur.stockAgence(Administrateur.java:31)
	at tpnote.Administrateur.stockAgence(Administrateur.java:31)
	at tpnote.Administrateur.stockAgence(Administrateur.java:31)
	at tpnote.Administrateur.stockAgence(Administrateur.java:31)
	at tpnote.Administrateur.stockAgence(Administrateur.java:31)
</error>
  </testcase>
  <testcase classname="tpnote.AdministrateurTest" name="transfererMateriel_OK" time="0"/>
  <testcase classname="tpnote.AdministrateurTest" name="supprimerMaterielDefectueuxAgence_avecMaterielDefectueux" time="0">
    <error type="java.util.ConcurrentModificationException">java.util.ConcurrentModificationException
	at java.util.ArrayList$Itr.checkForComodification(ArrayList.java:901)
	at java.util.ArrayList$Itr.next(ArrayList.java:851)
	at tpnote.Administrateur.supprimerMaterielDefectueuxDe(Administrateur.java:52)
	at tpnote.Administrateur.supprimerMaterielDefectueuxAgence(Administrateur.java:48)
	at tpnote.AdministrateurTest.supprimerMaterielDefectueuxAgence_avecMaterielDefectueux(AdministrateurTest.java:159)
	at sun.reflect.NativeMethodAccessorImpl.invoke0(Native Method)
	at sun.reflect.NativeMethodAccessorImpl.invoke(NativeMethodAccessorImpl.java:62)
	at sun.reflect.DelegatingMethodAccessorImpl.invoke(DelegatingMethodAccessorImpl.java:43)
	at java.lang.reflect.Method.invoke(Method.java:497)
	at org.junit.runners.model.FrameworkMethod$1.runReflectiveCall(FrameworkMethod.java:50)
	at org.junit.internal.runners.model.ReflectiveCallable.run(ReflectiveCallable.java:12)
	at org.junit.runners.model.FrameworkMethod.invokeExplosively(FrameworkMethod.java:47)
	at org.junit.internal.runners.statements.InvokeMethod.evaluate(InvokeMethod.java:17)
	at org.junit.internal.runners.statements.RunBefores.evaluate(RunBefores.java:26)
	at org.junit.runners.ParentRunner.runLeaf(ParentRunner.java:325)
	at org.junit.runners.BlockJUnit4ClassRunner.runChild(BlockJUnit4ClassRunner.java:78)
	at org.junit.runners.BlockJUnit4ClassRunner.runChild(BlockJUnit4ClassRunner.java:57)
	at org.junit.runners.ParentRunner$3.run(ParentRunner.java:290)
	at org.junit.runners.ParentRunner$1.schedule(ParentRunner.java:71)
	at org.junit.runners.ParentRunner.runChildren(ParentRunner.java:288)
	at org.junit.runners.ParentRunner.access$000(ParentRunner.java:58)
	at org.junit.runners.ParentRunner$2.evaluate(ParentRunner.java:268)
	at org.junit.runners.ParentRunner.run(ParentRunner.java:363)
	at org.apache.maven.surefire.junit4.JUnit4Provider.execute(JUnit4Provider.java:252)
	at org.apache.maven.surefire.junit4.JUnit4Provider.executeTestSet(JUnit4Provider.java:141)
	at org.apache.maven.surefire.junit4.JUnit4Provider.invoke(JUnit4Provider.java:112)
	at sun.reflect.NativeMethodAccessorImpl.invoke0(Native Method)
	at sun.reflect.NativeMethodAccessorImpl.invoke(NativeMethodAccessorImpl.java:62)
	at sun.reflect.DelegatingMethodAccessorImpl.invoke(DelegatingMethodAccessorImpl.java:43)
	at java.lang.reflect.Method.invoke(Method.java:497)
	at org.apache.maven.surefire.util.ReflectionUtils.invokeMethodWithArray(ReflectionUtils.java:189)
	at org.apache.maven.surefire.booter.ProviderFactory$ProviderProxy.invoke(ProviderFactory.java:165)
	at org.apache.maven.surefire.booter.ProviderFactory.invokeProvider(ProviderFactory.java:85)
	at org.apache.maven.surefire.booter.ForkedBooter.runSuitesInProcess(ForkedBooter.java:115)
	at org.apache.maven.surefire.booter.ForkedBooter.main(ForkedBooter.java:75)
</error>
  </testcase>
  <testcase classname="tpnote.AdministrateurTest" name="supprimerMaterielDefectueuxEntreprise_avecMaterielDefectueux" time="0">
    <error type="java.util.ConcurrentModificationException">java.util.ConcurrentModificationException
	at java.util.ArrayList$Itr.checkForComodification(ArrayList.java:901)
	at java.util.ArrayList$Itr.next(ArrayList.java:851)
	at tpnote.Administrateur.supprimerMaterielDefectueuxDe(Administrateur.java:52)
	at tpnote.Administrateur.supprimerMaterielDefectueuxEntreprise(Administrateur.java:45)
	at tpnote.AdministrateurTest.supprimerMaterielDefectueuxEntreprise_avecMaterielDefectueux(AdministrateurTest.java:135)
	at sun.reflect.NativeMethodAccessorImpl.invoke0(Native Method)
	at sun.reflect.NativeMethodAccessorImpl.invoke(NativeMethodAccessorImpl.java:62)
	at sun.reflect.DelegatingMethodAccessorImpl.invoke(DelegatingMethodAccessorImpl.java:43)
	at java.lang.reflect.Method.invoke(Method.java:497)
	at org.junit.runners.model.FrameworkMethod$1.runReflectiveCall(FrameworkMethod.java:50)
	at org.junit.internal.runners.model.ReflectiveCallable.run(ReflectiveCallable.java:12)
	at org.junit.runners.model.FrameworkMethod.invokeExplosively(FrameworkMethod.java:47)
	at org.junit.internal.runners.statements.InvokeMethod.evaluate(InvokeMethod.java:17)
	at org.junit.internal.runners.statements.RunBefores.evaluate(RunBefores.java:26)
	at org.junit.runners.ParentRunner.runLeaf(ParentRunner.java:325)
	at org.junit.runners.BlockJUnit4ClassRunner.runChild(BlockJUnit4ClassRunner.java:78)
	at org.junit.runners.BlockJUnit4ClassRunner.runChild(BlockJUnit4ClassRunner.java:57)
	at org.junit.runners.ParentRunner$3.run(ParentRunner.java:290)
	at org.junit.runners.ParentRunner$1.schedule(ParentRunner.java:71)
	at org.junit.runners.ParentRunner.runChildren(ParentRunner.java:288)
	at org.junit.runners.ParentRunner.access$000(ParentRunner.java:58)
	at org.junit.runners.ParentRunner$2.evaluate(ParentRunner.java:268)
	at org.junit.runners.ParentRunner.run(ParentRunner.java:363)
	at org.apache.maven.surefire.junit4.JUnit4Provider.execute(JUnit4Provider.java:252)
	at org.apache.maven.surefire.junit4.JUnit4Provider.executeTestSet(JUnit4Provider.java:141)
	at org.apache.maven.surefire.junit4.JUnit4Provider.invoke(JUnit4Provider.java:112)
	at sun.reflect.NativeMethodAccessorImpl.invoke0(Native Method)
	at sun.reflect.NativeMethodAccessorImpl.invoke(NativeMethodAccessorImpl.java:62)
	at sun.reflect.DelegatingMethodAccessorImpl.invoke(DelegatingMethodAccessorImpl.java:43)
	at java.lang.reflect.Method.invoke(Method.java:497)
	at org.apache.maven.surefire.util.ReflectionUtils.invokeMethodWithArray(ReflectionUtils.java:189)
	at org.apache.maven.surefire.booter.ProviderFactory$ProviderProxy.invoke(ProviderFactory.java:165)
	at org.apache.maven.surefire.booter.ProviderFactory.invokeProvider(ProviderFactory.java:85)
	at org.apache.maven.surefire.booter.ForkedBooter.runSuitesInProcess(ForkedBooter.java:115)
	at org.apache.maven.surefire.booter.ForkedBooter.main(ForkedBooter.java:75)
</error>
  </testcase>
  <testcase classname="tpnote.AdministrateurTest" name="transfererMateriel_envoyeurAObjectMaisReserveAgence" time="0"/>
  <testcase classname="tpnote.AdministrateurTest" name="recupererMateriel" time="0">
    <failure message="recupererMateriel: fail expected:&lt;1&gt; but was:&lt;0&gt;" type="java.lang.AssertionError">java.lang.AssertionError: recupererMateriel: fail expected:&lt;1&gt; but was:&lt;0&gt;
	at org.junit.Assert.fail(Assert.java:88)
	at org.junit.Assert.failNotEquals(Assert.java:834)
	at org.junit.Assert.assertEquals(Assert.java:645)
	at tpnote.AdministrateurTest.recupererMateriel(AdministrateurTest.java:77)
	at sun.reflect.NativeMethodAccessorImpl.invoke0(Native Method)
	at sun.reflect.NativeMethodAccessorImpl.invoke(NativeMethodAccessorImpl.java:62)
	at sun.reflect.DelegatingMethodAccessorImpl.invoke(DelegatingMethodAccessorImpl.java:43)
	at java.lang.reflect.Method.invoke(Method.java:497)
	at org.junit.runners.model.FrameworkMethod$1.runReflectiveCall(FrameworkMethod.java:50)
	at org.junit.internal.runners.model.ReflectiveCallable.run(ReflectiveCallable.java:12)
	at org.junit.runners.model.FrameworkMethod.invokeExplosively(FrameworkMethod.java:47)
	at org.junit.internal.runners.statements.InvokeMethod.evaluate(InvokeMethod.java:17)
	at org.junit.internal.runners.statements.RunBefores.evaluate(RunBefores.java:26)
	at org.junit.runners.ParentRunner.runLeaf(ParentRunner.java:325)
	at org.junit.runners.BlockJUnit4ClassRunner.runChild(BlockJUnit4ClassRunner.java:78)
	at org.junit.runners.BlockJUnit4ClassRunner.runChild(BlockJUnit4ClassRunner.java:57)
	at org.junit.runners.ParentRunner$3.run(ParentRunner.java:290)
	at org.junit.runners.ParentRunner$1.schedule(ParentRunner.java:71)
	at org.junit.runners.ParentRunner.runChildren(ParentRunner.java:288)
	at org.junit.runners.ParentRunner.access$000(ParentRunner.java:58)
	at org.junit.runners.ParentRunner$2.evaluate(ParentRunner.java:268)
	at org.junit.runners.ParentRunner.run(ParentRunner.java:363)
	at org.apache.maven.surefire.junit4.JUnit4Provider.execute(JUnit4Provider.java:252)
	at org.apache.maven.surefire.junit4.JUnit4Provider.executeTestSet(JUnit4Provider.java:141)
	at org.apache.maven.surefire.junit4.JUnit4Provider.invoke(JUnit4Provider.java:112)
	at sun.reflect.NativeMethodAccessorImpl.invoke0(Native Method)
	at sun.reflect.NativeMethodAccessorImpl.invoke(NativeMethodAccessorImpl.java:62)
	at sun.reflect.DelegatingMethodAccessorImpl.invoke(DelegatingMethodAccessorImpl.java:43)
	at java.lang.reflect.Method.invoke(Method.java:497)
	at org.apache.maven.surefire.util.ReflectionUtils.invokeMethodWithArray(ReflectionUtils.java:189)
	at org.apache.maven.surefire.booter.ProviderFactory$ProviderProxy.invoke(ProviderFactory.java:165)
	at org.apache.maven.surefire.booter.ProviderFactory.invokeProvider(ProviderFactory.java:85)
	at org.apache.maven.surefire.booter.ForkedBooter.runSuitesInProcess(ForkedBooter.java:115)
	at org.apache.maven.surefire.booter.ForkedBooter.main(ForkedBooter.java:75)
</failure>
  </testcase>
  <testcase classname="tpnote.AdministrateurTest" name="supprimerMaterielDefectueuxAgence_sansMaterielDefectueux" time="0"/>
  <testcase classname="tpnote.AdministrateurTest" name="stockEntreprise" time="0.052">
    <error type="java.lang.StackOverflowError">java.lang.StackOverflowError
	at tpnote.Administrateur.stockEntreprise(Administrateur.java:26)
	at tpnote.Administrateur.stockEntreprise(Administrateur.java:26)
	at tpnote.Administrateur.stockEntreprise(Administrateur.java:26)
	at tpnote.Administrateur.stockEntreprise(Administrateur.java:26)
	at tpnote.Administrateur.stockEntreprise(Administrateur.java:26)
	at tpnote.Administrateur.stockEntreprise(Administrateur.java:26)
	at tpnote.Administrateur.stockEntreprise(Administrateur.java:26)
	at tpnote.Administrateur.stockEntreprise(Administrateur.java:26)
	at tpnote.Administrateur.stockEntreprise(Administrateur.java:26)
	at tpnote.Administrateur.stockEntreprise(Administrateur.java:26)
	at tpnote.Administrateur.stockEntreprise(Administrateur.java:26)
	at tpnote.Administrateur.stockEntreprise(Administrateur.java:26)
	at tpnote.Administrateur.stockEntreprise(Administrateur.java:26)
	at tpnote.Administrateur.stockEntreprise(Administrateur.java:26)
	at tpnote.Administrateur.stockEntreprise(Administrateur.java:26)
	at tpnote.Administrateur.stockEntreprise(Administrateur.java:26)
	at tpnote.Administrateur.stockEntreprise(Administrateur.java:26)
	at tpnote.Administrateur.stockEntreprise(Administrateur.java:26)
	at tpnote.Administrateur.stockEntreprise(Administrateur.java:26)
	at tpnote.Administrateur.stockEntreprise(Administrateur.java:26)
	at tpnote.Administrateur.stockEntreprise(Administrateur.java:26)
	at tpnote.Administrateur.stockEntreprise(Administrateur.java:26)
	at tpnote.Administrateur.stockEntreprise(Administrateur.java:26)
	at tpnote.Administrateur.stockEntreprise(Administrateur.java:26)
	at tpnote.Administrateur.stockEntreprise(Administrateur.java:26)
	at tpnote.Administrateur.stockEntreprise(Administrateur.java:26)
	at tpnote.Administrateur.stockEntreprise(Administrateur.java:26)
	at tpnote.Administrateur.stockEntreprise(Administrateur.java:26)
	at tpnote.Administrateur.stockEntreprise(Administrateur.java:26)
	at tpnote.Administrateur.stockEntreprise(Administrateur.java:26)
	at tpnote.Administrateur.stockEntreprise(Administrateur.java:26)
	at tpnote.Administrateur.stockEntreprise(Administrateur.java:26)
	at tpnote.Administrateur.stockEntreprise(Administrateur.java:26)
	at tpnote.Administrateur.stockEntreprise(Administrateur.java:26)
	at tpnote.Administrateur.stockEntreprise(Administrateur.java:26)
	at tpnote.Administrateur.stockEntreprise(Administrateur.java:26)
	at tpnote.Administrateur.stockEntreprise(Administrateur.java:26)
	at tpnote.Administrateur.stockEntreprise(Administrateur.java:26)
	at tpnote.Administrateur.stockEntreprise(Administrateur.java:26)
	at tpnote.Administrateur.stockEntreprise(Administrateur.java:26)
	at tpnote.Administrateur.stockEntreprise(Administrateur.java:26)
	at tpnote.Administrateur.stockEntreprise(Administrateur.java:26)
	at tpnote.Administrateur.stockEntreprise(Administrateur.java:26)
	at tpnote.Administrateur.stockEntreprise(Administrateur.java:26)
	at tpnote.Administrateur.stockEntreprise(Administrateur.java:26)
	at tpnote.Administrateur.stockEntreprise(Administrateur.java:26)
	at tpnote.Administrateur.stockEntreprise(Administrateur.java:26)
	at tpnote.Administrateur.stockEntreprise(Administrateur.java:26)
	at tpnote.Administrateur.stockEntreprise(Administrateur.java:26)
	at tpnote.Administrateur.stockEntreprise(Administrateur.java:26)
	at tpnote.Administrateur.stockEntreprise(Administrateur.java:26)
	at tpnote.Administrateur.stockEntreprise(Administrateur.java:26)
	at tpnote.Administrateur.stockEntreprise(Administrateur.java:26)
	at tpnote.Administrateur.stockEntreprise(Administrateur.java:26)
	at tpnote.Administrateur.stockEntreprise(Administrateur.java:26)
	at tpnote.Administrateur.stockEntreprise(Administrateur.java:26)
	at tpnote.Administrateur.stockEntreprise(Administrateur.java:26)
	at tpnote.Administrateur.stockEntreprise(Administrateur.java:26)
	at tpnote.Administrateur.stockEntreprise(Administrateur.java:26)
	at tpnote.Administrateur.stockEntreprise(Administrateur.java:26)
	at tpnote.Administrateur.stockEntreprise(Administrateur.java:26)
	at tpnote.Administrateur.stockEntreprise(Administrateur.java:26)
	at tpnote.Administrateur.stockEntreprise(Administrateur.java:26)
	at tpnote.Administrateur.stockEntreprise(Administrateur.java:26)
	at tpnote.Administrateur.stockEntreprise(Administrateur.java:26)
	at tpnote.Administrateur.stockEntreprise(Administrateur.java:26)
	at tpnote.Administrateur.stockEntreprise(Administrateur.java:26)
	at tpnote.Administrateur.stockEntreprise(Administrateur.java:26)
	at tpnote.Administrateur.stockEntreprise(Administrateur.java:26)
	at tpnote.Administrateur.stockEntreprise(Administrateur.java:26)
	at tpnote.Administrateur.stockEntreprise(Administrateur.java:26)
	at tpnote.Administrateur.stockEntreprise(Administrateur.java:26)
	at tpnote.Administrateur.stockEntreprise(Administrateur.java:26)
	at tpnote.Administrateur.stockEntreprise(Administrateur.java:26)
	at tpnote.Administrateur.stockEntreprise(Administrateur.java:26)
	at tpnote.Administrateur.stockEntreprise(Administrateur.java:26)
	at tpnote.Administrateur.stockEntreprise(Administrateur.java:26)
	at tpnote.Administrateur.stockEntreprise(Administrateur.java:26)
	at tpnote.Administrateur.stockEntreprise(Administrateur.java:26)
	at tpnote.Administrateur.stockEntreprise(Administrateur.java:26)
	at tpnote.Administrateur.stockEntreprise(Administrateur.java:26)
	at tpnote.Administrateur.stockEntreprise(Administrateur.java:26)
	at tpnote.Administrateur.stockEntreprise(Administrateur.java:26)
	at tpnote.Administrateur.stockEntreprise(Administrateur.java:26)
	at tpnote.Administrateur.stockEntreprise(Administrateur.java:26)
	at tpnote.Administrateur.stockEntreprise(Administrateur.java:26)
	at tpnote.Administrateur.stockEntreprise(Administrateur.java:26)
	at tpnote.Administrateur.stockEntreprise(Administrateur.java:26)
	at tpnote.Administrateur.stockEntreprise(Administrateur.java:26)
	at tpnote.Administrateur.stockEntreprise(Administrateur.java:26)
	at tpnote.Administrateur.stockEntreprise(Administrateur.java:26)
	at tpnote.Administrateur.stockEntreprise(Administrateur.java:26)
	at tpnote.Administrateur.stockEntreprise(Administrateur.java:26)
	at tpnote.Administrateur.stockEntreprise(Administrateur.java:26)
	at tpnote.Administrateur.stockEntreprise(Administrateur.java:26)
	at tpnote.Administrateur.stockEntreprise(Administrateur.java:26)
	at tpnote.Administrateur.stockEntreprise(Administrateur.java:26)
	at tpnote.Administrateur.stockEntreprise(Administrateur.java:26)
	at tpnote.Administrateur.stockEntreprise(Administrateur.java:26)
	at tpnote.Administrateur.stockEntreprise(Administrateur.java:26)
	at tpnote.Administrateur.stockEntreprise(Administrateur.java:26)
	at tpnote.Administrateur.stockEntreprise(Administrateur.java:26)
	at tpnote.Administrateur.stockEntreprise(Administrateur.java:26)
	at tpnote.Administrateur.stockEntreprise(Administrateur.java:26)
	at tpnote.Administrateur.stockEntreprise(Administrateur.java:26)
	at tpnote.Administrateur.stockEntreprise(Administrateur.java:26)
	at tpnote.Administrateur.stockEntreprise(Administrateur.java:26)
	at tpnote.Administrateur.stockEntreprise(Administrateur.java:26)
	at tpnote.Administrateur.stockEntreprise(Administrateur.java:26)
	at tpnote.Administrateur.stockEntreprise(Administrateur.java:26)
	at tpnote.Administrateur.stockEntreprise(Administrateur.java:26)
	at tpnote.Administrateur.stockEntreprise(Administrateur.java:26)
	at tpnote.Administrateur.stockEntreprise(Administrateur.java:26)
	at tpnote.Administrateur.stockEntreprise(Administrateur.java:26)
	at tpnote.Administrateur.stockEntreprise(Administrateur.java:26)
	at tpnote.Administrateur.stockEntreprise(Administrateur.java:26)
	at tpnote.Administrateur.stockEntreprise(Administrateur.java:26)
	at tpnote.Administrateur.stockEntreprise(Administrateur.java:26)
	at tpnote.Administrateur.stockEntreprise(Administrateur.java:26)
	at tpnote.Administrateur.stockEntreprise(Administrateur.java:26)
	at tpnote.Administrateur.stockEntreprise(Administrateur.java:26)
	at tpnote.Administrateur.stockEntreprise(Administrateur.java:26)
	at tpnote.Administrateur.stockEntreprise(Administrateur.java:26)
	at tpnote.Administrateur.stockEntreprise(Administrateur.java:26)
	at tpnote.Administrateur.stockEntreprise(Administrateur.java:26)
	at tpnote.Administrateur.stockEntreprise(Administrateur.java:26)
	at tpnote.Administrateur.stockEntreprise(Administrateur.java:26)
	at tpnote.Administrateur.stockEntreprise(Administrateur.java:26)
	at tpnote.Administrateur.stockEntreprise(Administrateur.java:26)
	at tpnote.Administrateur.stockEntreprise(Administrateur.java:26)
	at tpnote.Administrateur.stockEntreprise(Administrateur.java:26)
	at tpnote.Administrateur.stockEntreprise(Administrateur.java:26)
	at tpnote.Administrateur.stockEntreprise(Administrateur.java:26)
	at tpnote.Administrateur.stockEntreprise(Administrateur.java:26)
	at tpnote.Administrateur.stockEntreprise(Administrateur.java:26)
	at tpnote.Administrateur.stockEntreprise(Administrateur.java:26)
	at tpnote.Administrateur.stockEntreprise(Administrateur.java:26)
	at tpnote.Administrateur.stockEntreprise(Administrateur.java:26)
	at tpnote.Administrateur.stockEntreprise(Administrateur.java:26)
	at tpnote.Administrateur.stockEntreprise(Administrateur.java:26)
	at tpnote.Administrateur.stockEntreprise(Administrateur.java:26)
	at tpnote.Administrateur.stockEntreprise(Administrateur.java:26)
	at tpnote.Administrateur.stockEntreprise(Administrateur.java:26)
	at tpnote.Administrateur.stockEntreprise(Administrateur.java:26)
	at tpnote.Administrateur.stockEntreprise(Administrateur.java:26)
	at tpnote.Administrateur.stockEntreprise(Administrateur.java:26)
	at tpnote.Administrateur.stockEntreprise(Administrateur.java:26)
	at tpnote.Administrateur.stockEntreprise(Administrateur.java:26)
	at tpnote.Administrateur.stockEntreprise(Administrateur.java:26)
	at tpnote.Administrateur.stockEntreprise(Administrateur.java:26)
	at tpnote.Administrateur.stockEntreprise(Administrateur.java:26)
	at tpnote.Administrateur.stockEntreprise(Administrateur.java:26)
	at tpnote.Administrateur.stockEntreprise(Administrateur.java:26)
	at tpnote.Administrateur.stockEntreprise(Administrateur.java:26)
	at tpnote.Administrateur.stockEntreprise(Administrateur.java:26)
	at tpnote.Administrateur.stockEntreprise(Administrateur.java:26)
	at tpnote.Administrateur.stockEntreprise(Administrateur.java:26)
	at tpnote.Administrateur.stockEntreprise(Administrateur.java:26)
	at tpnote.Administrateur.stockEntreprise(Administrateur.java:26)
	at tpnote.Administrateur.stockEntreprise(Administrateur.java:26)
	at tpnote.Administrateur.stockEntreprise(Administrateur.java:26)
	at tpnote.Administrateur.stockEntreprise(Administrateur.java:26)
	at tpnote.Administrateur.stockEntreprise(Administrateur.java:26)
	at tpnote.Administrateur.stockEntreprise(Administrateur.java:26)
	at tpnote.Administrateur.stockEntreprise(Administrateur.java:26)
	at tpnote.Administrateur.stockEntreprise(Administrateur.java:26)
	at tpnote.Administrateur.stockEntreprise(Administrateur.java:26)
	at tpnote.Administrateur.stockEntreprise(Administrateur.java:26)
	at tpnote.Administrateur.stockEntreprise(Administrateur.java:26)
	at tpnote.Administrateur.stockEntreprise(Administrateur.java:26)
	at tpnote.Administrateur.stockEntreprise(Administrateur.java:26)
	at tpnote.Administrateur.stockEntreprise(Administrateur.java:26)
	at tpnote.Administrateur.stockEntreprise(Administrateur.java:26)
	at tpnote.Administrateur.stockEntreprise(Administrateur.java:26)
	at tpnote.Administrateur.stockEntreprise(Administrateur.java:26)
	at tpnote.Administrateur.stockEntreprise(Administrateur.java:26)
	at tpnote.Administrateur.stockEntreprise(Administrateur.java:26)
	at tpnote.Administrateur.stockEntreprise(Administrateur.java:26)
	at tpnote.Administrateur.stockEntreprise(Administrateur.java:26)
	at tpnote.Administrateur.stockEntreprise(Administrateur.java:26)
	at tpnote.Administrateur.stockEntreprise(Administrateur.java:26)
	at tpnote.Administrateur.stockEntreprise(Administrateur.java:26)
	at tpnote.Administrateur.stockEntreprise(Administrateur.java:26)
	at tpnote.Administrateur.stockEntreprise(Administrateur.java:26)
	at tpnote.Administrateur.stockEntreprise(Administrateur.java:26)
	at tpnote.Administrateur.stockEntreprise(Administrateur.java:26)
	at tpnote.Administrateur.stockEntreprise(Administrateur.java:26)
	at tpnote.Administrateur.stockEntreprise(Administrateur.java:26)
	at tpnote.Administrateur.stockEntreprise(Administrateur.java:26)
	at tpnote.Administrateur.stockEntreprise(Administrateur.java:26)
	at tpnote.Administrateur.stockEntreprise(Administrateur.java:26)
	at tpnote.Administrateur.stockEntreprise(Administrateur.java:26)
	at tpnote.Administrateur.stockEntreprise(Administrateur.java:26)
	at tpnote.Administrateur.stockEntreprise(Administrateur.java:26)
	at tpnote.Administrateur.stockEntreprise(Administrateur.java:26)
	at tpnote.Administrateur.stockEntreprise(Administrateur.java:26)
	at tpnote.Administrateur.stockEntreprise(Administrateur.java:26)
	at tpnote.Administrateur.stockEntreprise(Administrateur.java:26)
	at tpnote.Administrateur.stockEntreprise(Administrateur.java:26)
	at tpnote.Administrateur.stockEntreprise(Administrateur.java:26)
	at tpnote.Administrateur.stockEntreprise(Administrateur.java:26)
	at tpnote.Administrateur.stockEntreprise(Administrateur.java:26)
	at tpnote.Administrateur.stockEntreprise(Administrateur.java:26)
	at tpnote.Administrateur.stockEntreprise(Administrateur.java:26)
	at tpnote.Administrateur.stockEntreprise(Administrateur.java:26)
	at tpnote.Administrateur.stockEntreprise(Administrateur.java:26)
	at tpnote.Administrateur.stockEntreprise(Administrateur.java:26)
	at tpnote.Administrateur.stockEntreprise(Administrateur.java:26)
	at tpnote.Administrateur.stockEntreprise(Administrateur.java:26)
	at tpnote.Administrateur.stockEntreprise(Administrateur.java:26)
	at tpnote.Administrateur.stockEntreprise(Administrateur.java:26)
	at tpnote.Administrateur.stockEntreprise(Administrateur.java:26)
	at tpnote.Administrateur.stockEntreprise(Administrateur.java:26)
	at tpnote.Administrateur.stockEntreprise(Administrateur.java:26)
	at tpnote.Administrateur.stockEntreprise(Administrateur.java:26)
	at tpnote.Administrateur.stockEntreprise(Administrateur.java:26)
	at tpnote.Administrateur.stockEntreprise(Administrateur.java:26)
	at tpnote.Administrateur.stockEntreprise(Administrateur.java:26)
	at tpnote.Administrateur.stockEntreprise(Administrateur.java:26)
	at tpnote.Administrateur.stockEntreprise(Administrateur.java:26)
	at tpnote.Administrateur.stockEntreprise(Administrateur.java:26)
	at tpnote.Administrateur.stockEntreprise(Administrateur.java:26)
	at tpnote.Administrateur.stockEntreprise(Administrateur.java:26)
	at tpnote.Administrateur.stockEntreprise(Administrateur.java:26)
	at tpnote.Administrateur.stockEntreprise(Administrateur.java:26)
	at tpnote.Administrateur.stockEntreprise(Administrateur.java:26)
	at tpnote.Administrateur.stockEntreprise(Administrateur.java:26)
	at tpnote.Administrateur.stockEntreprise(Administrateur.java:26)
	at tpnote.Administrateur.stockEntreprise(Administrateur.java:26)
	at tpnote.Administrateur.stockEntreprise(Administrateur.java:26)
	at tpnote.Administrateur.stockEntreprise(Administrateur.java:26)
	at tpnote.Administrateur.stockEntreprise(Administrateur.java:26)
	at tpnote.Administrateur.stockEntreprise(Administrateur.java:26)
	at tpnote.Administrateur.stockEntreprise(Administrateur.java:26)
	at tpnote.Administrateur.stockEntreprise(Administrateur.java:26)
	at tpnote.Administrateur.stockEntreprise(Administrateur.java:26)
	at tpnote.Administrateur.stockEntreprise(Administrateur.java:26)
	at tpnote.Administrateur.stockEntreprise(Administrateur.java:26)
	at tpnote.Administrateur.stockEntreprise(Administrateur.java:26)
	at tpnote.Administrateur.stockEntreprise(Administrateur.java:26)
	at tpnote.Administrateur.stockEntreprise(Administrateur.java:26)
	at tpnote.Administrateur.stockEntreprise(Administrateur.java:26)
	at tpnote.Administrateur.stockEntreprise(Administrateur.java:26)
	at tpnote.Administrateur.stockEntreprise(Administrateur.java:26)
	at tpnote.Administrateur.stockEntreprise(Administrateur.java:26)
	at tpnote.Administrateur.stockEntreprise(Administrateur.java:26)
	at tpnote.Administrateur.stockEntreprise(Administrateur.java:26)
	at tpnote.Administrateur.stockEntreprise(Administrateur.java:26)
	at tpnote.Administrateur.stockEntreprise(Administrateur.java:26)
	at tpnote.Administrateur.stockEntreprise(Administrateur.java:26)
	at tpnote.Administrateur.stockEntreprise(Administrateur.java:26)
	at tpnote.Administrateur.stockEntreprise(Administrateur.java:26)
	at tpnote.Administrateur.stockEntreprise(Administrateur.java:26)
	at tpnote.Administrateur.stockEntreprise(Administrateur.java:26)
	at tpnote.Administrateur.stockEntreprise(Administrateur.java:26)
	at tpnote.Administrateur.stockEntreprise(Administrateur.java:26)
	at tpnote.Administrateur.stockEntreprise(Administrateur.java:26)
	at tpnote.Administrateur.stockEntreprise(Administrateur.java:26)
	at tpnote.Administrateur.stockEntreprise(Administrateur.java:26)
	at tpnote.Administrateur.stockEntreprise(Administrateur.java:26)
	at tpnote.Administrateur.stockEntreprise(Administrateur.java:26)
	at tpnote.Administrateur.stockEntreprise(Administrateur.java:26)
	at tpnote.Administrateur.stockEntreprise(Administrateur.java:26)
	at tpnote.Administrateur.stockEntreprise(Administrateur.java:26)
	at tpnote.Administrateur.stockEntreprise(Administrateur.java:26)
	at tpnote.Administrateur.stockEntreprise(Administrateur.java:26)
	at tpnote.Administrateur.stockEntreprise(Administrateur.java:26)
	at tpnote.Administrateur.stockEntreprise(Administrateur.java:26)
	at tpnote.Administrateur.stockEntreprise(Administrateur.java:26)
	at tpnote.Administrateur.stockEntreprise(Administrateur.java:26)
	at tpnote.Administrateur.stockEntreprise(Administrateur.java:26)
	at tpnote.Administrateur.stockEntreprise(Administrateur.java:26)
	at tpnote.Administrateur.stockEntreprise(Administrateur.java:26)
	at tpnote.Administrateur.stockEntreprise(Administrateur.java:26)
	at tpnote.Administrateur.stockEntreprise(Administrateur.java:26)
	at tpnote.Administrateur.stockEntreprise(Administrateur.java:26)
	at tpnote.Administrateur.stockEntreprise(Administrateur.java:26)
	at tpnote.Administrateur.stockEntreprise(Administrateur.java:26)
	at tpnote.Administrateur.stockEntreprise(Administrateur.java:26)
	at tpnote.Administrateur.stockEntreprise(Administrateur.java:26)
	at tpnote.Administrateur.stockEntreprise(Administrateur.java:26)
	at tpnote.Administrateur.stockEntreprise(Administrateur.java:26)
	at tpnote.Administrateur.stockEntreprise(Administrateur.java:26)
	at tpnote.Administrateur.stockEntreprise(Administrateur.java:26)
	at tpnote.Administrateur.stockEntreprise(Administrateur.java:26)
	at tpnote.Administrateur.stockEntreprise(Administrateur.java:26)
	at tpnote.Administrateur.stockEntreprise(Administrateur.java:26)
	at tpnote.Administrateur.stockEntreprise(Administrateur.java:26)
	at tpnote.Administrateur.stockEntreprise(Administrateur.java:26)
	at tpnote.Administrateur.stockEntreprise(Administrateur.java:26)
	at tpnote.Administrateur.stockEntreprise(Administrateur.java:26)
	at tpnote.Administrateur.stockEntreprise(Administrateur.java:26)
	at tpnote.Administrateur.stockEntreprise(Administrateur.java:26)
	at tpnote.Administrateur.stockEntreprise(Administrateur.java:26)
	at tpnote.Administrateur.stockEntreprise(Administrateur.java:26)
	at tpnote.Administrateur.stockEntreprise(Administrateur.java:26)
	at tpnote.Administrateur.stockEntreprise(Administrateur.java:26)
	at tpnote.Administrateur.stockEntreprise(Administrateur.java:26)
	at tpnote.Administrateur.stockEntreprise(Administrateur.java:26)
	at tpnote.Administrateur.stockEntreprise(Administrateur.java:26)
	at tpnote.Administrateur.stockEntreprise(Administrateur.java:26)
	at tpnote.Administrateur.stockEntreprise(Administrateur.java:26)
	at tpnote.Administrateur.stockEntreprise(Administrateur.java:26)
	at tpnote.Administrateur.stockEntreprise(Administrateur.java:26)
	at tpnote.Administrateur.stockEntreprise(Administrateur.java:26)
	at tpnote.Administrateur.stockEntreprise(Administrateur.java:26)
	at tpnote.Administrateur.stockEntreprise(Administrateur.java:26)
	at tpnote.Administrateur.stockEntreprise(Administrateur.java:26)
	at tpnote.Administrateur.stockEntreprise(Administrateur.java:26)
	at tpnote.Administrateur.stockEntreprise(Administrateur.java:26)
	at tpnote.Administrateur.stockEntreprise(Administrateur.java:26)
	at tpnote.Administrateur.stockEntreprise(Administrateur.java:26)
	at tpnote.Administrateur.stockEntreprise(Administrateur.java:26)
	at tpnote.Administrateur.stockEntreprise(Administrateur.java:26)
	at tpnote.Administrateur.stockEntreprise(Administrateur.java:26)
	at tpnote.Administrateur.stockEntreprise(Administrateur.java:26)
	at tpnote.Administrateur.stockEntreprise(Administrateur.java:26)
	at tpnote.Administrateur.stockEntreprise(Administrateur.java:26)
	at tpnote.Administrateur.stockEntreprise(Administrateur.java:26)
	at tpnote.Administrateur.stockEntreprise(Administrateur.java:26)
	at tpnote.Administrateur.stockEntreprise(Administrateur.java:26)
	at tpnote.Administrateur.stockEntreprise(Administrateur.java:26)
	at tpnote.Administrateur.stockEntreprise(Administrateur.java:26)
	at tpnote.Administrateur.stockEntreprise(Administrateur.java:26)
	at tpnote.Administrateur.stockEntreprise(Administrateur.java:26)
	at tpnote.Administrateur.stockEntreprise(Administrateur.java:26)
	at tpnote.Administrateur.stockEntreprise(Administrateur.java:26)
	at tpnote.Administrateur.stockEntreprise(Administrateur.java:26)
	at tpnote.Administrateur.stockEntreprise(Administrateur.java:26)
	at tpnote.Administrateur.stockEntreprise(Administrateur.java:26)
	at tpnote.Administrateur.stockEntreprise(Administrateur.java:26)
	at tpnote.Administrateur.stockEntreprise(Administrateur.java:26)
	at tpnote.Administrateur.stockEntreprise(Administrateur.java:26)
	at tpnote.Administrateur.stockEntreprise(Administrateur.java:26)
	at tpnote.Administrateur.stockEntreprise(Administrateur.java:26)
	at tpnote.Administrateur.stockEntreprise(Administrateur.java:26)
	at tpnote.Administrateur.stockEntreprise(Administrateur.java:26)
	at tpnote.Administrateur.stockEntreprise(Administrateur.java:26)
	at tpnote.Administrateur.stockEntreprise(Administrateur.java:26)
	at tpnote.Administrateur.stockEntreprise(Administrateur.java:26)
	at tpnote.Administrateur.stockEntreprise(Administrateur.java:26)
	at tpnote.Administrateur.stockEntreprise(Administrateur.java:26)
	at tpnote.Administrateur.stockEntreprise(Administrateur.java:26)
	at tpnote.Administrateur.stockEntreprise(Administrateur.java:26)
	at tpnote.Administrateur.stockEntreprise(Administrateur.java:26)
	at tpnote.Administrateur.stockEntreprise(Administrateur.java:26)
	at tpnote.Administrateur.stockEntreprise(Administrateur.java:26)
	at tpnote.Administrateur.stockEntreprise(Administrateur.java:26)
	at tpnote.Administrateur.stockEntreprise(Administrateur.java:26)
	at tpnote.Administrateur.stockEntreprise(Administrateur.java:26)
	at tpnote.Administrateur.stockEntreprise(Administrateur.java:26)
	at tpnote.Administrateur.stockEntreprise(Administrateur.java:26)
	at tpnote.Administrateur.stockEntreprise(Administrateur.java:26)
	at tpnote.Administrateur.stockEntreprise(Administrateur.java:26)
	at tpnote.Administrateur.stockEntreprise(Administrateur.java:26)
	at tpnote.Administrateur.stockEntreprise(Administrateur.java:26)
	at tpnote.Administrateur.stockEntreprise(Administrateur.java:26)
	at tpnote.Administrateur.stockEntreprise(Administrateur.java:26)
	at tpnote.Administrateur.stockEntreprise(Administrateur.java:26)
	at tpnote.Administrateur.stockEntreprise(Administrateur.java:26)
	at tpnote.Administrateur.stockEntreprise(Administrateur.java:26)
	at tpnote.Administrateur.stockEntreprise(Administrateur.java:26)
	at tpnote.Administrateur.stockEntreprise(Administrateur.java:26)
	at tpnote.Administrateur.stockEntreprise(Administrateur.java:26)
	at tpnote.Administrateur.stockEntreprise(Administrateur.java:26)
	at tpnote.Administrateur.stockEntreprise(Administrateur.java:26)
	at tpnote.Administrateur.stockEntreprise(Administrateur.java:26)
	at tpnote.Administrateur.stockEntreprise(Administrateur.java:26)
	at tpnote.Administrateur.stockEntreprise(Administrateur.java:26)
	at tpnote.Administrateur.stockEntreprise(Administrateur.java:26)
	at tpnote.Administrateur.stockEntreprise(Administrateur.java:26)
	at tpnote.Administrateur.stockEntreprise(Administrateur.java:26)
	at tpnote.Administrateur.stockEntreprise(Administrateur.java:26)
	at tpnote.Administrateur.stockEntreprise(Administrateur.java:26)
	at tpnote.Administrateur.stockEntreprise(Administrateur.java:26)
	at tpnote.Administrateur.stockEntreprise(Administrateur.java:26)
	at tpnote.Administrateur.stockEntreprise(Administrateur.java:26)
	at tpnote.Administrateur.stockEntreprise(Administrateur.java:26)
	at tpnote.Administrateur.stockEntreprise(Administrateur.java:26)
	at tpnote.Administrateur.stockEntreprise(Administrateur.java:26)
	at tpnote.Administrateur.stockEntreprise(Administrateur.java:26)
	at tpnote.Administrateur.stockEntreprise(Administrateur.java:26)
	at tpnote.Administrateur.stockEntreprise(Administrateur.java:26)
	at tpnote.Administrateur.stockEntreprise(Administrateur.java:26)
	at tpnote.Administrateur.stockEntreprise(Administrateur.java:26)
	at tpnote.Administrateur.stockEntreprise(Administrateur.java:26)
	at tpnote.Administrateur.stockEntreprise(Administrateur.java:26)
	at tpnote.Administrateur.stockEntreprise(Administrateur.java:26)
	at tpnote.Administrateur.stockEntreprise(Administrateur.java:26)
	at tpnote.Administrateur.stockEntreprise(Administrateur.java:26)
	at tpnote.Administrateur.stockEntreprise(Administrateur.java:26)
	at tpnote.Administrateur.stockEntreprise(Administrateur.java:26)
	at tpnote.Administrateur.stockEntreprise(Administrateur.java:26)
	at tpnote.Administrateur.stockEntreprise(Administrateur.java:26)
	at tpnote.Administrateur.stockEntreprise(Administrateur.java:26)
	at tpnote.Administrateur.stockEntreprise(Administrateur.java:26)
	at tpnote.Administrateur.stockEntreprise(Administrateur.java:26)
	at tpnote.Administrateur.stockEntreprise(Administrateur.java:26)
	at tpnote.Administrateur.stockEntreprise(Administrateur.java:26)
	at tpnote.Administrateur.stockEntreprise(Administrateur.java:26)
	at tpnote.Administrateur.stockEntreprise(Administrateur.java:26)
	at tpnote.Administrateur.stockEntreprise(Administrateur.java:26)
	at tpnote.Administrateur.stockEntreprise(Administrateur.java:26)
	at tpnote.Administrateur.stockEntreprise(Administrateur.java:26)
	at tpnote.Administrateur.stockEntreprise(Administrateur.java:26)
	at tpnote.Administrateur.stockEntreprise(Administrateur.java:26)
	at tpnote.Administrateur.stockEntreprise(Administrateur.java:26)
	at tpnote.Administrateur.stockEntreprise(Administrateur.java:26)
	at tpnote.Administrateur.stockEntreprise(Administrateur.java:26)
	at tpnote.Administrateur.stockEntreprise(Administrateur.java:26)
	at tpnote.Administrateur.stockEntreprise(Administrateur.java:26)
	at tpnote.Administrateur.stockEntreprise(Administrateur.java:26)
	at tpnote.Administrateur.stockEntreprise(Administrateur.java:26)
	at tpnote.Administrateur.stockEntreprise(Administrateur.java:26)
	at tpnote.Administrateur.stockEntreprise(Administrateur.java:26)
	at tpnote.Administrateur.stockEntreprise(Administrateur.java:26)
	at tpnote.Administrateur.stockEntreprise(Administrateur.java:26)
	at tpnote.Administrateur.stockEntreprise(Administrateur.java:26)
	at tpnote.Administrateur.stockEntreprise(Administrateur.java:26)
	at tpnote.Administrateur.stockEntreprise(Administrateur.java:26)
	at tpnote.Administrateur.stockEntreprise(Administrateur.java:26)
	at tpnote.Administrateur.stockEntreprise(Administrateur.java:26)
	at tpnote.Administrateur.stockEntreprise(Administrateur.java:26)
	at tpnote.Administrateur.stockEntreprise(Administrateur.java:26)
	at tpnote.Administrateur.stockEntreprise(Administrateur.java:26)
	at tpnote.Administrateur.stockEntreprise(Administrateur.java:26)
	at tpnote.Administrateur.stockEntreprise(Administrateur.java:26)
	at tpnote.Administrateur.stockEntreprise(Administrateur.java:26)
	at tpnote.Administrateur.stockEntreprise(Administrateur.java:26)
	at tpnote.Administrateur.stockEntreprise(Administrateur.java:26)
	at tpnote.Administrateur.stockEntreprise(Administrateur.java:26)
	at tpnote.Administrateur.stockEntreprise(Administrateur.java:26)
	at tpnote.Administrateur.stockEntreprise(Administrateur.java:26)
	at tpnote.Administrateur.stockEntreprise(Administrateur.java:26)
	at tpnote.Administrateur.stockEntreprise(Administrateur.java:26)
	at tpnote.Administrateur.stockEntreprise(Administrateur.java:26)
	at tpnote.Administrateur.stockEntreprise(Administrateur.java:26)
	at tpnote.Administrateur.stockEntreprise(Administrateur.java:26)
	at tpnote.Administrateur.stockEntreprise(Administrateur.java:26)
	at tpnote.Administrateur.stockEntreprise(Administrateur.java:26)
	at tpnote.Administrateur.stockEntreprise(Administrateur.java:26)
	at tpnote.Administrateur.stockEntreprise(Administrateur.java:26)
	at tpnote.Administrateur.stockEntreprise(Administrateur.java:26)
	at tpnote.Administrateur.stockEntreprise(Administrateur.java:26)
	at tpnote.Administrateur.stockEntreprise(Administrateur.java:26)
	at tpnote.Administrateur.stockEntreprise(Administrateur.java:26)
	at tpnote.Administrateur.stockEntreprise(Administrateur.java:26)
	at tpnote.Administrateur.stockEntreprise(Administrateur.java:26)
	at tpnote.Administrateur.stockEntreprise(Administrateur.java:26)
	at tpnote.Administrateur.stockEntreprise(Administrateur.java:26)
	at tpnote.Administrateur.stockEntreprise(Administrateur.java:26)
	at tpnote.Administrateur.stockEntreprise(Administrateur.java:26)
	at tpnote.Administrateur.stockEntreprise(Administrateur.java:26)
	at tpnote.Administrateur.stockEntreprise(Administrateur.java:26)
	at tpnote.Administrateur.stockEntreprise(Administrateur.java:26)
	at tpnote.Administrateur.stockEntreprise(Administrateur.java:26)
	at tpnote.Administrateur.stockEntreprise(Administrateur.java:26)
	at tpnote.Administrateur.stockEntreprise(Administrateur.java:26)
	at tpnote.Administrateur.stockEntreprise(Administrateur.java:26)
	at tpnote.Administrateur.stockEntreprise(Administrateur.java:26)
	at tpnote.Administrateur.stockEntreprise(Administrateur.java:26)
	at tpnote.Administrateur.stockEntreprise(Administrateur.java:26)
	at tpnote.Administrateur.stockEntreprise(Administrateur.java:26)
	at tpnote.Administrateur.stockEntreprise(Administrateur.java:26)
	at tpnote.Administrateur.stockEntreprise(Administrateur.java:26)
	at tpnote.Administrateur.stockEntreprise(Administrateur.java:26)
	at tpnote.Administrateur.stockEntreprise(Administrateur.java:26)
	at tpnote.Administrateur.stockEntreprise(Administrateur.java:26)
	at tpnote.Administrateur.stockEntreprise(Administrateur.java:26)
	at tpnote.Administrateur.stockEntreprise(Administrateur.java:26)
	at tpnote.Administrateur.stockEntreprise(Administrateur.java:26)
	at tpnote.Administrateur.stockEntreprise(Administrateur.java:26)
	at tpnote.Administrateur.stockEntreprise(Administrateur.java:26)
	at tpnote.Administrateur.stockEntreprise(Administrateur.java:26)
	at tpnote.Administrateur.stockEntreprise(Administrateur.java:26)
	at tpnote.Administrateur.stockEntreprise(Administrateur.java:26)
	at tpnote.Administrateur.stockEntreprise(Administrateur.java:26)
	at tpnote.Administrateur.stockEntreprise(Administrateur.java:26)
	at tpnote.Administrateur.stockEntreprise(Administrateur.java:26)
	at tpnote.Administrateur.stockEntreprise(Administrateur.java:26)
	at tpnote.Administrateur.stockEntreprise(Administrateur.java:26)
	at tpnote.Administrateur.stockEntreprise(Administrateur.java:26)
	at tpnote.Administrateur.stockEntreprise(Administrateur.java:26)
	at tpnote.Administrateur.stockEntreprise(Administrateur.java:26)
	at tpnote.Administrateur.stockEntreprise(Administrateur.java:26)
	at tpnote.Administrateur.stockEntreprise(Administrateur.java:26)
	at tpnote.Administrateur.stockEntreprise(Administrateur.java:26)
	at tpnote.Administrateur.stockEntreprise(Administrateur.java:26)
	at tpnote.Administrateur.stockEntreprise(Administrateur.java:26)
	at tpnote.Administrateur.stockEntreprise(Administrateur.java:26)
	at tpnote.Administrateur.stockEntreprise(Administrateur.java:26)
	at tpnote.Administrateur.stockEntreprise(Administrateur.java:26)
	at tpnote.Administrateur.stockEntreprise(Administrateur.java:26)
	at tpnote.Administrateur.stockEntreprise(Administrateur.java:26)
	at tpnote.Administrateur.stockEntreprise(Administrateur.java:26)
	at tpnote.Administrateur.stockEntreprise(Administrateur.java:26)
	at tpnote.Administrateur.stockEntreprise(Administrateur.java:26)
	at tpnote.Administrateur.stockEntreprise(Administrateur.java:26)
	at tpnote.Administrateur.stockEntreprise(Administrateur.java:26)
	at tpnote.Administrateur.stockEntreprise(Administrateur.java:26)
	at tpnote.Administrateur.stockEntreprise(Administrateur.java:26)
	at tpnote.Administrateur.stockEntreprise(Administrateur.java:26)
	at tpnote.Administrateur.stockEntreprise(Administrateur.java:26)
	at tpnote.Administrateur.stockEntreprise(Administrateur.java:26)
	at tpnote.Administrateur.stockEntreprise(Administrateur.java:26)
	at tpnote.Administrateur.stockEntreprise(Administrateur.java:26)
	at tpnote.Administrateur.stockEntreprise(Administrateur.java:26)
	at tpnote.Administrateur.stockEntreprise(Administrateur.java:26)
	at tpnote.Administrateur.stockEntreprise(Administrateur.java:26)
	at tpnote.Administrateur.stockEntreprise(Administrateur.java:26)
	at tpnote.Administrateur.stockEntreprise(Administrateur.java:26)
	at tpnote.Administrateur.stockEntreprise(Administrateur.java:26)
	at tpnote.Administrateur.stockEntreprise(Administrateur.java:26)
	at tpnote.Administrateur.stockEntreprise(Administrateur.java:26)
	at tpnote.Administrateur.stockEntreprise(Administrateur.java:26)
	at tpnote.Administrateur.stockEntreprise(Administrateur.java:26)
	at tpnote.Administrateur.stockEntreprise(Administrateur.java:26)
	at tpnote.Administrateur.stockEntreprise(Administrateur.java:26)
	at tpnote.Administrateur.stockEntreprise(Administrateur.java:26)
	at tpnote.Administrateur.stockEntreprise(Administrateur.java:26)
	at tpnote.Administrateur.stockEntreprise(Administrateur.java:26)
	at tpnote.Administrateur.stockEntreprise(Administrateur.java:26)
	at tpnote.Administrateur.stockEntreprise(Administrateur.java:26)
	at tpnote.Administrateur.stockEntreprise(Administrateur.java:26)
	at tpnote.Administrateur.stockEntreprise(Administrateur.java:26)
	at tpnote.Administrateur.stockEntreprise(Administrateur.java:26)
	at tpnote.Administrateur.stockEntreprise(Administrateur.java:26)
	at tpnote.Administrateur.stockEntreprise(Administrateur.java:26)
	at tpnote.Administrateur.stockEntreprise(Administrateur.java:26)
	at tpnote.Administrateur.stockEntreprise(Administrateur.java:26)
	at tpnote.Administrateur.stockEntreprise(Administrateur.java:26)
	at tpnote.Administrateur.stockEntreprise(Administrateur.java:26)
	at tpnote.Administrateur.stockEntreprise(Administrateur.java:26)
	at tpnote.Administrateur.stockEntreprise(Administrateur.java:26)
	at tpnote.Administrateur.stockEntreprise(Administrateur.java:26)
	at tpnote.Administrateur.stockEntreprise(Administrateur.java:26)
	at tpnote.Administrateur.stockEntreprise(Administrateur.java:26)
	at tpnote.Administrateur.stockEntreprise(Administrateur.java:26)
	at tpnote.Administrateur.stockEntreprise(Administrateur.java:26)
	at tpnote.Administrateur.stockEntreprise(Administrateur.java:26)
	at tpnote.Administrateur.stockEntreprise(Administrateur.java:26)
	at tpnote.Administrateur.stockEntreprise(Administrateur.java:26)
	at tpnote.Administrateur.stockEntreprise(Administrateur.java:26)
	at tpnote.Administrateur.stockEntreprise(Administrateur.java:26)
	at tpnote.Administrateur.stockEntreprise(Administrateur.java:26)
	at tpnote.Administrateur.stockEntreprise(Administrateur.java:26)
	at tpnote.Administrateur.stockEntreprise(Administrateur.java:26)
	at tpnote.Administrateur.stockEntreprise(Administrateur.java:26)
	at tpnote.Administrateur.stockEntreprise(Administrateur.java:26)
	at tpnote.Administrateur.stockEntreprise(Administrateur.java:26)
	at tpnote.Administrateur.stockEntreprise(Administrateur.java:26)
	at tpnote.Administrateur.stockEntreprise(Administrateur.java:26)
	at tpnote.Administrateur.stockEntreprise(Administrateur.java:26)
	at tpnote.Administrateur.stockEntreprise(Administrateur.java:26)
	at tpnote.Administrateur.stockEntreprise(Administrateur.java:26)
	at tpnote.Administrateur.stockEntreprise(Administrateur.java:26)
	at tpnote.Administrateur.stockEntreprise(Administrateur.java:26)
	at tpnote.Administrateur.stockEntreprise(Administrateur.java:26)
	at tpnote.Administrateur.stockEntreprise(Administrateur.java:26)
	at tpnote.Administrateur.stockEntreprise(Administrateur.java:26)
	at tpnote.Administrateur.stockEntreprise(Administrateur.java:26)
	at tpnote.Administrateur.stockEntreprise(Administrateur.java:26)
	at tpnote.Administrateur.stockEntreprise(Administrateur.java:26)
	at tpnote.Administrateur.stockEntreprise(Administrateur.java:26)
	at tpnote.Administrateur.stockEntreprise(Administrateur.java:26)
	at tpnote.Administrateur.stockEntreprise(Administrateur.java:26)
	at tpnote.Administrateur.stockEntreprise(Administrateur.java:26)
	at tpnote.Administrateur.stockEntreprise(Administrateur.java:26)
	at tpnote.Administrateur.stockEntreprise(Administrateur.java:26)
	at tpnote.Administrateur.stockEntreprise(Administrateur.java:26)
	at tpnote.Administrateur.stockEntreprise(Administrateur.java:26)
	at tpnote.Administrateur.stockEntreprise(Administrateur.java:26)
	at tpnote.Administrateur.stockEntreprise(Administrateur.java:26)
	at tpnote.Administrateur.stockEntreprise(Administrateur.java:26)
	at tpnote.Administrateur.stockEntreprise(Administrateur.java:26)
	at tpnote.Administrateur.stockEntreprise(Administrateur.java:26)
	at tpnote.Administrateur.stockEntreprise(Administrateur.java:26)
	at tpnote.Administrateur.stockEntreprise(Administrateur.java:26)
	at tpnote.Administrateur.stockEntreprise(Administrateur.java:26)
	at tpnote.Administrateur.stockEntreprise(Administrateur.java:26)
	at tpnote.Administrateur.stockEntreprise(Administrateur.java:26)
	at tpnote.Administrateur.stockEntreprise(Administrateur.java:26)
	at tpnote.Administrateur.stockEntreprise(Administrateur.java:26)
	at tpnote.Administrateur.stockEntreprise(Administrateur.java:26)
	at tpnote.Administrateur.stockEntreprise(Administrateur.java:26)
	at tpnote.Administrateur.stockEntreprise(Administrateur.java:26)
	at tpnote.Administrateur.stockEntreprise(Administrateur.java:26)
	at tpnote.Administrateur.stockEntreprise(Administrateur.java:26)
	at tpnote.Administrateur.stockEntreprise(Administrateur.java:26)
	at tpnote.Administrateur.stockEntreprise(Administrateur.java:26)
	at tpnote.Administrateur.stockEntreprise(Administrateur.java:26)
	at tpnote.Administrateur.stockEntreprise(Administrateur.java:26)
	at tpnote.Administrateur.stockEntreprise(Administrateur.java:26)
	at tpnote.Administrateur.stockEntreprise(Administrateur.java:26)
	at tpnote.Administrateur.stockEntreprise(Administrateur.java:26)
	at tpnote.Administrateur.stockEntreprise(Administrateur.java:26)
	at tpnote.Administrateur.stockEntreprise(Administrateur.java:26)
	at tpnote.Administrateur.stockEntreprise(Administrateur.java:26)
	at tpnote.Administrateur.stockEntreprise(Administrateur.java:26)
	at tpnote.Administrateur.stockEntreprise(Administrateur.java:26)
	at tpnote.Administrateur.stockEntreprise(Administrateur.java:26)
	at tpnote.Administrateur.stockEntreprise(Administrateur.java:26)
	at tpnote.Administrateur.stockEntreprise(Administrateur.java:26)
	at tpnote.Administrateur.stockEntreprise(Administrateur.java:26)
	at tpnote.Administrateur.stockEntreprise(Administrateur.java:26)
	at tpnote.Administrateur.stockEntreprise(Administrateur.java:26)
	at tpnote.Administrateur.stockEntreprise(Administrateur.java:26)
	at tpnote.Administrateur.stockEntreprise(Administrateur.java:26)
	at tpnote.Administrateur.stockEntreprise(Administrateur.java:26)
	at tpnote.Administrateur.stockEntreprise(Administrateur.java:26)
	at tpnote.Administrateur.stockEntreprise(Administrateur.java:26)
	at tpnote.Administrateur.stockEntreprise(Administrateur.java:26)
	at tpnote.Administrateur.stockEntreprise(Administrateur.java:26)
	at tpnote.Administrateur.stockEntreprise(Administrateur.java:26)
	at tpnote.Administrateur.stockEntreprise(Administrateur.java:26)
	at tpnote.Administrateur.stockEntreprise(Administrateur.java:26)
	at tpnote.Administrateur.stockEntreprise(Administrateur.java:26)
	at tpnote.Administrateur.stockEntreprise(Administrateur.java:26)
	at tpnote.Administrateur.stockEntreprise(Administrateur.java:26)
	at tpnote.Administrateur.stockEntreprise(Administrateur.java:26)
	at tpnote.Administrateur.stockEntreprise(Administrateur.java:26)
	at tpnote.Administrateur.stockEntreprise(Administrateur.java:26)
	at tpnote.Administrateur.stockEntreprise(Administrateur.java:26)
	at tpnote.Administrateur.stockEntreprise(Administrateur.java:26)
	at tpnote.Administrateur.stockEntreprise(Administrateur.java:26)
	at tpnote.Administrateur.stockEntreprise(Administrateur.java:26)
	at tpnote.Administrateur.stockEntreprise(Administrateur.java:26)
	at tpnote.Administrateur.stockEntreprise(Administrateur.java:26)
	at tpnote.Administrateur.stockEntreprise(Administrateur.java:26)
	at tpnote.Administrateur.stockEntreprise(Administrateur.java:26)
	at tpnote.Administrateur.stockEntreprise(Administrateur.java:26)
	at tpnote.Administrateur.stockEntreprise(Administrateur.java:26)
	at tpnote.Administrateur.stockEntreprise(Administrateur.java:26)
	at tpnote.Administrateur.stockEntreprise(Administrateur.java:26)
	at tpnote.Administrateur.stockEntreprise(Administrateur.java:26)
	at tpnote.Administrateur.stockEntreprise(Administrateur.java:26)
	at tpnote.Administrateur.stockEntreprise(Administrateur.java:26)
	at tpnote.Administrateur.stockEntreprise(Administrateur.java:26)
	at tpnote.Administrateur.stockEntreprise(Administrateur.java:26)
	at tpnote.Administrateur.stockEntreprise(Administrateur.java:26)
	at tpnote.Administrateur.stockEntreprise(Administrateur.java:26)
	at tpnote.Administrateur.stockEntreprise(Administrateur.java:26)
	at tpnote.Administrateur.stockEntreprise(Administrateur.java:26)
	at tpnote.Administrateur.stockEntreprise(Administrateur.java:26)
	at tpnote.Administrateur.stockEntreprise(Administrateur.java:26)
	at tpnote.Administrateur.stockEntreprise(Administrateur.java:26)
	at tpnote.Administrateur.stockEntreprise(Administrateur.java:26)
	at tpnote.Administrateur.stockEntreprise(Administrateur.java:26)
	at tpnote.Administrateur.stockEntreprise(Administrateur.java:26)
	at tpnote.Administrateur.stockEntreprise(Administrateur.java:26)
	at tpnote.Administrateur.stockEntreprise(Administrateur.java:26)
	at tpnote.Administrateur.stockEntreprise(Administrateur.java:26)
	at tpnote.Administrateur.stockEntreprise(Administrateur.java:26)
	at tpnote.Administrateur.stockEntreprise(Administrateur.java:26)
	at tpnote.Administrateur.stockEntreprise(Administrateur.java:26)
	at tpnote.Administrateur.stockEntreprise(Administrateur.java:26)
	at tpnote.Administrateur.stockEntreprise(Administrateur.java:26)
	at tpnote.Administrateur.stockEntreprise(Administrateur.java:26)
	at tpnote.Administrateur.stockEntreprise(Administrateur.java:26)
	at tpnote.Administrateur.stockEntreprise(Administrateur.java:26)
	at tpnote.Administrateur.stockEntreprise(Administrateur.java:26)
	at tpnote.Administrateur.stockEntreprise(Administrateur.java:26)
	at tpnote.Administrateur.stockEntreprise(Administrateur.java:26)
	at tpnote.Administrateur.stockEntreprise(Administrateur.java:26)
	at tpnote.Administrateur.stockEntreprise(Administrateur.java:26)
	at tpnote.Administrateur.stockEntreprise(Administrateur.java:26)
	at tpnote.Administrateur.stockEntreprise(Administrateur.java:26)
	at tpnote.Administrateur.stockEntreprise(Administrateur.java:26)
	at tpnote.Administrateur.stockEntreprise(Administrateur.java:26)
	at tpnote.Administrateur.stockEntreprise(Administrateur.java:26)
	at tpnote.Administrateur.stockEntreprise(Administrateur.java:26)
	at tpnote.Administrateur.stockEntreprise(Administrateur.java:26)
	at tpnote.Administrateur.stockEntreprise(Administrateur.java:26)
	at tpnote.Administrateur.stockEntreprise(Administrateur.java:26)
	at tpnote.Administrateur.stockEntreprise(Administrateur.java:26)
	at tpnote.Administrateur.stockEntreprise(Administrateur.java:26)
	at tpnote.Administrateur.stockEntreprise(Administrateur.java:26)
	at tpnote.Administrateur.stockEntreprise(Administrateur.java:26)
	at tpnote.Administrateur.stockEntreprise(Administrateur.java:26)
	at tpnote.Administrateur.stockEntreprise(Administrateur.java:26)
	at tpnote.Administrateur.stockEntreprise(Administrateur.java:26)
	at tpnote.Administrateur.stockEntreprise(Administrateur.java:26)
	at tpnote.Administrateur.stockEntreprise(Administrateur.java:26)
	at tpnote.Administrateur.stockEntreprise(Administrateur.java:26)
	at tpnote.Administrateur.stockEntreprise(Administrateur.java:26)
	at tpnote.Administrateur.stockEntreprise(Administrateur.java:26)
	at tpnote.Administrateur.stockEntreprise(Administrateur.java:26)
	at tpnote.Administrateur.stockEntreprise(Administrateur.java:26)
	at tpnote.Administrateur.stockEntreprise(Administrateur.java:26)
	at tpnote.Administrateur.stockEntreprise(Administrateur.java:26)
	at tpnote.Administrateur.stockEntreprise(Administrateur.java:26)
	at tpnote.Administrateur.stockEntreprise(Administrateur.java:26)
	at tpnote.Administrateur.stockEntreprise(Administrateur.java:26)
	at tpnote.Administrateur.stockEntreprise(Administrateur.java:26)
	at tpnote.Administrateur.stockEntreprise(Administrateur.java:26)
	at tpnote.Administrateur.stockEntreprise(Administrateur.java:26)
	at tpnote.Administrateur.stockEntreprise(Administrateur.java:26)
	at tpnote.Administrateur.stockEntreprise(Administrateur.java:26)
	at tpnote.Administrateur.stockEntreprise(Administrateur.java:26)
	at tpnote.Administrateur.stockEntreprise(Administrateur.java:26)
	at tpnote.Administrateur.stockEntreprise(Administrateur.java:26)
	at tpnote.Administrateur.stockEntreprise(Administrateur.java:26)
	at tpnote.Administrateur.stockEntreprise(Administrateur.java:26)
	at tpnote.Administrateur.stockEntreprise(Administrateur.java:26)
	at tpnote.Administrateur.stockEntreprise(Administrateur.java:26)
	at tpnote.Administrateur.stockEntreprise(Administrateur.java:26)
	at tpnote.Administrateur.stockEntreprise(Administrateur.java:26)
	at tpnote.Administrateur.stockEntreprise(Administrateur.java:26)
	at tpnote.Administrateur.stockEntreprise(Administrateur.java:26)
	at tpnote.Administrateur.stockEntreprise(Administrateur.java:26)
	at tpnote.Administrateur.stockEntreprise(Administrateur.java:26)
	at tpnote.Administrateur.stockEntreprise(Administrateur.java:26)
	at tpnote.Administrateur.stockEntreprise(Administrateur.java:26)
	at tpnote.Administrateur.stockEntreprise(Administrateur.java:26)
	at tpnote.Administrateur.stockEntreprise(Administrateur.java:26)
	at tpnote.Administrateur.stockEntreprise(Administrateur.java:26)
	at tpnote.Administrateur.stockEntreprise(Administrateur.java:26)
	at tpnote.Administrateur.stockEntreprise(Administrateur.java:26)
	at tpnote.Administrateur.stockEntreprise(Administrateur.java:26)
	at tpnote.Administrateur.stockEntreprise(Administrateur.java:26)
	at tpnote.Administrateur.stockEntreprise(Administrateur.java:26)
	at tpnote.Administrateur.stockEntreprise(Administrateur.java:26)
	at tpnote.Administrateur.stockEntreprise(Administrateur.java:26)
	at tpnote.Administrateur.stockEntreprise(Administrateur.java:26)
	at tpnote.Administrateur.stockEntreprise(Administrateur.java:26)
	at tpnote.Administrateur.stockEntreprise(Administrateur.java:26)
	at tpnote.Administrateur.stockEntreprise(Administrateur.java:26)
	at tpnote.Administrateur.stockEntreprise(Administrateur.java:26)
	at tpnote.Administrateur.stockEntreprise(Administrateur.java:26)
	at tpnote.Administrateur.stockEntreprise(Administrateur.java:26)
	at tpnote.Administrateur.stockEntreprise(Administrateur.java:26)
	at tpnote.Administrateur.stockEntreprise(Administrateur.java:26)
	at tpnote.Administrateur.stockEntreprise(Administrateur.java:26)
	at tpnote.Administrateur.stockEntreprise(Administrateur.java:26)
	at tpnote.Administrateur.stockEntreprise(Administrateur.java:26)
	at tpnote.Administrateur.stockEntreprise(Administrateur.java:26)
	at tpnote.Administrateur.stockEntreprise(Administrateur.java:26)
	at tpnote.Administrateur.stockEntreprise(Administrateur.java:26)
	at tpnote.Administrateur.stockEntreprise(Administrateur.java:26)
	at tpnote.Administrateur.stockEntreprise(Administrateur.java:26)
	at tpnote.Administrateur.stockEntreprise(Administrateur.java:26)
	at tpnote.Administrateur.stockEntreprise(Administrateur.java:26)
	at tpnote.Administrateur.stockEntreprise(Administrateur.java:26)
	at tpnote.Administrateur.stockEntreprise(Administrateur.java:26)
	at tpnote.Administrateur.stockEntreprise(Administrateur.java:26)
	at tpnote.Administrateur.stockEntreprise(Administrateur.java:26)
	at tpnote.Administrateur.stockEntreprise(Administrateur.java:26)
	at tpnote.Administrateur.stockEntreprise(Administrateur.java:26)
	at tpnote.Administrateur.stockEntreprise(Administrateur.java:26)
	at tpnote.Administrateur.stockEntreprise(Administrateur.java:26)
	at tpnote.Administrateur.stockEntreprise(Administrateur.java:26)
	at tpnote.Administrateur.stockEntreprise(Administrateur.java:26)
	at tpnote.Administrateur.stockEntreprise(Administrateur.java:26)
	at tpnote.Administrateur.stockEntreprise(Administrateur.java:26)
	at tpnote.Administrateur.stockEntreprise(Administrateur.java:26)
	at tpnote.Administrateur.stockEntreprise(Administrateur.java:26)
	at tpnote.Administrateur.stockEntreprise(Administrateur.java:26)
	at tpnote.Administrateur.stockEntreprise(Administrateur.java:26)
	at tpnote.Administrateur.stockEntreprise(Administrateur.java:26)
	at tpnote.Administrateur.stockEntreprise(Administrateur.java:26)
	at tpnote.Administrateur.stockEntreprise(Administrateur.java:26)
	at tpnote.Administrateur.stockEntreprise(Administrateur.java:26)
	at tpnote.Administrateur.stockEntreprise(Administrateur.java:26)
	at tpnote.Administrateur.stockEntreprise(Administrateur.java:26)
	at tpnote.Administrateur.stockEntreprise(Administrateur.java:26)
	at tpnote.Administrateur.stockEntreprise(Administrateur.java:26)
	at tpnote.Administrateur.stockEntreprise(Administrateur.java:26)
	at tpnote.Administrateur.stockEntreprise(Administrateur.java:26)
	at tpnote.Administrateur.stockEntreprise(Administrateur.java:26)
	at tpnote.Administrateur.stockEntreprise(Administrateur.java:26)
	at tpnote.Administrateur.stockEntreprise(Administrateur.java:26)
	at tpnote.Administrateur.stockEntreprise(Administrateur.java:26)
	at tpnote.Administrateur.stockEntreprise(Administrateur.java:26)
	at tpnote.Administrateur.stockEntreprise(Administrateur.java:26)
	at tpnote.Administrateur.stockEntreprise(Administrateur.java:26)
	at tpnote.Administrateur.stockEntreprise(Administrateur.java:26)
	at tpnote.Administrateur.stockEntreprise(Administrateur.java:26)
	at tpnote.Administrateur.stockEntreprise(Administrateur.java:26)
	at tpnote.Administrateur.stockEntreprise(Administrateur.java:26)
	at tpnote.Administrateur.stockEntreprise(Administrateur.java:26)
	at tpnote.Administrateur.stockEntreprise(Administrateur.java:26)
	at tpnote.Administrateur.stockEntreprise(Administrateur.java:26)
	at tpnote.Administrateur.stockEntreprise(Administrateur.java:26)
	at tpnote.Administrateur.stockEntreprise(Administrateur.java:26)
	at tpnote.Administrateur.stockEntreprise(Administrateur.java:26)
	at tpnote.Administrateur.stockEntreprise(Administrateur.java:26)
	at tpnote.Administrateur.stockEntreprise(Administrateur.java:26)
	at tpnote.Administrateur.stockEntreprise(Administrateur.java:26)
	at tpnote.Administrateur.stockEntreprise(Administrateur.java:26)
	at tpnote.Administrateur.stockEntreprise(Administrateur.java:26)
	at tpnote.Administrateur.stockEntreprise(Administrateur.java:26)
	at tpnote.Administrateur.stockEntreprise(Administrateur.java:26)
	at tpnote.Administrateur.stockEntreprise(Administrateur.java:26)
	at tpnote.Administrateur.stockEntreprise(Administrateur.java:26)
	at tpnote.Administrateur.stockEntreprise(Administrateur.java:26)
	at tpnote.Administrateur.stockEntreprise(Administrateur.java:26)
	at tpnote.Administrateur.stockEntreprise(Administrateur.java:26)
	at tpnote.Administrateur.stockEntreprise(Administrateur.java:26)
	at tpnote.Administrateur.stockEntreprise(Administrateur.java:26)
	at tpnote.Administrateur.stockEntreprise(Administrateur.java:26)
	at tpnote.Administrateur.stockEntreprise(Administrateur.java:26)
	at tpnote.Administrateur.stockEntreprise(Administrateur.java:26)
	at tpnote.Administrateur.stockEntreprise(Administrateur.java:26)
	at tpnote.Administrateur.stockEntreprise(Administrateur.java:26)
	at tpnote.Administrateur.stockEntreprise(Administrateur.java:26)
	at tpnote.Administrateur.stockEntreprise(Administrateur.java:26)
	at tpnote.Administrateur.stockEntreprise(Administrateur.java:26)
	at tpnote.Administrateur.stockEntreprise(Administrateur.java:26)
	at tpnote.Administrateur.stockEntreprise(Administrateur.java:26)
	at tpnote.Administrateur.stockEntreprise(Administrateur.java:26)
	at tpnote.Administrateur.stockEntreprise(Administrateur.java:26)
	at tpnote.Administrateur.stockEntreprise(Administrateur.java:26)
	at tpnote.Administrateur.stockEntreprise(Administrateur.java:26)
	at tpnote.Administrateur.stockEntreprise(Administrateur.java:26)
	at tpnote.Administrateur.stockEntreprise(Administrateur.java:26)
	at tpnote.Administrateur.stockEntreprise(Administrateur.java:26)
	at tpnote.Administrateur.stockEntreprise(Administrateur.java:26)
	at tpnote.Administrateur.stockEntreprise(Administrateur.java:26)
	at tpnote.Administrateur.stockEntreprise(Administrateur.java:26)
	at tpnote.Administrateur.stockEntreprise(Administrateur.java:26)
	at tpnote.Administrateur.stockEntreprise(Administrateur.java:26)
	at tpnote.Administrateur.stockEntreprise(Administrateur.java:26)
	at tpnote.Administrateur.stockEntreprise(Administrateur.java:26)
	at tpnote.Administrateur.stockEntreprise(Administrateur.java:26)
	at tpnote.Administrateur.stockEntreprise(Administrateur.java:26)
	at tpnote.Administrateur.stockEntreprise(Administrateur.java:26)
	at tpnote.Administrateur.stockEntreprise(Administrateur.java:26)
	at tpnote.Administrateur.stockEntreprise(Administrateur.java:26)
	at tpnote.Administrateur.stockEntreprise(Administrateur.java:26)
	at tpnote.Administrateur.stockEntreprise(Administrateur.java:26)
	at tpnote.Administrateur.stockEntreprise(Administrateur.java:26)
	at tpnote.Administrateur.stockEntreprise(Administrateur.java:26)
	at tpnote.Administrateur.stockEntreprise(Administrateur.java:26)
	at tpnote.Administrateur.stockEntreprise(Administrateur.java:26)
	at tpnote.Administrateur.stockEntreprise(Administrateur.java:26)
	at tpnote.Administrateur.stockEntreprise(Administrateur.java:26)
	at tpnote.Administrateur.stockEntreprise(Administrateur.java:26)
	at tpnote.Administrateur.stockEntreprise(Administrateur.java:26)
	at tpnote.Administrateur.stockEntreprise(Administrateur.java:26)
	at tpnote.Administrateur.stockEntreprise(Administrateur.java:26)
	at tpnote.Administrateur.stockEntreprise(Administrateur.java:26)
	at tpnote.Administrateur.stockEntreprise(Administrateur.java:26)
	at tpnote.Administrateur.stockEntreprise(Administrateur.java:26)
	at tpnote.Administrateur.stockEntreprise(Administrateur.java:26)
	at tpnote.Administrateur.stockEntreprise(Administrateur.java:26)
	at tpnote.Administrateur.stockEntreprise(Administrateur.java:26)
	at tpnote.Administrateur.stockEntreprise(Administrateur.java:26)
	at tpnote.Administrateur.stockEntreprise(Administrateur.java:26)
	at tpnote.Administrateur.stockEntreprise(Administrateur.java:26)
	at tpnote.Administrateur.stockEntreprise(Administrateur.java:26)
	at tpnote.Administrateur.stockEntreprise(Administrateur.java:26)
	at tpnote.Administrateur.stockEntreprise(Administrateur.java:26)
	at tpnote.Administrateur.stockEntreprise(Administrateur.java:26)
	at tpnote.Administrateur.stockEntreprise(Administrateur.java:26)
	at tpnote.Administrateur.stockEntreprise(Administrateur.java:26)
	at tpnote.Administrateur.stockEntreprise(Administrateur.java:26)
	at tpnote.Administrateur.stockEntreprise(Administrateur.java:26)
	at tpnote.Administrateur.stockEntreprise(Administrateur.java:26)
	at tpnote.Administrateur.stockEntreprise(Administrateur.java:26)
	at tpnote.Administrateur.stockEntreprise(Administrateur.java:26)
	at tpnote.Administrateur.stockEntreprise(Administrateur.java:26)
	at tpnote.Administrateur.stockEntreprise(Administrateur.java:26)
	at tpnote.Administrateur.stockEntreprise(Administrateur.java:26)
	at tpnote.Administrateur.stockEntreprise(Administrateur.java:26)
	at tpnote.Administrateur.stockEntreprise(Administrateur.java:26)
	at tpnote.Administrateur.stockEntreprise(Administrateur.java:26)
	at tpnote.Administrateur.stockEntreprise(Administrateur.java:26)
	at tpnote.Administrateur.stockEntreprise(Administrateur.java:26)
	at tpnote.Administrateur.stockEntreprise(Administrateur.java:26)
	at tpnote.Administrateur.stockEntreprise(Administrateur.java:26)
	at tpnote.Administrateur.stockEntreprise(Administrateur.java:26)
	at tpnote.Administrateur.stockEntreprise(Administrateur.java:26)
	at tpnote.Administrateur.stockEntreprise(Administrateur.java:26)
	at tpnote.Administrateur.stockEntreprise(Administrateur.java:26)
	at tpnote.Administrateur.stockEntreprise(Administrateur.java:26)
	at tpnote.Administrateur.stockEntreprise(Administrateur.java:26)
	at tpnote.Administrateur.stockEntreprise(Administrateur.java:26)
	at tpnote.Administrateur.stockEntreprise(Administrateur.java:26)
	at tpnote.Administrateur.stockEntreprise(Administrateur.java:26)
	at tpnote.Administrateur.stockEntreprise(Administrateur.java:26)
	at tpnote.Administrateur.stockEntreprise(Administrateur.java:26)
	at tpnote.Administrateur.stockEntreprise(Administrateur.java:26)
	at tpnote.Administrateur.stockEntreprise(Administrateur.java:26)
	at tpnote.Administrateur.stockEntreprise(Administrateur.java:26)
	at tpnote.Administrateur.stockEntreprise(Administrateur.java:26)
	at tpnote.Administrateur.stockEntreprise(Administrateur.java:26)
	at tpnote.Administrateur.stockEntreprise(Administrateur.java:26)
	at tpnote.Administrateur.stockEntreprise(Administrateur.java:26)
	at tpnote.Administrateur.stockEntreprise(Administrateur.java:26)
	at tpnote.Administrateur.stockEntreprise(Administrateur.java:26)
	at tpnote.Administrateur.stockEntreprise(Administrateur.java:26)
	at tpnote.Administrateur.stockEntreprise(Administrateur.java:26)
	at tpnote.Administrateur.stockEntreprise(Administrateur.java:26)
	at tpnote.Administrateur.stockEntreprise(Administrateur.java:26)
	at tpnote.Administrateur.stockEntreprise(Administrateur.java:26)
	at tpnote.Administrateur.stockEntreprise(Administrateur.java:26)
	at tpnote.Administrateur.stockEntreprise(Administrateur.java:26)
	at tpnote.Administrateur.stockEntreprise(Administrateur.java:26)
	at tpnote.Administrateur.stockEntreprise(Administrateur.java:26)
	at tpnote.Administrateur.stockEntreprise(Administrateur.java:26)
	at tpnote.Administrateur.stockEntreprise(Administrateur.java:26)
	at tpnote.Administrateur.stockEntreprise(Administrateur.java:26)
	at tpnote.Administrateur.stockEntreprise(Administrateur.java:26)
	at tpnote.Administrateur.stockEntreprise(Administrateur.java:26)
	at tpnote.Administrateur.stockEntreprise(Administrateur.java:26)
	at tpnote.Administrateur.stockEntreprise(Administrateur.java:26)
	at tpnote.Administrateur.stockEntreprise(Administrateur.java:26)
	at tpnote.Administrateur.stockEntreprise(Administrateur.java:26)
	at tpnote.Administrateur.stockEntreprise(Administrateur.java:26)
	at tpnote.Administrateur.stockEntreprise(Administrateur.java:26)
	at tpnote.Administrateur.stockEntreprise(Administrateur.java:26)
	at tpnote.Administrateur.stockEntreprise(Administrateur.java:26)
	at tpnote.Administrateur.stockEntreprise(Administrateur.java:26)
	at tpnote.Administrateur.stockEntreprise(Administrateur.java:26)
	at tpnote.Administrateur.stockEntreprise(Administrateur.java:26)
	at tpnote.Administrateur.stockEntreprise(Administrateur.java:26)
	at tpnote.Administrateur.stockEntreprise(Administrateur.java:26)
	at tpnote.Administrateur.stockEntreprise(Administrateur.java:26)
	at tpnote.Administrateur.stockEntreprise(Administrateur.java:26)
	at tpnote.Administrateur.stockEntreprise(Administrateur.java:26)
	at tpnote.Administrateur.stockEntreprise(Administrateur.java:26)
	at tpnote.Administrateur.stockEntreprise(Administrateur.java:26)
	at tpnote.Administrateur.stockEntreprise(Administrateur.java:26)
	at tpnote.Administrateur.stockEntreprise(Administrateur.java:26)
	at tpnote.Administrateur.stockEntreprise(Administrateur.java:26)
	at tpnote.Administrateur.stockEntreprise(Administrateur.java:26)
	at tpnote.Administrateur.stockEntreprise(Administrateur.java:26)
	at tpnote.Administrateur.stockEntreprise(Administrateur.java:26)
	at tpnote.Administrateur.stockEntreprise(Administrateur.java:26)
	at tpnote.Administrateur.stockEntreprise(Administrateur.java:26)
	at tpnote.Administrateur.stockEntreprise(Administrateur.java:26)
	at tpnote.Administrateur.stockEntreprise(Administrateur.java:26)
	at tpnote.Administrateur.stockEntreprise(Administrateur.java:26)
	at tpnote.Administrateur.stockEntreprise(Administrateur.java:26)
	at tpnote.Administrateur.stockEntreprise(Administrateur.java:26)
	at tpnote.Administrateur.stockEntreprise(Administrateur.java:26)
	at tpnote.Administrateur.stockEntreprise(Administrateur.java:26)
	at tpnote.Administrateur.stockEntreprise(Administrateur.java:26)
	at tpnote.Administrateur.stockEntreprise(Administrateur.java:26)
	at tpnote.Administrateur.stockEntreprise(Administrateur.java:26)
	at tpnote.Administrateur.stockEntreprise(Administrateur.java:26)
	at tpnote.Administrateur.stockEntreprise(Administrateur.java:26)
	at tpnote.Administrateur.stockEntreprise(Administrateur.java:26)
	at tpnote.Administrateur.stockEntreprise(Administrateur.java:26)
	at tpnote.Administrateur.stockEntreprise(Administrateur.java:26)
	at tpnote.Administrateur.stockEntreprise(Administrateur.java:26)
	at tpnote.Administrateur.stockEntreprise(Administrateur.java:26)
	at tpnote.Administrateur.stockEntreprise(Administrateur.java:26)
	at tpnote.Administrateur.stockEntreprise(Administrateur.java:26)
	at tpnote.Administrateur.stockEntreprise(Administrateur.java:26)
	at tpnote.Administrateur.stockEntreprise(Administrateur.java:26)
	at tpnote.Administrateur.stockEntreprise(Administrateur.java:26)
	at tpnote.Administrateur.stockEntreprise(Administrateur.java:26)
	at tpnote.Administrateur.stockEntreprise(Administrateur.java:26)
	at tpnote.Administrateur.stockEntreprise(Administrateur.java:26)
	at tpnote.Administrateur.stockEntreprise(Administrateur.java:26)
	at tpnote.Administrateur.stockEntreprise(Administrateur.java:26)
	at tpnote.Administrateur.stockEntreprise(Administrateur.java:26)
	at tpnote.Administrateur.stockEntreprise(Administrateur.java:26)
	at tpnote.Administrateur.stockEntreprise(Administrateur.java:26)
	at tpnote.Administrateur.stockEntreprise(Administrateur.java:26)
	at tpnote.Administrateur.stockEntreprise(Administrateur.java:26)
	at tpnote.Administrateur.stockEntreprise(Administrateur.java:26)
	at tpnote.Administrateur.stockEntreprise(Administrateur.java:26)
	at tpnote.Administrateur.stockEntreprise(Administrateur.java:26)
	at tpnote.Administrateur.stockEntreprise(Administrateur.java:26)
	at tpnote.Administrateur.stockEntreprise(Administrateur.java:26)
	at tpnote.Administrateur.stockEntreprise(Administrateur.java:26)
	at tpnote.Administrateur.stockEntreprise(Administrateur.java:26)
	at tpnote.Administrateur.stockEntreprise(Administrateur.java:26)
	at tpnote.Administrateur.stockEntreprise(Administrateur.java:26)
	at tpnote.Administrateur.stockEntreprise(Administrateur.java:26)
	at tpnote.Administrateur.stockEntreprise(Administrateur.java:26)
	at tpnote.Administrateur.stockEntreprise(Administrateur.java:26)
	at tpnote.Administrateur.stockEntreprise(Administrateur.java:26)
	at tpnote.Administrateur.stockEntreprise(Administrateur.java:26)
	at tpnote.Administrateur.stockEntreprise(Administrateur.java:26)
	at tpnote.Administrateur.stockEntreprise(Administrateur.java:26)
	at tpnote.Administrateur.stockEntreprise(Administrateur.java:26)
	at tpnote.Administrateur.stockEntreprise(Administrateur.java:26)
	at tpnote.Administrateur.stockEntreprise(Administrateur.java:26)
	at tpnote.Administrateur.stockEntreprise(Administrateur.java:26)
	at tpnote.Administrateur.stockEntreprise(Administrateur.java:26)
	at tpnote.Administrateur.stockEntreprise(Administrateur.java:26)
	at tpnote.Administrateur.stockEntreprise(Administrateur.java:26)
	at tpnote.Administrateur.stockEntreprise(Administrateur.java:26)
	at tpnote.Administrateur.stockEntreprise(Administrateur.java:26)
	at tpnote.Administrateur.stockEntreprise(Administrateur.java:26)
	at tpnote.Administrateur.stockEntreprise(Administrateur.java:26)
	at tpnote.Administrateur.stockEntreprise(Administrateur.java:26)
	at tpnote.Administrateur.stockEntreprise(Administrateur.java:26)
	at tpnote.Administrateur.stockEntreprise(Administrateur.java:26)
	at tpnote.Administrateur.stockEntreprise(Administrateur.java:26)
	at tpnote.Administrateur.stockEntreprise(Administrateur.java:26)
	at tpnote.Administrateur.stockEntreprise(Administrateur.java:26)
	at tpnote.Administrateur.stockEntreprise(Administrateur.java:26)
	at tpnote.Administrateur.stockEntreprise(Administrateur.java:26)
	at tpnote.Administrateur.stockEntreprise(Administrateur.java:26)
	at tpnote.Administrateur.stockEntreprise(Administrateur.java:26)
	at tpnote.Administrateur.stockEntreprise(Administrateur.java:26)
	at tpnote.Administrateur.stockEntreprise(Administrateur.java:26)
	at tpnote.Administrateur.stockEntreprise(Administrateur.java:26)
	at tpnote.Administrateur.stockEntreprise(Administrateur.java:26)
	at tpnote.Administrateur.stockEntreprise(Administrateur.java:26)
	at tpnote.Administrateur.stockEntreprise(Administrateur.java:26)
	at tpnote.Administrateur.stockEntreprise(Administrateur.java:26)
	at tpnote.Administrateur.stockEntreprise(Administrateur.java:26)
	at tpnote.Administrateur.stockEntreprise(Administrateur.java:26)
	at tpnote.Administrateur.stockEntreprise(Administrateur.java:26)
	at tpnote.Administrateur.stockEntreprise(Administrateur.java:26)
	at tpnote.Administrateur.stockEntreprise(Administrateur.java:26)
	at tpnote.Administrateur.stockEntreprise(Administrateur.java:26)
	at tpnote.Administrateur.stockEntreprise(Administrateur.java:26)
	at tpnote.Administrateur.stockEntreprise(Administrateur.java:26)
	at tpnote.Administrateur.stockEntreprise(Administrateur.java:26)
	at tpnote.Administrateur.stockEntreprise(Administrateur.java:26)
	at tpnote.Administrateur.stockEntreprise(Administrateur.java:26)
	at tpnote.Administrateur.stockEntreprise(Administrateur.java:26)
	at tpnote.Administrateur.stockEntreprise(Administrateur.java:26)
	at tpnote.Administrateur.stockEntreprise(Administrateur.java:26)
	at tpnote.Administrateur.stockEntreprise(Administrateur.java:26)
	at tpnote.Administrateur.stockEntreprise(Administrateur.java:26)
	at tpnote.Administrateur.stockEntreprise(Administrateur.java:26)
	at tpnote.Administrateur.stockEntreprise(Administrateur.java:26)
</error>
  </testcase>
  <testcase classname="tpnote.AdministrateurTest" name="supprimerMaterielDefectueuxEntreprise_sansMaterielDefectueux" time="0"/>
  <testcase classname="tpnote.AdministrateurTest" name="attribuerMateriel" time="0.022">
    <error type="java.lang.StackOverflowError">java.lang.StackOverflowError
	at tpnote.Administrateur.stockEntreprise(Administrateur.java:26)
	at tpnote.Administrateur.stockEntreprise(Administrateur.java:26)
	at tpnote.Administrateur.stockEntreprise(Administrateur.java:26)
	at tpnote.Administrateur.stockEntreprise(Administrateur.java:26)
	at tpnote.Administrateur.stockEntreprise(Administrateur.java:26)
	at tpnote.Administrateur.stockEntreprise(Administrateur.java:26)
	at tpnote.Administrateur.stockEntreprise(Administrateur.java:26)
	at tpnote.Administrateur.stockEntreprise(Administrateur.java:26)
	at tpnote.Administrateur.stockEntreprise(Administrateur.java:26)
	at tpnote.Administrateur.stockEntreprise(Administrateur.java:26)
	at tpnote.Administrateur.stockEntreprise(Administrateur.java:26)
	at tpnote.Administrateur.stockEntreprise(Administrateur.java:26)
	at tpnote.Administrateur.stockEntreprise(Administrateur.java:26)
	at tpnote.Administrateur.stockEntreprise(Administrateur.java:26)
	at tpnote.Administrateur.stockEntreprise(Administrateur.java:26)
	at tpnote.Administrateur.stockEntreprise(Administrateur.java:26)
	at tpnote.Administrateur.stockEntreprise(Administrateur.java:26)
	at tpnote.Administrateur.stockEntreprise(Administrateur.java:26)
	at tpnote.Administrateur.stockEntreprise(Administrateur.java:26)
	at tpnote.Administrateur.stockEntreprise(Administrateur.java:26)
	at tpnote.Administrateur.stockEntreprise(Administrateur.java:26)
	at tpnote.Administrateur.stockEntreprise(Administrateur.java:26)
	at tpnote.Administrateur.stockEntreprise(Administrateur.java:26)
	at tpnote.Administrateur.stockEntreprise(Administrateur.java:26)
	at tpnote.Administrateur.stockEntreprise(Administrateur.java:26)
	at tpnote.Administrateur.stockEntreprise(Administrateur.java:26)
	at tpnote.Administrateur.stockEntreprise(Administrateur.java:26)
	at tpnote.Administrateur.stockEntreprise(Administrateur.java:26)
	at tpnote.Administrateur.stockEntreprise(Administrateur.java:26)
	at tpnote.Administrateur.stockEntreprise(Administrateur.java:26)
	at tpnote.Administrateur.stockEntreprise(Administrateur.java:26)
	at tpnote.Administrateur.stockEntreprise(Administrateur.java:26)
	at tpnote.Administrateur.stockEntreprise(Administrateur.java:26)
	at tpnote.Administrateur.stockEntreprise(Administrateur.java:26)
	at tpnote.Administrateur.stockEntreprise(Administrateur.java:26)
	at tpnote.Administrateur.stockEntreprise(Administrateur.java:26)
	at tpnote.Administrateur.stockEntreprise(Administrateur.java:26)
	at tpnote.Administrateur.stockEntreprise(Administrateur.java:26)
	at tpnote.Administrateur.stockEntreprise(Administrateur.java:26)
	at tpnote.Administrateur.stockEntreprise(Administrateur.java:26)
	at tpnote.Administrateur.stockEntreprise(Administrateur.java:26)
	at tpnote.Administrateur.stockEntreprise(Administrateur.java:26)
	at tpnote.Administrateur.stockEntreprise(Administrateur.java:26)
	at tpnote.Administrateur.stockEntreprise(Administrateur.java:26)
	at tpnote.Administrateur.stockEntreprise(Administrateur.java:26)
	at tpnote.Administrateur.stockEntreprise(Administrateur.java:26)
	at tpnote.Administrateur.stockEntreprise(Administrateur.java:26)
	at tpnote.Administrateur.stockEntreprise(Administrateur.java:26)
	at tpnote.Administrateur.stockEntreprise(Administrateur.java:26)
	at tpnote.Administrateur.stockEntreprise(Administrateur.java:26)
	at tpnote.Administrateur.stockEntreprise(Administrateur.java:26)
	at tpnote.Administrateur.stockEntreprise(Administrateur.java:26)
	at tpnote.Administrateur.stockEntreprise(Administrateur.java:26)
	at tpnote.Administrateur.stockEntreprise(Administrateur.java:26)
	at tpnote.Administrateur.stockEntreprise(Administrateur.java:26)
	at tpnote.Administrateur.stockEntreprise(Administrateur.java:26)
	at tpnote.Administrateur.stockEntreprise(Administrateur.java:26)
	at tpnote.Administrateur.stockEntreprise(Administrateur.java:26)
	at tpnote.Administrateur.stockEntreprise(Administrateur.java:26)
	at tpnote.Administrateur.stockEntreprise(Administrateur.java:26)
	at tpnote.Administrateur.stockEntreprise(Administrateur.java:26)
	at tpnote.Administrateur.stockEntreprise(Administrateur.java:26)
	at tpnote.Administrateur.stockEntreprise(Administrateur.java:26)
	at tpnote.Administrateur.stockEntreprise(Administrateur.java:26)
	at tpnote.Administrateur.stockEntreprise(Administrateur.java:26)
	at tpnote.Administrateur.stockEntreprise(Administrateur.java:26)
	at tpnote.Administrateur.stockEntreprise(Administrateur.java:26)
	at tpnote.Administrateur.stockEntreprise(Administrateur.java:26)
	at tpnote.Administrateur.stockEntreprise(Administrateur.java:26)
	at tpnote.Administrateur.stockEntreprise(Administrateur.java:26)
	at tpnote.Administrateur.stockEntreprise(Administrateur.java:26)
	at tpnote.Administrateur.stockEntreprise(Administrateur.java:26)
	at tpnote.Administrateur.stockEntreprise(Administrateur.java:26)
	at tpnote.Administrateur.stockEntreprise(Administrateur.java:26)
	at tpnote.Administrateur.stockEntreprise(Administrateur.java:26)
	at tpnote.Administrateur.stockEntreprise(Administrateur.java:26)
	at tpnote.Administrateur.stockEntreprise(Administrateur.java:26)
	at tpnote.Administrateur.stockEntreprise(Administrateur.java:26)
	at tpnote.Administrateur.stockEntreprise(Administrateur.java:26)
	at tpnote.Administrateur.stockEntreprise(Administrateur.java:26)
	at tpnote.Administrateur.stockEntreprise(Administrateur.java:26)
	at tpnote.Administrateur.stockEntreprise(Administrateur.java:26)
	at tpnote.Administrateur.stockEntreprise(Administrateur.java:26)
	at tpnote.Administrateur.stockEntreprise(Administrateur.java:26)
	at tpnote.Administrateur.stockEntreprise(Administrateur.java:26)
	at tpnote.Administrateur.stockEntreprise(Administrateur.java:26)
	at tpnote.Administrateur.stockEntreprise(Administrateur.java:26)
	at tpnote.Administrateur.stockEntreprise(Administrateur.java:26)
	at tpnote.Administrateur.stockEntreprise(Administrateur.java:26)
	at tpnote.Administrateur.stockEntreprise(Administrateur.java:26)
	at tpnote.Administrateur.stockEntreprise(Administrateur.java:26)
	at tpnote.Administrateur.stockEntreprise(Administrateur.java:26)
	at tpnote.Administrateur.stockEntreprise(Administrateur.java:26)
	at tpnote.Administrateur.stockEntreprise(Administrateur.java:26)
	at tpnote.Administrateur.stockEntreprise(Administrateur.java:26)
	at tpnote.Administrateur.stockEntreprise(Administrateur.java:26)
	at tpnote.Administrateur.stockEntreprise(Administrateur.java:26)
	at tpnote.Administrateur.stockEntreprise(Administrateur.java:26)
	at tpnote.Administrateur.stockEntreprise(Administrateur.java:26)
	at tpnote.Administrateur.stockEntreprise(Administrateur.java:26)
	at tpnote.Administrateur.stockEntreprise(Administrateur.java:26)
	at tpnote.Administrateur.stockEntreprise(Administrateur.java:26)
	at tpnote.Administrateur.stockEntreprise(Administrateur.java:26)
	at tpnote.Administrateur.stockEntreprise(Administrateur.java:26)
	at tpnote.Administrateur.stockEntreprise(Administrateur.java:26)
	at tpnote.Administrateur.stockEntreprise(Administrateur.java:26)
	at tpnote.Administrateur.stockEntreprise(Administrateur.java:26)
	at tpnote.Administrateur.stockEntreprise(Administrateur.java:26)
	at tpnote.Administrateur.stockEntreprise(Administrateur.java:26)
	at tpnote.Administrateur.stockEntreprise(Administrateur.java:26)
	at tpnote.Administrateur.stockEntreprise(Administrateur.java:26)
	at tpnote.Administrateur.stockEntreprise(Administrateur.java:26)
	at tpnote.Administrateur.stockEntreprise(Administrateur.java:26)
	at tpnote.Administrateur.stockEntreprise(Administrateur.java:26)
	at tpnote.Administrateur.stockEntreprise(Administrateur.java:26)
	at tpnote.Administrateur.stockEntreprise(Administrateur.java:26)
	at tpnote.Administrateur.stockEntreprise(Administrateur.java:26)
	at tpnote.Administrateur.stockEntreprise(Administrateur.java:26)
	at tpnote.Administrateur.stockEntreprise(Administrateur.java:26)
	at tpnote.Administrateur.stockEntreprise(Administrateur.java:26)
	at tpnote.Administrateur.stockEntreprise(Administrateur.java:26)
	at tpnote.Administrateur.stockEntreprise(Administrateur.java:26)
	at tpnote.Administrateur.stockEntreprise(Administrateur.java:26)
	at tpnote.Administrateur.stockEntreprise(Administrateur.java:26)
	at tpnote.Administrateur.stockEntreprise(Administrateur.java:26)
	at tpnote.Administrateur.stockEntreprise(Administrateur.java:26)
	at tpnote.Administrateur.stockEntreprise(Administrateur.java:26)
	at tpnote.Administrateur.stockEntreprise(Administrateur.java:26)
	at tpnote.Administrateur.stockEntreprise(Administrateur.java:26)
	at tpnote.Administrateur.stockEntreprise(Administrateur.java:26)
	at tpnote.Administrateur.stockEntreprise(Administrateur.java:26)
	at tpnote.Administrateur.stockEntreprise(Administrateur.java:26)
	at tpnote.Administrateur.stockEntreprise(Administrateur.java:26)
	at tpnote.Administrateur.stockEntreprise(Administrateur.java:26)
	at tpnote.Administrateur.stockEntreprise(Administrateur.java:26)
	at tpnote.Administrateur.stockEntreprise(Administrateur.java:26)
	at tpnote.Administrateur.stockEntreprise(Administrateur.java:26)
	at tpnote.Administrateur.stockEntreprise(Administrateur.java:26)
	at tpnote.Administrateur.stockEntreprise(Administrateur.java:26)
	at tpnote.Administrateur.stockEntreprise(Administrateur.java:26)
	at tpnote.Administrateur.stockEntreprise(Administrateur.java:26)
	at tpnote.Administrateur.stockEntreprise(Administrateur.java:26)
	at tpnote.Administrateur.stockEntreprise(Administrateur.java:26)
	at tpnote.Administrateur.stockEntreprise(Administrateur.java:26)
	at tpnote.Administrateur.stockEntreprise(Administrateur.java:26)
	at tpnote.Administrateur.stockEntreprise(Administrateur.java:26)
	at tpnote.Administrateur.stockEntreprise(Administrateur.java:26)
	at tpnote.Administrateur.stockEntreprise(Administrateur.java:26)
	at tpnote.Administrateur.stockEntreprise(Administrateur.java:26)
	at tpnote.Administrateur.stockEntreprise(Administrateur.java:26)
	at tpnote.Administrateur.stockEntreprise(Administrateur.java:26)
	at tpnote.Administrateur.stockEntreprise(Administrateur.java:26)
	at tpnote.Administrateur.stockEntreprise(Administrateur.java:26)
	at tpnote.Administrateur.stockEntreprise(Administrateur.java:26)
	at tpnote.Administrateur.stockEntreprise(Administrateur.java:26)
	at tpnote.Administrateur.stockEntreprise(Administrateur.java:26)
	at tpnote.Administrateur.stockEntreprise(Administrateur.java:26)
	at tpnote.Administrateur.stockEntreprise(Administrateur.java:26)
	at tpnote.Administrateur.stockEntreprise(Administrateur.java:26)
	at tpnote.Administrateur.stockEntreprise(Administrateur.java:26)
	at tpnote.Administrateur.stockEntreprise(Administrateur.java:26)
	at tpnote.Administrateur.stockEntreprise(Administrateur.java:26)
	at tpnote.Administrateur.stockEntreprise(Administrateur.java:26)
	at tpnote.Administrateur.stockEntreprise(Administrateur.java:26)
	at tpnote.Administrateur.stockEntreprise(Administrateur.java:26)
	at tpnote.Administrateur.stockEntreprise(Administrateur.java:26)
	at tpnote.Administrateur.stockEntreprise(Administrateur.java:26)
	at tpnote.Administrateur.stockEntreprise(Administrateur.java:26)
	at tpnote.Administrateur.stockEntreprise(Administrateur.java:26)
	at tpnote.Administrateur.stockEntreprise(Administrateur.java:26)
	at tpnote.Administrateur.stockEntreprise(Administrateur.java:26)
	at tpnote.Administrateur.stockEntreprise(Administrateur.java:26)
	at tpnote.Administrateur.stockEntreprise(Administrateur.java:26)
	at tpnote.Administrateur.stockEntreprise(Administrateur.java:26)
	at tpnote.Administrateur.stockEntreprise(Administrateur.java:26)
	at tpnote.Administrateur.stockEntreprise(Administrateur.java:26)
	at tpnote.Administrateur.stockEntreprise(Administrateur.java:26)
	at tpnote.Administrateur.stockEntreprise(Administrateur.java:26)
	at tpnote.Administrateur.stockEntreprise(Administrateur.java:26)
	at tpnote.Administrateur.stockEntreprise(Administrateur.java:26)
	at tpnote.Administrateur.stockEntreprise(Administrateur.java:26)
	at tpnote.Administrateur.stockEntreprise(Administrateur.java:26)
	at tpnote.Administrateur.stockEntreprise(Administrateur.java:26)
	at tpnote.Administrateur.stockEntreprise(Administrateur.java:26)
	at tpnote.Administrateur.stockEntreprise(Administrateur.java:26)
	at tpnote.Administrateur.stockEntreprise(Administrateur.java:26)
	at tpnote.Administrateur.stockEntreprise(Administrateur.java:26)
	at tpnote.Administrateur.stockEntreprise(Administrateur.java:26)
	at tpnote.Administrateur.stockEntreprise(Administrateur.java:26)
	at tpnote.Administrateur.stockEntreprise(Administrateur.java:26)
	at tpnote.Administrateur.stockEntreprise(Administrateur.java:26)
	at tpnote.Administrateur.stockEntreprise(Administrateur.java:26)
	at tpnote.Administrateur.stockEntreprise(Administrateur.java:26)
	at tpnote.Administrateur.stockEntreprise(Administrateur.java:26)
	at tpnote.Administrateur.stockEntreprise(Administrateur.java:26)
	at tpnote.Administrateur.stockEntreprise(Administrateur.java:26)
	at tpnote.Administrateur.stockEntreprise(Administrateur.java:26)
	at tpnote.Administrateur.stockEntreprise(Administrateur.java:26)
	at tpnote.Administrateur.stockEntreprise(Administrateur.java:26)
	at tpnote.Administrateur.stockEntreprise(Administrateur.java:26)
	at tpnote.Administrateur.stockEntreprise(Administrateur.java:26)
	at tpnote.Administrateur.stockEntreprise(Administrateur.java:26)
	at tpnote.Administrateur.stockEntreprise(Administrateur.java:26)
	at tpnote.Administrateur.stockEntreprise(Administrateur.java:26)
	at tpnote.Administrateur.stockEntreprise(Administrateur.java:26)
	at tpnote.Administrateur.stockEntreprise(Administrateur.java:26)
	at tpnote.Administrateur.stockEntreprise(Administrateur.java:26)
	at tpnote.Administrateur.stockEntreprise(Administrateur.java:26)
	at tpnote.Administrateur.stockEntreprise(Administrateur.java:26)
	at tpnote.Administrateur.stockEntreprise(Administrateur.java:26)
	at tpnote.Administrateur.stockEntreprise(Administrateur.java:26)
	at tpnote.Administrateur.stockEntreprise(Administrateur.java:26)
	at tpnote.Administrateur.stockEntreprise(Administrateur.java:26)
	at tpnote.Administrateur.stockEntreprise(Administrateur.java:26)
	at tpnote.Administrateur.stockEntreprise(Administrateur.java:26)
	at tpnote.Administrateur.stockEntreprise(Administrateur.java:26)
	at tpnote.Administrateur.stockEntreprise(Administrateur.java:26)
	at tpnote.Administrateur.stockEntreprise(Administrateur.java:26)
	at tpnote.Administrateur.stockEntreprise(Administrateur.java:26)
	at tpnote.Administrateur.stockEntreprise(Administrateur.java:26)
	at tpnote.Administrateur.stockEntreprise(Administrateur.java:26)
	at tpnote.Administrateur.stockEntreprise(Administrateur.java:26)
	at tpnote.Administrateur.stockEntreprise(Administrateur.java:26)
	at tpnote.Administrateur.stockEntreprise(Administrateur.java:26)
	at tpnote.Administrateur.stockEntreprise(Administrateur.java:26)
	at tpnote.Administrateur.stockEntreprise(Administrateur.java:26)
	at tpnote.Administrateur.stockEntreprise(Administrateur.java:26)
	at tpnote.Administrateur.stockEntreprise(Administrateur.java:26)
	at tpnote.Administrateur.stockEntreprise(Administrateur.java:26)
	at tpnote.Administrateur.stockEntreprise(Administrateur.java:26)
	at tpnote.Administrateur.stockEntreprise(Administrateur.java:26)
	at tpnote.Administrateur.stockEntreprise(Administrateur.java:26)
	at tpnote.Administrateur.stockEntreprise(Administrateur.java:26)
	at tpnote.Administrateur.stockEntreprise(Administrateur.java:26)
	at tpnote.Administrateur.stockEntreprise(Administrateur.java:26)
	at tpnote.Administrateur.stockEntreprise(Administrateur.java:26)
	at tpnote.Administrateur.stockEntreprise(Administrateur.java:26)
	at tpnote.Administrateur.stockEntreprise(Administrateur.java:26)
	at tpnote.Administrateur.stockEntreprise(Administrateur.java:26)
	at tpnote.Administrateur.stockEntreprise(Administrateur.java:26)
	at tpnote.Administrateur.stockEntreprise(Administrateur.java:26)
	at tpnote.Administrateur.stockEntreprise(Administrateur.java:26)
	at tpnote.Administrateur.stockEntreprise(Administrateur.java:26)
	at tpnote.Administrateur.stockEntreprise(Administrateur.java:26)
	at tpnote.Administrateur.stockEntreprise(Administrateur.java:26)
	at tpnote.Administrateur.stockEntreprise(Administrateur.java:26)
	at tpnote.Administrateur.stockEntreprise(Administrateur.java:26)
	at tpnote.Administrateur.stockEntreprise(Administrateur.java:26)
	at tpnote.Administrateur.stockEntreprise(Administrateur.java:26)
	at tpnote.Administrateur.stockEntreprise(Administrateur.java:26)
	at tpnote.Administrateur.stockEntreprise(Administrateur.java:26)
	at tpnote.Administrateur.stockEntreprise(Administrateur.java:26)
	at tpnote.Administrateur.stockEntreprise(Administrateur.java:26)
	at tpnote.Administrateur.stockEntreprise(Administrateur.java:26)
	at tpnote.Administrateur.stockEntreprise(Administrateur.java:26)
	at tpnote.Administrateur.stockEntreprise(Administrateur.java:26)
	at tpnote.Administrateur.stockEntreprise(Administrateur.java:26)
	at tpnote.Administrateur.stockEntreprise(Administrateur.java:26)
	at tpnote.Administrateur.stockEntreprise(Administrateur.java:26)
	at tpnote.Administrateur.stockEntreprise(Administrateur.java:26)
	at tpnote.Administrateur.stockEntreprise(Administrateur.java:26)
	at tpnote.Administrateur.stockEntreprise(Administrateur.java:26)
	at tpnote.Administrateur.stockEntreprise(Administrateur.java:26)
	at tpnote.Administrateur.stockEntreprise(Administrateur.java:26)
	at tpnote.Administrateur.stockEntreprise(Administrateur.java:26)
	at tpnote.Administrateur.stockEntreprise(Administrateur.java:26)
	at tpnote.Administrateur.stockEntreprise(Administrateur.java:26)
	at tpnote.Administrateur.stockEntreprise(Administrateur.java:26)
	at tpnote.Administrateur.stockEntreprise(Administrateur.java:26)
	at tpnote.Administrateur.stockEntreprise(Administrateur.java:26)
	at tpnote.Administrateur.stockEntreprise(Administrateur.java:26)
	at tpnote.Administrateur.stockEntreprise(Administrateur.java:26)
	at tpnote.Administrateur.stockEntreprise(Administrateur.java:26)
	at tpnote.Administrateur.stockEntreprise(Administrateur.java:26)
	at tpnote.Administrateur.stockEntreprise(Administrateur.java:26)
	at tpnote.Administrateur.stockEntreprise(Administrateur.java:26)
	at tpnote.Administrateur.stockEntreprise(Administrateur.java:26)
	at tpnote.Administrateur.stockEntreprise(Administrateur.java:26)
	at tpnote.Administrateur.stockEntreprise(Administrateur.java:26)
	at tpnote.Administrateur.stockEntreprise(Administrateur.java:26)
	at tpnote.Administrateur.stockEntreprise(Administrateur.java:26)
	at tpnote.Administrateur.stockEntreprise(Administrateur.java:26)
	at tpnote.Administrateur.stockEntreprise(Administrateur.java:26)
	at tpnote.Administrateur.stockEntreprise(Administrateur.java:26)
	at tpnote.Administrateur.stockEntreprise(Administrateur.java:26)
	at tpnote.Administrateur.stockEntreprise(Administrateur.java:26)
	at tpnote.Administrateur.stockEntreprise(Administrateur.java:26)
	at tpnote.Administrateur.stockEntreprise(Administrateur.java:26)
	at tpnote.Administrateur.stockEntreprise(Administrateur.java:26)
	at tpnote.Administrateur.stockEntreprise(Administrateur.java:26)
	at tpnote.Administrateur.stockEntreprise(Administrateur.java:26)
	at tpnote.Administrateur.stockEntreprise(Administrateur.java:26)
	at tpnote.Administrateur.stockEntreprise(Administrateur.java:26)
	at tpnote.Administrateur.stockEntreprise(Administrateur.java:26)
	at tpnote.Administrateur.stockEntreprise(Administrateur.java:26)
	at tpnote.Administrateur.stockEntreprise(Administrateur.java:26)
	at tpnote.Administrateur.stockEntreprise(Administrateur.java:26)
	at tpnote.Administrateur.stockEntreprise(Administrateur.java:26)
	at tpnote.Administrateur.stockEntreprise(Administrateur.java:26)
	at tpnote.Administrateur.stockEntreprise(Administrateur.java:26)
	at tpnote.Administrateur.stockEntreprise(Administrateur.java:26)
	at tpnote.Administrateur.stockEntreprise(Administrateur.java:26)
	at tpnote.Administrateur.stockEntreprise(Administrateur.java:26)
	at tpnote.Administrateur.stockEntreprise(Administrateur.java:26)
	at tpnote.Administrateur.stockEntreprise(Administrateur.java:26)
	at tpnote.Administrateur.stockEntreprise(Administrateur.java:26)
	at tpnote.Administrateur.stockEntreprise(Administrateur.java:26)
	at tpnote.Administrateur.stockEntreprise(Administrateur.java:26)
	at tpnote.Administrateur.stockEntreprise(Administrateur.java:26)
	at tpnote.Administrateur.stockEntreprise(Administrateur.java:26)
	at tpnote.Administrateur.stockEntreprise(Administrateur.java:26)
	at tpnote.Administrateur.stockEntreprise(Administrateur.java:26)
	at tpnote.Administrateur.stockEntreprise(Administrateur.java:26)
	at tpnote.Administrateur.stockEntreprise(Administrateur.java:26)
	at tpnote.Administrateur.stockEntreprise(Administrateur.java:26)
	at tpnote.Administrateur.stockEntreprise(Administrateur.java:26)
	at tpnote.Administrateur.stockEntreprise(Administrateur.java:26)
	at tpnote.Administrateur.stockEntreprise(Administrateur.java:26)
	at tpnote.Administrateur.stockEntreprise(Administrateur.java:26)
	at tpnote.Administrateur.stockEntreprise(Administrateur.java:26)
	at tpnote.Administrateur.stockEntreprise(Administrateur.java:26)
	at tpnote.Administrateur.stockEntreprise(Administrateur.java:26)
	at tpnote.Administrateur.stockEntreprise(Administrateur.java:26)
	at tpnote.Administrateur.stockEntreprise(Administrateur.java:26)
	at tpnote.Administrateur.stockEntreprise(Administrateur.java:26)
	at tpnote.Administrateur.stockEntreprise(Administrateur.java:26)
	at tpnote.Administrateur.stockEntreprise(Administrateur.java:26)
	at tpnote.Administrateur.stockEntreprise(Administrateur.java:26)
	at tpnote.Administrateur.stockEntreprise(Administrateur.java:26)
	at tpnote.Administrateur.stockEntreprise(Administrateur.java:26)
	at tpnote.Administrateur.stockEntreprise(Administrateur.java:26)
	at tpnote.Administrateur.stockEntreprise(Administrateur.java:26)
	at tpnote.Administrateur.stockEntreprise(Administrateur.java:26)
	at tpnote.Administrateur.stockEntreprise(Administrateur.java:26)
	at tpnote.Administrateur.stockEntreprise(Administrateur.java:26)
	at tpnote.Administrateur.stockEntreprise(Administrateur.java:26)
	at tpnote.Administrateur.stockEntreprise(Administrateur.java:26)
	at tpnote.Administrateur.stockEntreprise(Administrateur.java:26)
	at tpnote.Administrateur.stockEntreprise(Administrateur.java:26)
	at tpnote.Administrateur.stockEntreprise(Administrateur.java:26)
	at tpnote.Administrateur.stockEntreprise(Administrateur.java:26)
	at tpnote.Administrateur.stockEntreprise(Administrateur.java:26)
	at tpnote.Administrateur.stockEntreprise(Administrateur.java:26)
	at tpnote.Administrateur.stockEntreprise(Administrateur.java:26)
	at tpnote.Administrateur.stockEntreprise(Administrateur.java:26)
	at tpnote.Administrateur.stockEntreprise(Administrateur.java:26)
	at tpnote.Administrateur.stockEntreprise(Administrateur.java:26)
	at tpnote.Administrateur.stockEntreprise(Administrateur.java:26)
	at tpnote.Administrateur.stockEntreprise(Administrateur.java:26)
	at tpnote.Administrateur.stockEntreprise(Administrateur.java:26)
	at tpnote.Administrateur.stockEntreprise(Administrateur.java:26)
	at tpnote.Administrateur.stockEntreprise(Administrateur.java:26)
	at tpnote.Administrateur.stockEntreprise(Administrateur.java:26)
	at tpnote.Administrateur.stockEntreprise(Administrateur.java:26)
	at tpnote.Administrateur.stockEntreprise(Administrateur.java:26)
	at tpnote.Administrateur.stockEntreprise(Administrateur.java:26)
	at tpnote.Administrateur.stockEntreprise(Administrateur.java:26)
	at tpnote.Administrateur.stockEntreprise(Administrateur.java:26)
	at tpnote.Administrateur.stockEntreprise(Administrateur.java:26)
	at tpnote.Administrateur.stockEntreprise(Administrateur.java:26)
	at tpnote.Administrateur.stockEntreprise(Administrateur.java:26)
	at tpnote.Administrateur.stockEntreprise(Administrateur.java:26)
	at tpnote.Administrateur.stockEntreprise(Administrateur.java:26)
	at tpnote.Administrateur.stockEntreprise(Administrateur.java:26)
	at tpnote.Administrateur.stockEntreprise(Administrateur.java:26)
	at tpnote.Administrateur.stockEntreprise(Administrateur.java:26)
	at tpnote.Administrateur.stockEntreprise(Administrateur.java:26)
	at tpnote.Administrateur.stockEntreprise(Administrateur.java:26)
	at tpnote.Administrateur.stockEntreprise(Administrateur.java:26)
	at tpnote.Administrateur.stockEntreprise(Administrateur.java:26)
	at tpnote.Administrateur.stockEntreprise(Administrateur.java:26)
	at tpnote.Administrateur.stockEntreprise(Administrateur.java:26)
	at tpnote.Administrateur.stockEntreprise(Administrateur.java:26)
	at tpnote.Administrateur.stockEntreprise(Administrateur.java:26)
	at tpnote.Administrateur.stockEntreprise(Administrateur.java:26)
	at tpnote.Administrateur.stockEntreprise(Administrateur.java:26)
	at tpnote.Administrateur.stockEntreprise(Administrateur.java:26)
	at tpnote.Administrateur.stockEntreprise(Administrateur.java:26)
	at tpnote.Administrateur.stockEntreprise(Administrateur.java:26)
	at tpnote.Administrateur.stockEntreprise(Administrateur.java:26)
	at tpnote.Administrateur.stockEntreprise(Administrateur.java:26)
	at tpnote.Administrateur.stockEntreprise(Administrateur.java:26)
	at tpnote.Administrateur.stockEntreprise(Administrateur.java:26)
	at tpnote.Administrateur.stockEntreprise(Administrateur.java:26)
	at tpnote.Administrateur.stockEntreprise(Administrateur.java:26)
	at tpnote.Administrateur.stockEntreprise(Administrateur.java:26)
	at tpnote.Administrateur.stockEntreprise(Administrateur.java:26)
	at tpnote.Administrateur.stockEntreprise(Administrateur.java:26)
	at tpnote.Administrateur.stockEntreprise(Administrateur.java:26)
	at tpnote.Administrateur.stockEntreprise(Administrateur.java:26)
	at tpnote.Administrateur.stockEntreprise(Administrateur.java:26)
	at tpnote.Administrateur.stockEntreprise(Administrateur.java:26)
	at tpnote.Administrateur.stockEntreprise(Administrateur.java:26)
	at tpnote.Administrateur.stockEntreprise(Administrateur.java:26)
	at tpnote.Administrateur.stockEntreprise(Administrateur.java:26)
	at tpnote.Administrateur.stockEntreprise(Administrateur.java:26)
	at tpnote.Administrateur.stockEntreprise(Administrateur.java:26)
	at tpnote.Administrateur.stockEntreprise(Administrateur.java:26)
	at tpnote.Administrateur.stockEntreprise(Administrateur.java:26)
	at tpnote.Administrateur.stockEntreprise(Administrateur.java:26)
	at tpnote.Administrateur.stockEntreprise(Administrateur.java:26)
	at tpnote.Administrateur.stockEntreprise(Administrateur.java:26)
	at tpnote.Administrateur.stockEntreprise(Administrateur.java:26)
	at tpnote.Administrateur.stockEntreprise(Administrateur.java:26)
	at tpnote.Administrateur.stockEntreprise(Administrateur.java:26)
	at tpnote.Administrateur.stockEntreprise(Administrateur.java:26)
	at tpnote.Administrateur.stockEntreprise(Administrateur.java:26)
	at tpnote.Administrateur.stockEntreprise(Administrateur.java:26)
	at tpnote.Administrateur.stockEntreprise(Administrateur.java:26)
	at tpnote.Administrateur.stockEntreprise(Administrateur.java:26)
	at tpnote.Administrateur.stockEntreprise(Administrateur.java:26)
	at tpnote.Administrateur.stockEntreprise(Administrateur.java:26)
	at tpnote.Administrateur.stockEntreprise(Administrateur.java:26)
	at tpnote.Administrateur.stockEntreprise(Administrateur.java:26)
	at tpnote.Administrateur.stockEntreprise(Administrateur.java:26)
	at tpnote.Administrateur.stockEntreprise(Administrateur.java:26)
	at tpnote.Administrateur.stockEntreprise(Administrateur.java:26)
	at tpnote.Administrateur.stockEntreprise(Administrateur.java:26)
	at tpnote.Administrateur.stockEntreprise(Administrateur.java:26)
	at tpnote.Administrateur.stockEntreprise(Administrateur.java:26)
	at tpnote.Administrateur.stockEntreprise(Administrateur.java:26)
	at tpnote.Administrateur.stockEntreprise(Administrateur.java:26)
	at tpnote.Administrateur.stockEntreprise(Administrateur.java:26)
	at tpnote.Administrateur.stockEntreprise(Administrateur.java:26)
	at tpnote.Administrateur.stockEntreprise(Administrateur.java:26)
	at tpnote.Administrateur.stockEntreprise(Administrateur.java:26)
	at tpnote.Administrateur.stockEntreprise(Administrateur.java:26)
	at tpnote.Administrateur.stockEntreprise(Administrateur.java:26)
	at tpnote.Administrateur.stockEntreprise(Administrateur.java:26)
	at tpnote.Administrateur.stockEntreprise(Administrateur.java:26)
	at tpnote.Administrateur.stockEntreprise(Administrateur.java:26)
	at tpnote.Administrateur.stockEntreprise(Administrateur.java:26)
	at tpnote.Administrateur.stockEntreprise(Administrateur.java:26)
	at tpnote.Administrateur.stockEntreprise(Administrateur.java:26)
	at tpnote.Administrateur.stockEntreprise(Administrateur.java:26)
	at tpnote.Administrateur.stockEntreprise(Administrateur.java:26)
	at tpnote.Administrateur.stockEntreprise(Administrateur.java:26)
	at tpnote.Administrateur.stockEntreprise(Administrateur.java:26)
	at tpnote.Administrateur.stockEntreprise(Administrateur.java:26)
	at tpnote.Administrateur.stockEntreprise(Administrateur.java:26)
	at tpnote.Administrateur.stockEntreprise(Administrateur.java:26)
	at tpnote.Administrateur.stockEntreprise(Administrateur.java:26)
	at tpnote.Administrateur.stockEntreprise(Administrateur.java:26)
	at tpnote.Administrateur.stockEntreprise(Administrateur.java:26)
	at tpnote.Administrateur.stockEntreprise(Administrateur.java:26)
	at tpnote.Administrateur.stockEntreprise(Administrateur.java:26)
	at tpnote.Administrateur.stockEntreprise(Administrateur.java:26)
	at tpnote.Administrateur.stockEntreprise(Administrateur.java:26)
	at tpnote.Administrateur.stockEntreprise(Administrateur.java:26)
	at tpnote.Administrateur.stockEntreprise(Administrateur.java:26)
	at tpnote.Administrateur.stockEntreprise(Administrateur.java:26)
	at tpnote.Administrateur.stockEntreprise(Administrateur.java:26)
	at tpnote.Administrateur.stockEntreprise(Administrateur.java:26)
	at tpnote.Administrateur.stockEntreprise(Administrateur.java:26)
	at tpnote.Administrateur.stockEntreprise(Administrateur.java:26)
	at tpnote.Administrateur.stockEntreprise(Administrateur.java:26)
	at tpnote.Administrateur.stockEntreprise(Administrateur.java:26)
	at tpnote.Administrateur.stockEntreprise(Administrateur.java:26)
	at tpnote.Administrateur.stockEntreprise(Administrateur.java:26)
	at tpnote.Administrateur.stockEntreprise(Administrateur.java:26)
	at tpnote.Administrateur.stockEntreprise(Administrateur.java:26)
	at tpnote.Administrateur.stockEntreprise(Administrateur.java:26)
	at tpnote.Administrateur.stockEntreprise(Administrateur.java:26)
	at tpnote.Administrateur.stockEntreprise(Administrateur.java:26)
	at tpnote.Administrateur.stockEntreprise(Administrateur.java:26)
	at tpnote.Administrateur.stockEntreprise(Administrateur.java:26)
	at tpnote.Administrateur.stockEntreprise(Administrateur.java:26)
	at tpnote.Administrateur.stockEntreprise(Administrateur.java:26)
	at tpnote.Administrateur.stockEntreprise(Administrateur.java:26)
	at tpnote.Administrateur.stockEntreprise(Administrateur.java:26)
	at tpnote.Administrateur.stockEntreprise(Administrateur.java:26)
	at tpnote.Administrateur.stockEntreprise(Administrateur.java:26)
	at tpnote.Administrateur.stockEntreprise(Administrateur.java:26)
	at tpnote.Administrateur.stockEntreprise(Administrateur.java:26)
	at tpnote.Administrateur.stockEntreprise(Administrateur.java:26)
	at tpnote.Administrateur.stockEntreprise(Administrateur.java:26)
	at tpnote.Administrateur.stockEntreprise(Administrateur.java:26)
	at tpnote.Administrateur.stockEntreprise(Administrateur.java:26)
	at tpnote.Administrateur.stockEntreprise(Administrateur.java:26)
	at tpnote.Administrateur.stockEntreprise(Administrateur.java:26)
	at tpnote.Administrateur.stockEntreprise(Administrateur.java:26)
	at tpnote.Administrateur.stockEntreprise(Administrateur.java:26)
	at tpnote.Administrateur.stockEntreprise(Administrateur.java:26)
	at tpnote.Administrateur.stockEntreprise(Administrateur.java:26)
	at tpnote.Administrateur.stockEntreprise(Administrateur.java:26)
	at tpnote.Administrateur.stockEntreprise(Administrateur.java:26)
	at tpnote.Administrateur.stockEntreprise(Administrateur.java:26)
	at tpnote.Administrateur.stockEntreprise(Administrateur.java:26)
	at tpnote.Administrateur.stockEntreprise(Administrateur.java:26)
	at tpnote.Administrateur.stockEntreprise(Administrateur.java:26)
	at tpnote.Administrateur.stockEntreprise(Administrateur.java:26)
	at tpnote.Administrateur.stockEntreprise(Administrateur.java:26)
	at tpnote.Administrateur.stockEntreprise(Administrateur.java:26)
	at tpnote.Administrateur.stockEntreprise(Administrateur.java:26)
	at tpnote.Administrateur.stockEntreprise(Administrateur.java:26)
	at tpnote.Administrateur.stockEntreprise(Administrateur.java:26)
	at tpnote.Administrateur.stockEntreprise(Administrateur.java:26)
	at tpnote.Administrateur.stockEntreprise(Administrateur.java:26)
	at tpnote.Administrateur.stockEntreprise(Administrateur.java:26)
	at tpnote.Administrateur.stockEntreprise(Administrateur.java:26)
	at tpnote.Administrateur.stockEntreprise(Administrateur.java:26)
	at tpnote.Administrateur.stockEntreprise(Administrateur.java:26)
	at tpnote.Administrateur.stockEntreprise(Administrateur.java:26)
	at tpnote.Administrateur.stockEntreprise(Administrateur.java:26)
	at tpnote.Administrateur.stockEntreprise(Administrateur.java:26)
	at tpnote.Administrateur.stockEntreprise(Administrateur.java:26)
	at tpnote.Administrateur.stockEntreprise(Administrateur.java:26)
	at tpnote.Administrateur.stockEntreprise(Administrateur.java:26)
	at tpnote.Administrateur.stockEntreprise(Administrateur.java:26)
	at tpnote.Administrateur.stockEntreprise(Administrateur.java:26)
	at tpnote.Administrateur.stockEntreprise(Administrateur.java:26)
	at tpnote.Administrateur.stockEntreprise(Administrateur.java:26)
	at tpnote.Administrateur.stockEntreprise(Administrateur.java:26)
	at tpnote.Administrateur.stockEntreprise(Administrateur.java:26)
	at tpnote.Administrateur.stockEntreprise(Administrateur.java:26)
	at tpnote.Administrateur.stockEntreprise(Administrateur.java:26)
	at tpnote.Administrateur.stockEntreprise(Administrateur.java:26)
	at tpnote.Administrateur.stockEntreprise(Administrateur.java:26)
	at tpnote.Administrateur.stockEntreprise(Administrateur.java:26)
	at tpnote.Administrateur.stockEntreprise(Administrateur.java:26)
	at tpnote.Administrateur.stockEntreprise(Administrateur.java:26)
	at tpnote.Administrateur.stockEntreprise(Administrateur.java:26)
	at tpnote.Administrateur.stockEntreprise(Administrateur.java:26)
	at tpnote.Administrateur.stockEntreprise(Administrateur.java:26)
	at tpnote.Administrateur.stockEntreprise(Administrateur.java:26)
	at tpnote.Administrateur.stockEntreprise(Administrateur.java:26)
	at tpnote.Administrateur.stockEntreprise(Administrateur.java:26)
	at tpnote.Administrateur.stockEntreprise(Administrateur.java:26)
	at tpnote.Administrateur.stockEntreprise(Administrateur.java:26)
	at tpnote.Administrateur.stockEntreprise(Administrateur.java:26)
	at tpnote.Administrateur.stockEntreprise(Administrateur.java:26)
	at tpnote.Administrateur.stockEntreprise(Administrateur.java:26)
	at tpnote.Administrateur.stockEntreprise(Administrateur.java:26)
	at tpnote.Administrateur.stockEntreprise(Administrateur.java:26)
	at tpnote.Administrateur.stockEntreprise(Administrateur.java:26)
	at tpnote.Administrateur.stockEntreprise(Administrateur.java:26)
	at tpnote.Administrateur.stockEntreprise(Administrateur.java:26)
	at tpnote.Administrateur.stockEntreprise(Administrateur.java:26)
	at tpnote.Administrateur.stockEntreprise(Administrateur.java:26)
	at tpnote.Administrateur.stockEntreprise(Administrateur.java:26)
	at tpnote.Administrateur.stockEntreprise(Administrateur.java:26)
	at tpnote.Administrateur.stockEntreprise(Administrateur.java:26)
	at tpnote.Administrateur.stockEntreprise(Administrateur.java:26)
	at tpnote.Administrateur.stockEntreprise(Administrateur.java:26)
	at tpnote.Administrateur.stockEntreprise(Administrateur.java:26)
	at tpnote.Administrateur.stockEntreprise(Administrateur.java:26)
	at tpnote.Administrateur.stockEntreprise(Administrateur.java:26)
	at tpnote.Administrateur.stockEntreprise(Administrateur.java:26)
	at tpnote.Administrateur.stockEntreprise(Administrateur.java:26)
	at tpnote.Administrateur.stockEntreprise(Administrateur.java:26)
	at tpnote.Administrateur.stockEntreprise(Administrateur.java:26)
	at tpnote.Administrateur.stockEntreprise(Administrateur.java:26)
	at tpnote.Administrateur.stockEntreprise(Administrateur.java:26)
	at tpnote.Administrateur.stockEntreprise(Administrateur.java:26)
	at tpnote.Administrateur.stockEntreprise(Administrateur.java:26)
	at tpnote.Administrateur.stockEntreprise(Administrateur.java:26)
	at tpnote.Administrateur.stockEntreprise(Administrateur.java:26)
	at tpnote.Administrateur.stockEntreprise(Administrateur.java:26)
	at tpnote.Administrateur.stockEntreprise(Administrateur.java:26)
	at tpnote.Administrateur.stockEntreprise(Administrateur.java:26)
	at tpnote.Administrateur.stockEntreprise(Administrateur.java:26)
	at tpnote.Administrateur.stockEntreprise(Administrateur.java:26)
	at tpnote.Administrateur.stockEntreprise(Administrateur.java:26)
	at tpnote.Administrateur.stockEntreprise(Administrateur.java:26)
	at tpnote.Administrateur.stockEntreprise(Administrateur.java:26)
	at tpnote.Administrateur.stockEntreprise(Administrateur.java:26)
	at tpnote.Administrateur.stockEntreprise(Administrateur.java:26)
	at tpnote.Administrateur.stockEntreprise(Administrateur.java:26)
	at tpnote.Administrateur.stockEntreprise(Administrateur.java:26)
	at tpnote.Administrateur.stockEntreprise(Administrateur.java:26)
	at tpnote.Administrateur.stockEntreprise(Administrateur.java:26)
	at tpnote.Administrateur.stockEntreprise(Administrateur.java:26)
	at tpnote.Administrateur.stockEntreprise(Administrateur.java:26)
	at tpnote.Administrateur.stockEntreprise(Administrateur.java:26)
	at tpnote.Administrateur.stockEntreprise(Administrateur.java:26)
	at tpnote.Administrateur.stockEntreprise(Administrateur.java:26)
	at tpnote.Administrateur.stockEntreprise(Administrateur.java:26)
	at tpnote.Administrateur.stockEntreprise(Administrateur.java:26)
	at tpnote.Administrateur.stockEntreprise(Administrateur.java:26)
	at tpnote.Administrateur.stockEntreprise(Administrateur.java:26)
	at tpnote.Administrateur.stockEntreprise(Administrateur.java:26)
	at tpnote.Administrateur.stockEntreprise(Administrateur.java:26)
	at tpnote.Administrateur.stockEntreprise(Administrateur.java:26)
	at tpnote.Administrateur.stockEntreprise(Administrateur.java:26)
	at tpnote.Administrateur.stockEntreprise(Administrateur.java:26)
	at tpnote.Administrateur.stockEntreprise(Administrateur.java:26)
	at tpnote.Administrateur.stockEntreprise(Administrateur.java:26)
	at tpnote.Administrateur.stockEntreprise(Administrateur.java:26)
	at tpnote.Administrateur.stockEntreprise(Administrateur.java:26)
	at tpnote.Administrateur.stockEntreprise(Administrateur.java:26)
	at tpnote.Administrateur.stockEntreprise(Administrateur.java:26)
	at tpnote.Administrateur.stockEntreprise(Administrateur.java:26)
	at tpnote.Administrateur.stockEntreprise(Administrateur.java:26)
	at tpnote.Administrateur.stockEntreprise(Administrateur.java:26)
	at tpnote.Administrateur.stockEntreprise(Administrateur.java:26)
	at tpnote.Administrateur.stockEntreprise(Administrateur.java:26)
	at tpnote.Administrateur.stockEntreprise(Administrateur.java:26)
	at tpnote.Administrateur.stockEntreprise(Administrateur.java:26)
	at tpnote.Administrateur.stockEntreprise(Administrateur.java:26)
	at tpnote.Administrateur.stockEntreprise(Administrateur.java:26)
	at tpnote.Administrateur.stockEntreprise(Administrateur.java:26)
	at tpnote.Administrateur.stockEntreprise(Administrateur.java:26)
	at tpnote.Administrateur.stockEntreprise(Administrateur.java:26)
	at tpnote.Administrateur.stockEntreprise(Administrateur.java:26)
	at tpnote.Administrateur.stockEntreprise(Administrateur.java:26)
	at tpnote.Administrateur.stockEntreprise(Administrateur.java:26)
	at tpnote.Administrateur.stockEntreprise(Administrateur.java:26)
	at tpnote.Administrateur.stockEntreprise(Administrateur.java:26)
	at tpnote.Administrateur.stockEntreprise(Administrateur.java:26)
	at tpnote.Administrateur.stockEntreprise(Administrateur.java:26)
	at tpnote.Administrateur.stockEntreprise(Administrateur.java:26)
	at tpnote.Administrateur.stockEntreprise(Administrateur.java:26)
	at tpnote.Administrateur.stockEntreprise(Administrateur.java:26)
	at tpnote.Administrateur.stockEntreprise(Administrateur.java:26)
	at tpnote.Administrateur.stockEntreprise(Administrateur.java:26)
	at tpnote.Administrateur.stockEntreprise(Administrateur.java:26)
	at tpnote.Administrateur.stockEntreprise(Administrateur.java:26)
	at tpnote.Administrateur.stockEntreprise(Administrateur.java:26)
	at tpnote.Administrateur.stockEntreprise(Administrateur.java:26)
	at tpnote.Administrateur.stockEntreprise(Administrateur.java:26)
	at tpnote.Administrateur.stockEntreprise(Administrateur.java:26)
	at tpnote.Administrateur.stockEntreprise(Administrateur.java:26)
	at tpnote.Administrateur.stockEntreprise(Administrateur.java:26)
	at tpnote.Administrateur.stockEntreprise(Administrateur.java:26)
	at tpnote.Administrateur.stockEntreprise(Administrateur.java:26)
	at tpnote.Administrateur.stockEntreprise(Administrateur.java:26)
	at tpnote.Administrateur.stockEntreprise(Administrateur.java:26)
	at tpnote.Administrateur.stockEntreprise(Administrateur.java:26)
	at tpnote.Administrateur.stockEntreprise(Administrateur.java:26)
	at tpnote.Administrateur.stockEntreprise(Administrateur.java:26)
	at tpnote.Administrateur.stockEntreprise(Administrateur.java:26)
	at tpnote.Administrateur.stockEntreprise(Administrateur.java:26)
	at tpnote.Administrateur.stockEntreprise(Administrateur.java:26)
	at tpnote.Administrateur.stockEntreprise(Administrateur.java:26)
	at tpnote.Administrateur.stockEntreprise(Administrateur.java:26)
	at tpnote.Administrateur.stockEntreprise(Administrateur.java:26)
	at tpnote.Administrateur.stockEntreprise(Administrateur.java:26)
	at tpnote.Administrateur.stockEntreprise(Administrateur.java:26)
	at tpnote.Administrateur.stockEntreprise(Administrateur.java:26)
	at tpnote.Administrateur.stockEntreprise(Administrateur.java:26)
	at tpnote.Administrateur.stockEntreprise(Administrateur.java:26)
	at tpnote.Administrateur.stockEntreprise(Administrateur.java:26)
	at tpnote.Administrateur.stockEntreprise(Administrateur.java:26)
	at tpnote.Administrateur.stockEntreprise(Administrateur.java:26)
	at tpnote.Administrateur.stockEntreprise(Administrateur.java:26)
	at tpnote.Administrateur.stockEntreprise(Administrateur.java:26)
	at tpnote.Administrateur.stockEntreprise(Administrateur.java:26)
	at tpnote.Administrateur.stockEntreprise(Administrateur.java:26)
	at tpnote.Administrateur.stockEntreprise(Administrateur.java:26)
	at tpnote.Administrateur.stockEntreprise(Administrateur.java:26)
	at tpnote.Administrateur.stockEntreprise(Administrateur.java:26)
	at tpnote.Administrateur.stockEntreprise(Administrateur.java:26)
	at tpnote.Administrateur.stockEntreprise(Administrateur.java:26)
	at tpnote.Administrateur.stockEntreprise(Administrateur.java:26)
	at tpnote.Administrateur.stockEntreprise(Administrateur.java:26)
	at tpnote.Administrateur.stockEntreprise(Administrateur.java:26)
	at tpnote.Administrateur.stockEntreprise(Administrateur.java:26)
	at tpnote.Administrateur.stockEntreprise(Administrateur.java:26)
	at tpnote.Administrateur.stockEntreprise(Administrateur.java:26)
	at tpnote.Administrateur.stockEntreprise(Administrateur.java:26)
	at tpnote.Administrateur.stockEntreprise(Administrateur.java:26)
	at tpnote.Administrateur.stockEntreprise(Administrateur.java:26)
	at tpnote.Administrateur.stockEntreprise(Administrateur.java:26)
	at tpnote.Administrateur.stockEntreprise(Administrateur.java:26)
	at tpnote.Administrateur.stockEntreprise(Administrateur.java:26)
	at tpnote.Administrateur.stockEntreprise(Administrateur.java:26)
	at tpnote.Administrateur.stockEntreprise(Administrateur.java:26)
	at tpnote.Administrateur.stockEntreprise(Administrateur.java:26)
	at tpnote.Administrateur.stockEntreprise(Administrateur.java:26)
	at tpnote.Administrateur.stockEntreprise(Administrateur.java:26)
	at tpnote.Administrateur.stockEntreprise(Administrateur.java:26)
	at tpnote.Administrateur.stockEntreprise(Administrateur.java:26)
	at tpnote.Administrateur.stockEntreprise(Administrateur.java:26)
	at tpnote.Administrateur.stockEntreprise(Administrateur.java:26)
	at tpnote.Administrateur.stockEntreprise(Administrateur.java:26)
	at tpnote.Administrateur.stockEntreprise(Administrateur.java:26)
	at tpnote.Administrateur.stockEntreprise(Administrateur.java:26)
	at tpnote.Administrateur.stockEntreprise(Administrateur.java:26)
	at tpnote.Administrateur.stockEntreprise(Administrateur.java:26)
	at tpnote.Administrateur.stockEntreprise(Administrateur.java:26)
	at tpnote.Administrateur.stockEntreprise(Administrateur.java:26)
	at tpnote.Administrateur.stockEntreprise(Administrateur.java:26)
	at tpnote.Administrateur.stockEntreprise(Administrateur.java:26)
	at tpnote.Administrateur.stockEntreprise(Administrateur.java:26)
	at tpnote.Administrateur.stockEntreprise(Administrateur.java:26)
	at tpnote.Administrateur.stockEntreprise(Administrateur.java:26)
	at tpnote.Administrateur.stockEntreprise(Administrateur.java:26)
	at tpnote.Administrateur.stockEntreprise(Administrateur.java:26)
	at tpnote.Administrateur.stockEntreprise(Administrateur.java:26)
	at tpnote.Administrateur.stockEntreprise(Administrateur.java:26)
	at tpnote.Administrateur.stockEntreprise(Administrateur.java:26)
	at tpnote.Administrateur.stockEntreprise(Administrateur.java:26)
	at tpnote.Administrateur.stockEntreprise(Administrateur.java:26)
	at tpnote.Administrateur.stockEntreprise(Administrateur.java:26)
	at tpnote.Administrateur.stockEntreprise(Administrateur.java:26)
	at tpnote.Administrateur.stockEntreprise(Administrateur.java:26)
	at tpnote.Administrateur.stockEntreprise(Administrateur.java:26)
	at tpnote.Administrateur.stockEntreprise(Administrateur.java:26)
	at tpnote.Administrateur.stockEntreprise(Administrateur.java:26)
	at tpnote.Administrateur.stockEntreprise(Administrateur.java:26)
	at tpnote.Administrateur.stockEntreprise(Administrateur.java:26)
	at tpnote.Administrateur.stockEntreprise(Administrateur.java:26)
	at tpnote.Administrateur.stockEntreprise(Administrateur.java:26)
	at tpnote.Administrateur.stockEntreprise(Administrateur.java:26)
	at tpnote.Administrateur.stockEntreprise(Administrateur.java:26)
	at tpnote.Administrateur.stockEntreprise(Administrateur.java:26)
	at tpnote.Administrateur.stockEntreprise(Administrateur.java:26)
	at tpnote.Administrateur.stockEntreprise(Administrateur.java:26)
	at tpnote.Administrateur.stockEntreprise(Administrateur.java:26)
	at tpnote.Administrateur.stockEntreprise(Administrateur.java:26)
	at tpnote.Administrateur.stockEntreprise(Administrateur.java:26)
	at tpnote.Administrateur.stockEntreprise(Administrateur.java:26)
	at tpnote.Administrateur.stockEntreprise(Administrateur.java:26)
	at tpnote.Administrateur.stockEntreprise(Administrateur.java:26)
	at tpnote.Administrateur.stockEntreprise(Administrateur.java:26)
	at tpnote.Administrateur.stockEntreprise(Administrateur.java:26)
	at tpnote.Administrateur.stockEntreprise(Administrateur.java:26)
	at tpnote.Administrateur.stockEntreprise(Administrateur.java:26)
	at tpnote.Administrateur.stockEntreprise(Administrateur.java:26)
	at tpnote.Administrateur.stockEntreprise(Administrateur.java:26)
	at tpnote.Administrateur.stockEntreprise(Administrateur.java:26)
	at tpnote.Administrateur.stockEntreprise(Administrateur.java:26)
	at tpnote.Administrateur.stockEntreprise(Administrateur.java:26)
	at tpnote.Administrateur.stockEntreprise(Administrateur.java:26)
	at tpnote.Administrateur.stockEntreprise(Administrateur.java:26)
	at tpnote.Administrateur.stockEntreprise(Administrateur.java:26)
	at tpnote.Administrateur.stockEntreprise(Administrateur.java:26)
	at tpnote.Administrateur.stockEntreprise(Administrateur.java:26)
	at tpnote.Administrateur.stockEntreprise(Administrateur.java:26)
	at tpnote.Administrateur.stockEntreprise(Administrateur.java:26)
	at tpnote.Administrateur.stockEntreprise(Administrateur.java:26)
	at tpnote.Administrateur.stockEntreprise(Administrateur.java:26)
	at tpnote.Administrateur.stockEntreprise(Administrateur.java:26)
	at tpnote.Administrateur.stockEntreprise(Administrateur.java:26)
	at tpnote.Administrateur.stockEntreprise(Administrateur.java:26)
	at tpnote.Administrateur.stockEntreprise(Administrateur.java:26)
	at tpnote.Administrateur.stockEntreprise(Administrateur.java:26)
	at tpnote.Administrateur.stockEntreprise(Administrateur.java:26)
	at tpnote.Administrateur.stockEntreprise(Administrateur.java:26)
	at tpnote.Administrateur.stockEntreprise(Administrateur.java:26)
	at tpnote.Administrateur.stockEntreprise(Administrateur.java:26)
	at tpnote.Administrateur.stockEntreprise(Administrateur.java:26)
	at tpnote.Administrateur.stockEntreprise(Administrateur.java:26)
	at tpnote.Administrateur.stockEntreprise(Administrateur.java:26)
	at tpnote.Administrateur.stockEntreprise(Administrateur.java:26)
	at tpnote.Administrateur.stockEntreprise(Administrateur.java:26)
	at tpnote.Administrateur.stockEntreprise(Administrateur.java:26)
	at tpnote.Administrateur.stockEntreprise(Administrateur.java:26)
	at tpnote.Administrateur.stockEntreprise(Administrateur.java:26)
	at tpnote.Administrateur.stockEntreprise(Administrateur.java:26)
	at tpnote.Administrateur.stockEntreprise(Administrateur.java:26)
	at tpnote.Administrateur.stockEntreprise(Administrateur.java:26)
	at tpnote.Administrateur.stockEntreprise(Administrateur.java:26)
	at tpnote.Administrateur.stockEntreprise(Administrateur.java:26)
	at tpnote.Administrateur.stockEntreprise(Administrateur.java:26)
	at tpnote.Administrateur.stockEntreprise(Administrateur.java:26)
	at tpnote.Administrateur.stockEntreprise(Administrateur.java:26)
	at tpnote.Administrateur.stockEntreprise(Administrateur.java:26)
	at tpnote.Administrateur.stockEntreprise(Administrateur.java:26)
	at tpnote.Administrateur.stockEntreprise(Administrateur.java:26)
	at tpnote.Administrateur.stockEntreprise(Administrateur.java:26)
	at tpnote.Administrateur.stockEntreprise(Administrateur.java:26)
	at tpnote.Administrateur.stockEntreprise(Administrateur.java:26)
	at tpnote.Administrateur.stockEntreprise(Administrateur.java:26)
	at tpnote.Administrateur.stockEntreprise(Administrateur.java:26)
	at tpnote.Administrateur.stockEntreprise(Administrateur.java:26)
	at tpnote.Administrateur.stockEntreprise(Administrateur.java:26)
	at tpnote.Administrateur.stockEntreprise(Administrateur.java:26)
	at tpnote.Administrateur.stockEntreprise(Administrateur.java:26)
	at tpnote.Administrateur.stockEntreprise(Administrateur.java:26)
	at tpnote.Administrateur.stockEntreprise(Administrateur.java:26)
	at tpnote.Administrateur.stockEntreprise(Administrateur.java:26)
	at tpnote.Administrateur.stockEntreprise(Administrateur.java:26)
	at tpnote.Administrateur.stockEntreprise(Administrateur.java:26)
	at tpnote.Administrateur.stockEntreprise(Administrateur.java:26)
	at tpnote.Administrateur.stockEntreprise(Administrateur.java:26)
	at tpnote.Administrateur.stockEntreprise(Administrateur.java:26)
	at tpnote.Administrateur.stockEntreprise(Administrateur.java:26)
	at tpnote.Administrateur.stockEntreprise(Administrateur.java:26)
	at tpnote.Administrateur.stockEntreprise(Administrateur.java:26)
	at tpnote.Administrateur.stockEntreprise(Administrateur.java:26)
	at tpnote.Administrateur.stockEntreprise(Administrateur.java:26)
	at tpnote.Administrateur.stockEntreprise(Administrateur.java:26)
	at tpnote.Administrateur.stockEntreprise(Administrateur.java:26)
	at tpnote.Administrateur.stockEntreprise(Administrateur.java:26)
	at tpnote.Administrateur.stockEntreprise(Administrateur.java:26)
	at tpnote.Administrateur.stockEntreprise(Administrateur.java:26)
	at tpnote.Administrateur.stockEntreprise(Administrateur.java:26)
	at tpnote.Administrateur.stockEntreprise(Administrateur.java:26)
	at tpnote.Administrateur.stockEntreprise(Administrateur.java:26)
	at tpnote.Administrateur.stockEntreprise(Administrateur.java:26)
	at tpnote.Administrateur.stockEntreprise(Administrateur.java:26)
	at tpnote.Administrateur.stockEntreprise(Administrateur.java:26)
	at tpnote.Administrateur.stockEntreprise(Administrateur.java:26)
	at tpnote.Administrateur.stockEntreprise(Administrateur.java:26)
	at tpnote.Administrateur.stockEntreprise(Administrateur.java:26)
	at tpnote.Administrateur.stockEntreprise(Administrateur.java:26)
	at tpnote.Administrateur.stockEntreprise(Administrateur.java:26)
	at tpnote.Administrateur.stockEntreprise(Administrateur.java:26)
	at tpnote.Administrateur.stockEntreprise(Administrateur.java:26)
	at tpnote.Administrateur.stockEntreprise(Administrateur.java:26)
	at tpnote.Administrateur.stockEntreprise(Administrateur.java:26)
	at tpnote.Administrateur.stockEntreprise(Administrateur.java:26)
	at tpnote.Administrateur.stockEntreprise(Administrateur.java:26)
	at tpnote.Administrateur.stockEntreprise(Administrateur.java:26)
	at tpnote.Administrateur.stockEntreprise(Administrateur.java:26)
	at tpnote.Administrateur.stockEntreprise(Administrateur.java:26)
	at tpnote.Administrateur.stockEntreprise(Administrateur.java:26)
	at tpnote.Administrateur.stockEntreprise(Administrateur.java:26)
	at tpnote.Administrateur.stockEntreprise(Administrateur.java:26)
	at tpnote.Administrateur.stockEntreprise(Administrateur.java:26)
	at tpnote.Administrateur.stockEntreprise(Administrateur.java:26)
	at tpnote.Administrateur.stockEntreprise(Administrateur.java:26)
	at tpnote.Administrateur.stockEntreprise(Administrateur.java:26)
	at tpnote.Administrateur.stockEntreprise(Administrateur.java:26)
	at tpnote.Administrateur.stockEntreprise(Administrateur.java:26)
	at tpnote.Administrateur.stockEntreprise(Administrateur.java:26)
	at tpnote.Administrateur.stockEntreprise(Administrateur.java:26)
	at tpnote.Administrateur.stockEntreprise(Administrateur.java:26)
	at tpnote.Administrateur.stockEntreprise(Administrateur.java:26)
	at tpnote.Administrateur.stockEntreprise(Administrateur.java:26)
	at tpnote.Administrateur.stockEntreprise(Administrateur.java:26)
	at tpnote.Administrateur.stockEntreprise(Administrateur.java:26)
	at tpnote.Administrateur.stockEntreprise(Administrateur.java:26)
	at tpnote.Administrateur.stockEntreprise(Administrateur.java:26)
	at tpnote.Administrateur.stockEntreprise(Administrateur.java:26)
	at tpnote.Administrateur.stockEntreprise(Administrateur.java:26)
	at tpnote.Administrateur.stockEntreprise(Administrateur.java:26)
	at tpnote.Administrateur.stockEntreprise(Administrateur.java:26)
	at tpnote.Administrateur.stockEntreprise(Administrateur.java:26)
	at tpnote.Administrateur.stockEntreprise(Administrateur.java:26)
	at tpnote.Administrateur.stockEntreprise(Administrateur.java:26)
	at tpnote.Administrateur.stockEntreprise(Administrateur.java:26)
	at tpnote.Administrateur.stockEntreprise(Administrateur.java:26)
	at tpnote.Administrateur.stockEntreprise(Administrateur.java:26)
	at tpnote.Administrateur.stockEntreprise(Administrateur.java:26)
	at tpnote.Administrateur.stockEntreprise(Administrateur.java:26)
	at tpnote.Administrateur.stockEntreprise(Administrateur.java:26)
	at tpnote.Administrateur.stockEntreprise(Administrateur.java:26)
	at tpnote.Administrateur.stockEntreprise(Administrateur.java:26)
	at tpnote.Administrateur.stockEntreprise(Administrateur.java:26)
	at tpnote.Administrateur.stockEntreprise(Administrateur.java:26)
	at tpnote.Administrateur.stockEntreprise(Administrateur.java:26)
	at tpnote.Administrateur.stockEntreprise(Administrateur.java:26)
	at tpnote.Administrateur.stockEntreprise(Administrateur.java:26)
	at tpnote.Administrateur.stockEntreprise(Administrateur.java:26)
	at tpnote.Administrateur.stockEntreprise(Administrateur.java:26)
	at tpnote.Administrateur.stockEntreprise(Administrateur.java:26)
	at tpnote.Administrateur.stockEntreprise(Administrateur.java:26)
	at tpnote.Administrateur.stockEntreprise(Administrateur.java:26)
	at tpnote.Administrateur.stockEntreprise(Administrateur.java:26)
	at tpnote.Administrateur.stockEntreprise(Administrateur.java:26)
	at tpnote.Administrateur.stockEntreprise(Administrateur.java:26)
	at tpnote.Administrateur.stockEntreprise(Administrateur.java:26)
	at tpnote.Administrateur.stockEntreprise(Administrateur.java:26)
	at tpnote.Administrateur.stockEntreprise(Administrateur.java:26)
	at tpnote.Administrateur.stockEntreprise(Administrateur.java:26)
	at tpnote.Administrateur.stockEntreprise(Administrateur.java:26)
	at tpnote.Administrateur.stockEntreprise(Administrateur.java:26)
	at tpnote.Administrateur.stockEntreprise(Administrateur.java:26)
	at tpnote.Administrateur.stockEntreprise(Administrateur.java:26)
	at tpnote.Administrateur.stockEntreprise(Administrateur.java:26)
	at tpnote.Administrateur.stockEntreprise(Administrateur.java:26)
	at tpnote.Administrateur.stockEntreprise(Administrateur.java:26)
	at tpnote.Administrateur.stockEntreprise(Administrateur.java:26)
	at tpnote.Administrateur.stockEntreprise(Administrateur.java:26)
	at tpnote.Administrateur.stockEntreprise(Administrateur.java:26)
	at tpnote.Administrateur.stockEntreprise(Administrateur.java:26)
	at tpnote.Administrateur.stockEntreprise(Administrateur.java:26)
	at tpnote.Administrateur.stockEntreprise(Administrateur.java:26)
	at tpnote.Administrateur.stockEntreprise(Administrateur.java:26)
	at tpnote.Administrateur.stockEntreprise(Administrateur.java:26)
	at tpnote.Administrateur.stockEntreprise(Administrateur.java:26)
	at tpnote.Administrateur.stockEntreprise(Administrateur.java:26)
	at tpnote.Administrateur.stockEntreprise(Administrateur.java:26)
	at tpnote.Administrateur.stockEntreprise(Administrateur.java:26)
	at tpnote.Administrateur.stockEntreprise(Administrateur.java:26)
	at tpnote.Administrateur.stockEntreprise(Administrateur.java:26)
	at tpnote.Administrateur.stockEntreprise(Administrateur.java:26)
	at tpnote.Administrateur.stockEntreprise(Administrateur.java:26)
	at tpnote.Administrateur.stockEntreprise(Administrateur.java:26)
	at tpnote.Administrateur.stockEntreprise(Administrateur.java:26)
	at tpnote.Administrateur.stockEntreprise(Administrateur.java:26)
	at tpnote.Administrateur.stockEntreprise(Administrateur.java:26)
	at tpnote.Administrateur.stockEntreprise(Administrateur.java:26)
	at tpnote.Administrateur.stockEntreprise(Administrateur.java:26)
	at tpnote.Administrateur.stockEntreprise(Administrateur.java:26)
	at tpnote.Administrateur.stockEntreprise(Administrateur.java:26)
	at tpnote.Administrateur.stockEntreprise(Administrateur.java:26)
	at tpnote.Administrateur.stockEntreprise(Administrateur.java:26)
	at tpnote.Administrateur.stockEntreprise(Administrateur.java:26)
	at tpnote.Administrateur.stockEntreprise(Administrateur.java:26)
	at tpnote.Administrateur.stockEntreprise(Administrateur.java:26)
	at tpnote.Administrateur.stockEntreprise(Administrateur.java:26)
	at tpnote.Administrateur.stockEntreprise(Administrateur.java:26)
	at tpnote.Administrateur.stockEntreprise(Administrateur.java:26)
	at tpnote.Administrateur.stockEntreprise(Administrateur.java:26)
	at tpnote.Administrateur.stockEntreprise(Administrateur.java:26)
	at tpnote.Administrateur.stockEntreprise(Administrateur.java:26)
	at tpnote.Administrateur.stockEntreprise(Administrateur.java:26)
	at tpnote.Administrateur.stockEntreprise(Administrateur.java:26)
	at tpnote.Administrateur.stockEntreprise(Administrateur.java:26)
	at tpnote.Administrateur.stockEntreprise(Administrateur.java:26)
	at tpnote.Administrateur.stockEntreprise(Administrateur.java:26)
	at tpnote.Administrateur.stockEntreprise(Administrateur.java:26)
	at tpnote.Administrateur.stockEntreprise(Administrateur.java:26)
	at tpnote.Administrateur.stockEntreprise(Administrateur.java:26)
	at tpnote.Administrateur.stockEntreprise(Administrateur.java:26)
	at tpnote.Administrateur.stockEntreprise(Administrateur.java:26)
	at tpnote.Administrateur.stockEntreprise(Administrateur.java:26)
	at tpnote.Administrateur.stockEntreprise(Administrateur.java:26)
	at tpnote.Administrateur.stockEntreprise(Administrateur.java:26)
	at tpnote.Administrateur.stockEntreprise(Administrateur.java:26)
	at tpnote.Administrateur.stockEntreprise(Administrateur.java:26)
	at tpnote.Administrateur.stockEntreprise(Administrateur.java:26)
	at tpnote.Administrateur.stockEntreprise(Administrateur.java:26)
	at tpnote.Administrateur.stockEntreprise(Administrateur.java:26)
	at tpnote.Administrateur.stockEntreprise(Administrateur.java:26)
	at tpnote.Administrateur.stockEntreprise(Administrateur.java:26)
	at tpnote.Administrateur.stockEntreprise(Administrateur.java:26)
	at tpnote.Administrateur.stockEntreprise(Administrateur.java:26)
	at tpnote.Administrateur.stockEntreprise(Administrateur.java:26)
	at tpnote.Administrateur.stockEntreprise(Administrateur.java:26)
	at tpnote.Administrateur.stockEntreprise(Administrateur.java:26)
	at tpnote.Administrateur.stockEntreprise(Administrateur.java:26)
	at tpnote.Administrateur.stockEntreprise(Administrateur.java:26)
	at tpnote.Administrateur.stockEntreprise(Administrateur.java:26)
	at tpnote.Administrateur.stockEntreprise(Administrateur.java:26)
	at tpnote.Administrateur.stockEntreprise(Administrateur.java:26)
	at tpnote.Administrateur.stockEntreprise(Administrateur.java:26)
	at tpnote.Administrateur.stockEntreprise(Administrateur.java:26)
	at tpnote.Administrateur.stockEntreprise(Administrateur.java:26)
	at tpnote.Administrateur.stockEntreprise(Administrateur.java:26)
	at tpnote.Administrateur.stockEntreprise(Administrateur.java:26)
	at tpnote.Administrateur.stockEntreprise(Administrateur.java:26)
	at tpnote.Administrateur.stockEntreprise(Administrateur.java:26)
	at tpnote.Administrateur.stockEntreprise(Administrateur.java:26)
	at tpnote.Administrateur.stockEntreprise(Administrateur.java:26)
	at tpnote.Administrateur.stockEntreprise(Administrateur.java:26)
	at tpnote.Administrateur.stockEntreprise(Administrateur.java:26)
	at tpnote.Administrateur.stockEntreprise(Administrateur.java:26)
	at tpnote.Administrateur.stockEntreprise(Administrateur.java:26)
	at tpnote.Administrateur.stockEntreprise(Administrateur.java:26)
	at tpnote.Administrateur.stockEntreprise(Administrateur.java:26)
	at tpnote.Administrateur.stockEntreprise(Administrateur.java:26)
	at tpnote.Administrateur.stockEntreprise(Administrateur.java:26)
	at tpnote.Administrateur.stockEntreprise(Administrateur.java:26)
	at tpnote.Administrateur.stockEntreprise(Administrateur.java:26)
	at tpnote.Administrateur.stockEntreprise(Administrateur.java:26)
	at tpnote.Administrateur.stockEntreprise(Administrateur.java:26)
	at tpnote.Administrateur.stockEntreprise(Administrateur.java:26)
	at tpnote.Administrateur.stockEntreprise(Administrateur.java:26)
	at tpnote.Administrateur.stockEntreprise(Administrateur.java:26)
	at tpnote.Administrateur.stockEntreprise(Administrateur.java:26)
	at tpnote.Administrateur.stockEntreprise(Administrateur.java:26)
	at tpnote.Administrateur.stockEntreprise(Administrateur.java:26)
	at tpnote.Administrateur.stockEntreprise(Administrateur.java:26)
	at tpnote.Administrateur.stockEntreprise(Administrateur.java:26)
	at tpnote.Administrateur.stockEntreprise(Administrateur.java:26)
	at tpnote.Administrateur.stockEntreprise(Administrateur.java:26)
	at tpnote.Administrateur.stockEntreprise(Administrateur.java:26)
	at tpnote.Administrateur.stockEntreprise(Administrateur.java:26)
	at tpnote.Administrateur.stockEntreprise(Administrateur.java:26)
	at tpnote.Administrateur.stockEntreprise(Administrateur.java:26)
	at tpnote.Administrateur.stockEntreprise(Administrateur.java:26)
	at tpnote.Administrateur.stockEntreprise(Administrateur.java:26)
	at tpnote.Administrateur.stockEntreprise(Administrateur.java:26)
	at tpnote.Administrateur.stockEntreprise(Administrateur.java:26)
	at tpnote.Administrateur.stockEntreprise(Administrateur.java:26)
	at tpnote.Administrateur.stockEntreprise(Administrateur.java:26)
	at tpnote.Administrateur.stockEntreprise(Administrateur.java:26)
	at tpnote.Administrateur.stockEntreprise(Administrateur.java:26)
	at tpnote.Administrateur.stockEntreprise(Administrateur.java:26)
	at tpnote.Administrateur.stockEntreprise(Administrateur.java:26)
	at tpnote.Administrateur.stockEntreprise(Administrateur.java:26)
	at tpnote.Administrateur.stockEntreprise(Administrateur.java:26)
	at tpnote.Administrateur.stockEntreprise(Administrateur.java:26)
	at tpnote.Administrateur.stockEntreprise(Administrateur.java:26)
	at tpnote.Administrateur.stockEntreprise(Administrateur.java:26)
	at tpnote.Administrateur.stockEntreprise(Administrateur.java:26)
	at tpnote.Administrateur.stockEntreprise(Administrateur.java:26)
	at tpnote.Administrateur.stockEntreprise(Administrateur.java:26)
	at tpnote.Administrateur.stockEntreprise(Administrateur.java:26)
	at tpnote.Administrateur.stockEntreprise(Administrateur.java:26)
	at tpnote.Administrateur.stockEntreprise(Administrateur.java:26)
	at tpnote.Administrateur.stockEntreprise(Administrateur.java:26)
	at tpnote.Administrateur.stockEntreprise(Administrateur.java:26)
	at tpnote.Administrateur.stockEntreprise(Administrateur.java:26)
	at tpnote.Administrateur.stockEntreprise(Administrateur.java:26)
	at tpnote.Administrateur.stockEntreprise(Administrateur.java:26)
	at tpnote.Administrateur.stockEntreprise(Administrateur.java:26)
	at tpnote.Administrateur.stockEntreprise(Administrateur.java:26)
	at tpnote.Administrateur.stockEntreprise(Administrateur.java:26)
	at tpnote.Administrateur.stockEntreprise(Administrateur.java:26)
	at tpnote.Administrateur.stockEntreprise(Administrateur.java:26)
	at tpnote.Administrateur.stockEntreprise(Administrateur.java:26)
	at tpnote.Administrateur.stockEntreprise(Administrateur.java:26)
	at tpnote.Administrateur.stockEntreprise(Administrateur.java:26)
	at tpnote.Administrateur.stockEntreprise(Administrateur.java:26)
	at tpnote.Administrateur.stockEntreprise(Administrateur.java:26)
	at tpnote.Administrateur.stockEntreprise(Administrateur.java:26)
	at tpnote.Administrateur.stockEntreprise(Administrateur.java:26)
	at tpnote.Administrateur.stockEntreprise(Administrateur.java:26)
	at tpnote.Administrateur.stockEntreprise(Administrateur.java:26)
	at tpnote.Administrateur.stockEntreprise(Administrateur.java:26)
	at tpnote.Administrateur.stockEntreprise(Administrateur.java:26)
	at tpnote.Administrateur.stockEntreprise(Administrateur.java:26)
	at tpnote.Administrateur.stockEntreprise(Administrateur.java:26)
	at tpnote.Administrateur.stockEntreprise(Administrateur.java:26)
	at tpnote.Administrateur.stockEntreprise(Administrateur.java:26)
	at tpnote.Administrateur.stockEntreprise(Administrateur.java:26)
	at tpnote.Administrateur.stockEntreprise(Administrateur.java:26)
	at tpnote.Administrateur.stockEntreprise(Administrateur.java:26)
	at tpnote.Administrateur.stockEntreprise(Administrateur.java:26)
	at tpnote.Administrateur.stockEntreprise(Administrateur.java:26)
	at tpnote.Administrateur.stockEntreprise(Administrateur.java:26)
	at tpnote.Administrateur.stockEntreprise(Administrateur.java:26)
	at tpnote.Administrateur.stockEntreprise(Administrateur.java:26)
	at tpnote.Administrateur.stockEntreprise(Administrateur.java:26)
	at tpnote.Administrateur.stockEntreprise(Administrateur.java:26)
	at tpnote.Administrateur.stockEntreprise(Administrateur.java:26)
	at tpnote.Administrateur.stockEntreprise(Administrateur.java:26)
	at tpnote.Administrateur.stockEntreprise(Administrateur.java:26)
	at tpnote.Administrateur.stockEntreprise(Administrateur.java:26)
</error>
  </testcase>
  <testcase classname="tpnote.AdministrateurTest" name="transfererMateriel_envoyeurNaPasObjetTransfere" time="0.012">
    <failure message="transfererMateriel (envoyeur n&apos;a pas l&apos;objet transfÃ©rÃ©): fail expected:&lt;0&gt; but was:&lt;1&gt;" type="java.lang.AssertionError">java.lang.AssertionError: transfererMateriel (envoyeur n&apos;a pas l&apos;objet transfÃ©rÃ©): fail expected:&lt;0&gt; but was:&lt;1&gt;
	at org.junit.Assert.fail(Assert.java:88)
	at org.junit.Assert.failNotEquals(Assert.java:834)
	at org.junit.Assert.assertEquals(Assert.java:645)
	at tpnote.AdministrateurTest.transfererMateriel_envoyeurNaPasObjetTransfere(AdministrateurTest.java:98)
	at sun.reflect.NativeMethodAccessorImpl.invoke0(Native Method)
	at sun.reflect.NativeMethodAccessorImpl.invoke(NativeMethodAccessorImpl.java:62)
	at sun.reflect.DelegatingMethodAccessorImpl.invoke(DelegatingMethodAccessorImpl.java:43)
	at java.lang.reflect.Method.invoke(Method.java:497)
	at org.junit.runners.model.FrameworkMethod$1.runReflectiveCall(FrameworkMethod.java:50)
	at org.junit.internal.runners.model.ReflectiveCallable.run(ReflectiveCallable.java:12)
	at org.junit.runners.model.FrameworkMethod.invokeExplosively(FrameworkMethod.java:47)
	at org.junit.internal.runners.statements.InvokeMethod.evaluate(InvokeMethod.java:17)
	at org.junit.internal.runners.statements.RunBefores.evaluate(RunBefores.java:26)
	at org.junit.runners.ParentRunner.runLeaf(ParentRunner.java:325)
	at org.junit.runners.BlockJUnit4ClassRunner.runChild(BlockJUnit4ClassRunner.java:78)
	at org.junit.runners.BlockJUnit4ClassRunner.runChild(BlockJUnit4ClassRunner.java:57)
	at org.junit.runners.ParentRunner$3.run(ParentRunner.java:290)
	at org.junit.runners.ParentRunner$1.schedule(ParentRunner.java:71)
	at org.junit.runners.ParentRunner.runChildren(ParentRunner.java:288)
	at org.junit.runners.ParentRunner.access$000(ParentRunner.java:58)
	at org.junit.runners.ParentRunner$2.evaluate(ParentRunner.java:268)
	at org.junit.runners.ParentRunner.run(ParentRunner.java:363)
	at org.apache.maven.surefire.junit4.JUnit4Provider.execute(JUnit4Provider.java:252)
	at org.apache.maven.surefire.junit4.JUnit4Provider.executeTestSet(JUnit4Provider.java:141)
	at org.apache.maven.surefire.junit4.JUnit4Provider.invoke(JUnit4Provider.java:112)
	at sun.reflect.NativeMethodAccessorImpl.invoke0(Native Method)
	at sun.reflect.NativeMethodAccessorImpl.invoke(NativeMethodAccessorImpl.java:62)
	at sun.reflect.DelegatingMethodAccessorImpl.invoke(DelegatingMethodAccessorImpl.java:43)
	at java.lang.reflect.Method.invoke(Method.java:497)
	at org.apache.maven.surefire.util.ReflectionUtils.invokeMethodWithArray(ReflectionUtils.java:189)
	at org.apache.maven.surefire.booter.ProviderFactory$ProviderProxy.invoke(ProviderFactory.java:165)
	at org.apache.maven.surefire.booter.ProviderFactory.invokeProvider(ProviderFactory.java:85)
	at org.apache.maven.surefire.booter.ForkedBooter.runSuitesInProcess(ForkedBooter.java:115)
	at org.apache.maven.surefire.booter.ForkedBooter.main(ForkedBooter.java:75)
</failure>
  </testcase>
</testsuite>